[17-Sep-2018 19:43:29 UTC] PHP Parse error:  syntax error, unexpected 'echo' (T_ECHO), expecting ',' or ';' in /home/ubuntu/workspace/cst336/practice/p2/rps.php on line 89
[17-Sep-2018 19:44:05 UTC] PHP Warning:  array_push() expects parameter 1 to be array, null given in /home/ubuntu/workspace/cst336/practice/p2/rps.php on line 30
[17-Sep-2018 19:44:05 UTC] PHP Stack trace:
[17-Sep-2018 19:44:05 UTC] PHP   1. {main}() /home/ubuntu/workspace/cst336/practice/p2/rps.php:0
[17-Sep-2018 19:44:05 UTC] PHP   2. generate() /home/ubuntu/workspace/cst336/practice/p2/rps.php:87
[17-Sep-2018 19:44:05 UTC] PHP   3. array_push() /home/ubuntu/workspace/cst336/practice/p2/rps.php:30
[24-Sep-2018 19:13:22 UTC] PHP Warning:  imagepng(): Unable to open 'inc/charts/1537816402.7104.png' for writing: No such file or directory in /home/ubuntu/workspace/cst336/practice/p3/inc/charts.php on line 71
[24-Sep-2018 19:13:22 UTC] PHP Stack trace:
[24-Sep-2018 19:13:22 UTC] PHP   1. {main}() /home/ubuntu/workspace/cst336/practice/p3/reviews.php:0
[24-Sep-2018 19:13:22 UTC] PHP   2. movieReviews() /home/ubuntu/workspace/cst336/practice/p3/reviews.php:60
[24-Sep-2018 19:13:22 UTC] PHP   3. displayRatings() /home/ubuntu/workspace/cst336/practice/p3/reviews.php:25
[24-Sep-2018 19:13:22 UTC] PHP   4. bar_graph() /home/ubuntu/workspace/cst336/practice/p3/inc/charts.php:30
[24-Sep-2018 19:13:22 UTC] PHP   5. imagepng() /home/ubuntu/workspace/cst336/practice/p3/inc/charts.php:71
[24-Sep-2018 19:13:31 UTC] PHP Warning:  imagepng(): Unable to open 'inc/charts/1537816411.6484.png' for writing: No such file or directory in /home/ubuntu/workspace/cst336/practice/p3/inc/charts.php on line 71
[24-Sep-2018 19:13:31 UTC] PHP Stack trace:
[24-Sep-2018 19:13:31 UTC] PHP   1. {main}() /home/ubuntu/workspace/cst336/practice/p3/reviews.php:0
[24-Sep-2018 19:13:31 UTC] PHP   2. movieReviews() /home/ubuntu/workspace/cst336/practice/p3/reviews.php:60
[24-Sep-2018 19:13:31 UTC] PHP   3. displayRatings() /home/ubuntu/workspace/cst336/practice/p3/reviews.php:25
[24-Sep-2018 19:13:31 UTC] PHP   4. bar_graph() /home/ubuntu/workspace/cst336/practice/p3/inc/charts.php:30
[24-Sep-2018 19:13:31 UTC] PHP   5. imagepng() /home/ubuntu/workspace/cst336/practice/p3/inc/charts.php:71
[24-Sep-2018 19:13:32 UTC] PHP Warning:  imagepng(): Unable to open 'inc/charts/1537816412.8002.png' for writing: No such file or directory in /home/ubuntu/workspace/cst336/practice/p3/inc/charts.php on line 71
[24-Sep-2018 19:13:32 UTC] PHP Stack trace:
[24-Sep-2018 19:13:32 UTC] PHP   1. {main}() /home/ubuntu/workspace/cst336/practice/p3/reviews.php:0
[24-Sep-2018 19:13:32 UTC] PHP   2. movieReviews() /home/ubuntu/workspace/cst336/practice/p3/reviews.php:60
[24-Sep-2018 19:13:32 UTC] PHP   3. displayRatings() /home/ubuntu/workspace/cst336/practice/p3/reviews.php:25
[24-Sep-2018 19:13:32 UTC] PHP   4. bar_graph() /home/ubuntu/workspace/cst336/practice/p3/inc/charts.php:30
[24-Sep-2018 19:13:32 UTC] PHP   5. imagepng() /home/ubuntu/workspace/cst336/practice/p3/inc/charts.php:71
[24-Sep-2018 19:13:33 UTC] PHP Warning:  imagepng(): Unable to open 'inc/charts/1537816413.7735.png' for writing: No such file or directory in /home/ubuntu/workspace/cst336/practice/p3/inc/charts.php on line 71
[24-Sep-2018 19:13:33 UTC] PHP Stack trace:
[24-Sep-2018 19:13:33 UTC] PHP   1. {main}() /home/ubuntu/workspace/cst336/practice/p3/reviews.php:0
[24-Sep-2018 19:13:33 UTC] PHP   2. movieReviews() /home/ubuntu/workspace/cst336/practice/p3/reviews.php:60
[24-Sep-2018 19:13:33 UTC] PHP   3. displayRatings() /home/ubuntu/workspace/cst336/practice/p3/reviews.php:25
[24-Sep-2018 19:13:33 UTC] PHP   4. bar_graph() /home/ubuntu/workspace/cst336/practice/p3/inc/charts.php:30
[24-Sep-2018 19:13:33 UTC] PHP   5. imagepng() /home/ubuntu/workspace/cst336/practice/p3/inc/charts.php:71
[24-Sep-2018 19:13:34 UTC] PHP Warning:  imagepng(): Unable to open 'inc/charts/1537816414.4886.png' for writing: No such file or directory in /home/ubuntu/workspace/cst336/practice/p3/inc/charts.php on line 71
[24-Sep-2018 19:13:34 UTC] PHP Stack trace:
[24-Sep-2018 19:13:34 UTC] PHP   1. {main}() /home/ubuntu/workspace/cst336/practice/p3/reviews.php:0
[24-Sep-2018 19:13:34 UTC] PHP   2. movieReviews() /home/ubuntu/workspace/cst336/practice/p3/reviews.php:60
[24-Sep-2018 19:13:34 UTC] PHP   3. displayRatings() /home/ubuntu/workspace/cst336/practice/p3/reviews.php:25
[24-Sep-2018 19:13:34 UTC] PHP   4. bar_graph() /home/ubuntu/workspace/cst336/practice/p3/inc/charts.php:30
[24-Sep-2018 19:13:34 UTC] PHP   5. imagepng() /home/ubuntu/workspace/cst336/practice/p3/inc/charts.php:71
[24-Sep-2018 19:13:35 UTC] PHP Warning:  imagepng(): Unable to open 'inc/charts/1537816415.0794.png' for writing: No such file or directory in /home/ubuntu/workspace/cst336/practice/p3/inc/charts.php on line 71
[24-Sep-2018 19:13:35 UTC] PHP Stack trace:
[24-Sep-2018 19:13:35 UTC] PHP   1. {main}() /home/ubuntu/workspace/cst336/practice/p3/reviews.php:0
[24-Sep-2018 19:13:35 UTC] PHP   2. movieReviews() /home/ubuntu/workspace/cst336/practice/p3/reviews.php:60
[24-Sep-2018 19:13:35 UTC] PHP   3. displayRatings() /home/ubuntu/workspace/cst336/practice/p3/reviews.php:25
[24-Sep-2018 19:13:35 UTC] PHP   4. bar_graph() /home/ubuntu/workspace/cst336/practice/p3/inc/charts.php:30
[24-Sep-2018 19:13:35 UTC] PHP   5. imagepng() /home/ubuntu/workspace/cst336/practice/p3/inc/charts.php:71
[24-Sep-2018 19:18:07 UTC] PHP Warning:  imagepng(): Unable to open 'inc/charts/1537816687.7832.png' for writing: No such file or directory in /home/ubuntu/workspace/cst336/practice/p3/inc/charts.php on line 71
[24-Sep-2018 19:18:07 UTC] PHP Stack trace:
[24-Sep-2018 19:18:07 UTC] PHP   1. {main}() /home/ubuntu/workspace/cst336/practice/p3/reviews.php:0
[24-Sep-2018 19:18:07 UTC] PHP   2. movieReviews() /home/ubuntu/workspace/cst336/practice/p3/reviews.php:60
[24-Sep-2018 19:18:07 UTC] PHP   3. displayRatings() /home/ubuntu/workspace/cst336/practice/p3/reviews.php:25
[24-Sep-2018 19:18:07 UTC] PHP   4. bar_graph() /home/ubuntu/workspace/cst336/practice/p3/inc/charts.php:30
[24-Sep-2018 19:18:07 UTC] PHP   5. imagepng() /home/ubuntu/workspace/cst336/practice/p3/inc/charts.php:71
[24-Sep-2018 19:19:30 UTC] PHP Warning:  imagepng(): Unable to open 'inc/charts/1537816770.8718.png' for writing: No such file or directory in /home/ubuntu/workspace/cst336/practice/p3/inc/charts.php on line 71
[24-Sep-2018 19:19:30 UTC] PHP Stack trace:
[24-Sep-2018 19:19:30 UTC] PHP   1. {main}() /home/ubuntu/workspace/cst336/practice/p3/reviews.php:0
[24-Sep-2018 19:19:30 UTC] PHP   2. movieReviews() /home/ubuntu/workspace/cst336/practice/p3/reviews.php:60
[24-Sep-2018 19:19:30 UTC] PHP   3. createRandom() /home/ubuntu/workspace/cst336/practice/p3/reviews.php:15
[24-Sep-2018 19:19:30 UTC] PHP   4. displayRatings() /home/ubuntu/workspace/cst336/practice/p3/inc/charts.php:99
[24-Sep-2018 19:19:30 UTC] PHP   5. bar_graph() /home/ubuntu/workspace/cst336/practice/p3/inc/charts.php:30
[24-Sep-2018 19:19:30 UTC] PHP   6. imagepng() /home/ubuntu/workspace/cst336/practice/p3/inc/charts.php:71
[24-Sep-2018 19:19:30 UTC] PHP Warning:  imagepng(): Unable to open 'inc/charts/1537816770.8805.png' for writing: No such file or directory in /home/ubuntu/workspace/cst336/practice/p3/inc/charts.php on line 71
[24-Sep-2018 19:19:30 UTC] PHP Stack trace:
[24-Sep-2018 19:19:30 UTC] PHP   1. {main}() /home/ubuntu/workspace/cst336/practice/p3/reviews.php:0
[24-Sep-2018 19:19:30 UTC] PHP   2. movieReviews() /home/ubuntu/workspace/cst336/practice/p3/reviews.php:60
[24-Sep-2018 19:19:30 UTC] PHP   3. createRandom() /home/ubuntu/workspace/cst336/practice/p3/reviews.php:15
[24-Sep-2018 19:19:30 UTC] PHP   4. displayRatings() /home/ubuntu/workspace/cst336/practice/p3/inc/charts.php:99
[24-Sep-2018 19:19:30 UTC] PHP   5. bar_graph() /home/ubuntu/workspace/cst336/practice/p3/inc/charts.php:30
[24-Sep-2018 19:19:30 UTC] PHP   6. imagepng() /home/ubuntu/workspace/cst336/practice/p3/inc/charts.php:71
[24-Sep-2018 19:19:30 UTC] PHP Warning:  imagepng(): Unable to open 'inc/charts/1537816770.881.png' for writing: No such file or directory in /home/ubuntu/workspace/cst336/practice/p3/inc/charts.php on line 71
[24-Sep-2018 19:19:30 UTC] PHP Stack trace:
[24-Sep-2018 19:19:30 UTC] PHP   1. {main}() /home/ubuntu/workspace/cst336/practice/p3/reviews.php:0
[24-Sep-2018 19:19:30 UTC] PHP   2. movieReviews() /home/ubuntu/workspace/cst336/practice/p3/reviews.php:60
[24-Sep-2018 19:19:30 UTC] PHP   3. createRandom() /home/ubuntu/workspace/cst336/practice/p3/reviews.php:15
[24-Sep-2018 19:19:30 UTC] PHP   4. displayRatings() /home/ubuntu/workspace/cst336/practice/p3/inc/charts.php:99
[24-Sep-2018 19:19:30 UTC] PHP   5. bar_graph() /home/ubuntu/workspace/cst336/practice/p3/inc/charts.php:30
[24-Sep-2018 19:19:30 UTC] PHP   6. imagepng() /home/ubuntu/workspace/cst336/practice/p3/inc/charts.php:71
[24-Sep-2018 19:19:30 UTC] PHP Warning:  imagepng(): Unable to open 'inc/charts/1537816770.8815.png' for writing: No such file or directory in /home/ubuntu/workspace/cst336/practice/p3/inc/charts.php on line 71
[24-Sep-2018 19:19:30 UTC] PHP Stack trace:
[24-Sep-2018 19:19:30 UTC] PHP   1. {main}() /home/ubuntu/workspace/cst336/practice/p3/reviews.php:0
[24-Sep-2018 19:19:30 UTC] PHP   2. movieReviews() /home/ubuntu/workspace/cst336/practice/p3/reviews.php:60
[24-Sep-2018 19:19:30 UTC] PHP   3. createRandom() /home/ubuntu/workspace/cst336/practice/p3/reviews.php:15
[24-Sep-2018 19:19:30 UTC] PHP   4. displayRatings() /home/ubuntu/workspace/cst336/practice/p3/inc/charts.php:99
[24-Sep-2018 19:19:30 UTC] PHP   5. bar_graph() /home/ubuntu/workspace/cst336/practice/p3/inc/charts.php:30
[24-Sep-2018 19:19:30 UTC] PHP   6. imagepng() /home/ubuntu/workspace/cst336/practice/p3/inc/charts.php:71
[24-Sep-2018 19:20:48 UTC] PHP Warning:  imagepng(): Unable to open 'inc/charts/1537816848.7311.png' for writing: No such file or directory in /home/ubuntu/workspace/cst336/practice/p3/inc/charts.php on line 71
[24-Sep-2018 19:20:48 UTC] PHP Stack trace:
[24-Sep-2018 19:20:48 UTC] PHP   1. {main}() /home/ubuntu/workspace/cst336/practice/p3/reviews.php:0
[24-Sep-2018 19:20:48 UTC] PHP   2. movieReviews() /home/ubuntu/workspace/cst336/practice/p3/reviews.php:60
[24-Sep-2018 19:20:48 UTC] PHP   3. createRandom() /home/ubuntu/workspace/cst336/practice/p3/reviews.php:15
[24-Sep-2018 19:20:48 UTC] PHP   4. displayRatings() /home/ubuntu/workspace/cst336/practice/p3/inc/charts.php:99
[24-Sep-2018 19:20:48 UTC] PHP   5. bar_graph() /home/ubuntu/workspace/cst336/practice/p3/inc/charts.php:30
[24-Sep-2018 19:20:48 UTC] PHP   6. imagepng() /home/ubuntu/workspace/cst336/practice/p3/inc/charts.php:71
[24-Sep-2018 19:20:48 UTC] PHP Warning:  imagepng(): Unable to open 'inc/charts/1537816848.7412.png' for writing: No such file or directory in /home/ubuntu/workspace/cst336/practice/p3/inc/charts.php on line 71
[24-Sep-2018 19:20:48 UTC] PHP Stack trace:
[24-Sep-2018 19:20:48 UTC] PHP   1. {main}() /home/ubuntu/workspace/cst336/practice/p3/reviews.php:0
[24-Sep-2018 19:20:48 UTC] PHP   2. movieReviews() /home/ubuntu/workspace/cst336/practice/p3/reviews.php:60
[24-Sep-2018 19:20:48 UTC] PHP   3. createRandom() /home/ubuntu/workspace/cst336/practice/p3/reviews.php:15
[24-Sep-2018 19:20:48 UTC] PHP   4. displayRatings() /home/ubuntu/workspace/cst336/practice/p3/inc/charts.php:99
[24-Sep-2018 19:20:48 UTC] PHP   5. bar_graph() /home/ubuntu/workspace/cst336/practice/p3/inc/charts.php:30
[24-Sep-2018 19:20:48 UTC] PHP   6. imagepng() /home/ubuntu/workspace/cst336/practice/p3/inc/charts.php:71
[24-Sep-2018 19:20:48 UTC] PHP Warning:  imagepng(): Unable to open 'inc/charts/1537816848.7417.png' for writing: No such file or directory in /home/ubuntu/workspace/cst336/practice/p3/inc/charts.php on line 71
[24-Sep-2018 19:20:48 UTC] PHP Stack trace:
[24-Sep-2018 19:20:48 UTC] PHP   1. {main}() /home/ubuntu/workspace/cst336/practice/p3/reviews.php:0
[24-Sep-2018 19:20:48 UTC] PHP   2. movieReviews() /home/ubuntu/workspace/cst336/practice/p3/reviews.php:60
[24-Sep-2018 19:20:48 UTC] PHP   3. createRandom() /home/ubuntu/workspace/cst336/practice/p3/reviews.php:15
[24-Sep-2018 19:20:48 UTC] PHP   4. displayRatings() /home/ubuntu/workspace/cst336/practice/p3/inc/charts.php:99
[24-Sep-2018 19:20:48 UTC] PHP   5. bar_graph() /home/ubuntu/workspace/cst336/practice/p3/inc/charts.php:30
[24-Sep-2018 19:20:48 UTC] PHP   6. imagepng() /home/ubuntu/workspace/cst336/practice/p3/inc/charts.php:71
[24-Sep-2018 19:20:48 UTC] PHP Warning:  imagepng(): Unable to open 'inc/charts/1537816848.7421.png' for writing: No such file or directory in /home/ubuntu/workspace/cst336/practice/p3/inc/charts.php on line 71
[24-Sep-2018 19:20:48 UTC] PHP Stack trace:
[24-Sep-2018 19:20:48 UTC] PHP   1. {main}() /home/ubuntu/workspace/cst336/practice/p3/reviews.php:0
[24-Sep-2018 19:20:48 UTC] PHP   2. movieReviews() /home/ubuntu/workspace/cst336/practice/p3/reviews.php:60
[24-Sep-2018 19:20:48 UTC] PHP   3. createRandom() /home/ubuntu/workspace/cst336/practice/p3/reviews.php:15
[24-Sep-2018 19:20:48 UTC] PHP   4. displayRatings() /home/ubuntu/workspace/cst336/practice/p3/inc/charts.php:99
[24-Sep-2018 19:20:48 UTC] PHP   5. bar_graph() /home/ubuntu/workspace/cst336/practice/p3/inc/charts.php:30
[24-Sep-2018 19:20:48 UTC] PHP   6. imagepng() /home/ubuntu/workspace/cst336/practice/p3/inc/charts.php:71
[24-Sep-2018 19:21:08 UTC] PHP Warning:  imagepng(): Unable to open 'inc/charts/1537816868.6579.png' for writing: No such file or directory in /home/ubuntu/workspace/cst336/practice/p3/inc/charts.php on line 71
[24-Sep-2018 19:21:08 UTC] PHP Stack trace:
[24-Sep-2018 19:21:08 UTC] PHP   1. {main}() /home/ubuntu/workspace/cst336/practice/p3/reviews.php:0
[24-Sep-2018 19:21:08 UTC] PHP   2. movieReviews() /home/ubuntu/workspace/cst336/practice/p3/reviews.php:60
[24-Sep-2018 19:21:08 UTC] PHP   3. createRandom() /home/ubuntu/workspace/cst336/practice/p3/reviews.php:15
[24-Sep-2018 19:21:08 UTC] PHP   4. displayRatings() /home/ubuntu/workspace/cst336/practice/p3/inc/charts.php:99
[24-Sep-2018 19:21:08 UTC] PHP   5. bar_graph() /home/ubuntu/workspace/cst336/practice/p3/inc/charts.php:30
[24-Sep-2018 19:21:08 UTC] PHP   6. imagepng() /home/ubuntu/workspace/cst336/practice/p3/inc/charts.php:71
[24-Sep-2018 19:21:08 UTC] PHP Warning:  imagepng(): Unable to open 'inc/charts/1537816868.6669.png' for writing: No such file or directory in /home/ubuntu/workspace/cst336/practice/p3/inc/charts.php on line 71
[24-Sep-2018 19:21:08 UTC] PHP Stack trace:
[24-Sep-2018 19:21:08 UTC] PHP   1. {main}() /home/ubuntu/workspace/cst336/practice/p3/reviews.php:0
[24-Sep-2018 19:21:08 UTC] PHP   2. movieReviews() /home/ubuntu/workspace/cst336/practice/p3/reviews.php:60
[24-Sep-2018 19:21:08 UTC] PHP   3. createRandom() /home/ubuntu/workspace/cst336/practice/p3/reviews.php:15
[24-Sep-2018 19:21:08 UTC] PHP   4. displayRatings() /home/ubuntu/workspace/cst336/practice/p3/inc/charts.php:99
[24-Sep-2018 19:21:08 UTC] PHP   5. bar_graph() /home/ubuntu/workspace/cst336/practice/p3/inc/charts.php:30
[24-Sep-2018 19:21:08 UTC] PHP   6. imagepng() /home/ubuntu/workspace/cst336/practice/p3/inc/charts.php:71
[24-Sep-2018 19:21:08 UTC] PHP Warning:  imagepng(): Unable to open 'inc/charts/1537816868.6674.png' for writing: No such file or directory in /home/ubuntu/workspace/cst336/practice/p3/inc/charts.php on line 71
[24-Sep-2018 19:21:08 UTC] PHP Stack trace:
[24-Sep-2018 19:21:08 UTC] PHP   1. {main}() /home/ubuntu/workspace/cst336/practice/p3/reviews.php:0
[24-Sep-2018 19:21:08 UTC] PHP   2. movieReviews() /home/ubuntu/workspace/cst336/practice/p3/reviews.php:60
[24-Sep-2018 19:21:08 UTC] PHP   3. createRandom() /home/ubuntu/workspace/cst336/practice/p3/reviews.php:15
[24-Sep-2018 19:21:08 UTC] PHP   4. displayRatings() /home/ubuntu/workspace/cst336/practice/p3/inc/charts.php:99
[24-Sep-2018 19:21:08 UTC] PHP   5. bar_graph() /home/ubuntu/workspace/cst336/practice/p3/inc/charts.php:30
[24-Sep-2018 19:21:08 UTC] PHP   6. imagepng() /home/ubuntu/workspace/cst336/practice/p3/inc/charts.php:71
[24-Sep-2018 19:21:08 UTC] PHP Warning:  imagepng(): Unable to open 'inc/charts/1537816868.6678.png' for writing: No such file or directory in /home/ubuntu/workspace/cst336/practice/p3/inc/charts.php on line 71
[24-Sep-2018 19:21:08 UTC] PHP Stack trace:
[24-Sep-2018 19:21:08 UTC] PHP   1. {main}() /home/ubuntu/workspace/cst336/practice/p3/reviews.php:0
[24-Sep-2018 19:21:08 UTC] PHP   2. movieReviews() /home/ubuntu/workspace/cst336/practice/p3/reviews.php:60
[24-Sep-2018 19:21:08 UTC] PHP   3. createRandom() /home/ubuntu/workspace/cst336/practice/p3/reviews.php:15
[24-Sep-2018 19:21:08 UTC] PHP   4. displayRatings() /home/ubuntu/workspace/cst336/practice/p3/inc/charts.php:99
[24-Sep-2018 19:21:08 UTC] PHP   5. bar_graph() /home/ubuntu/workspace/cst336/practice/p3/inc/charts.php:30
[24-Sep-2018 19:21:08 UTC] PHP   6. imagepng() /home/ubuntu/workspace/cst336/practice/p3/inc/charts.php:71
[24-Sep-2018 19:22:11 UTC] PHP Warning:  imagepng(): Unable to open 'inc/charts/1537816931.5038.png' for writing: No such file or directory in /home/ubuntu/workspace/cst336/practice/p3/inc/charts.php on line 71
[24-Sep-2018 19:22:11 UTC] PHP Stack trace:
[24-Sep-2018 19:22:11 UTC] PHP   1. {main}() /home/ubuntu/workspace/cst336/practice/p3/reviews.php:0
[24-Sep-2018 19:22:11 UTC] PHP   2. movieReviews() /home/ubuntu/workspace/cst336/practice/p3/reviews.php:60
[24-Sep-2018 19:22:11 UTC] PHP   3. createRandom() /home/ubuntu/workspace/cst336/practice/p3/reviews.php:15
[24-Sep-2018 19:22:11 UTC] PHP   4. displayRatings() /home/ubuntu/workspace/cst336/practice/p3/inc/charts.php:99
[24-Sep-2018 19:22:11 UTC] PHP   5. bar_graph() /home/ubuntu/workspace/cst336/practice/p3/inc/charts.php:30
[24-Sep-2018 19:22:11 UTC] PHP   6. imagepng() /home/ubuntu/workspace/cst336/practice/p3/inc/charts.php:71
[24-Sep-2018 19:22:11 UTC] PHP Warning:  imagepng(): Unable to open 'inc/charts/1537816931.5044.png' for writing: No such file or directory in /home/ubuntu/workspace/cst336/practice/p3/inc/charts.php on line 71
[24-Sep-2018 19:22:11 UTC] PHP Stack trace:
[24-Sep-2018 19:22:11 UTC] PHP   1. {main}() /home/ubuntu/workspace/cst336/practice/p3/reviews.php:0
[24-Sep-2018 19:22:11 UTC] PHP   2. movieReviews() /home/ubuntu/workspace/cst336/practice/p3/reviews.php:60
[24-Sep-2018 19:22:11 UTC] PHP   3. createRandom() /home/ubuntu/workspace/cst336/practice/p3/reviews.php:15
[24-Sep-2018 19:22:11 UTC] PHP   4. displayRatings() /home/ubuntu/workspace/cst336/practice/p3/inc/charts.php:99
[24-Sep-2018 19:22:11 UTC] PHP   5. bar_graph() /home/ubuntu/workspace/cst336/practice/p3/inc/charts.php:30
[24-Sep-2018 19:22:11 UTC] PHP   6. imagepng() /home/ubuntu/workspace/cst336/practice/p3/inc/charts.php:71
[24-Sep-2018 19:22:11 UTC] PHP Warning:  imagepng(): Unable to open 'inc/charts/1537816931.5048.png' for writing: No such file or directory in /home/ubuntu/workspace/cst336/practice/p3/inc/charts.php on line 71
[24-Sep-2018 19:22:11 UTC] PHP Stack trace:
[24-Sep-2018 19:22:11 UTC] PHP   1. {main}() /home/ubuntu/workspace/cst336/practice/p3/reviews.php:0
[24-Sep-2018 19:22:11 UTC] PHP   2. movieReviews() /home/ubuntu/workspace/cst336/practice/p3/reviews.php:60
[24-Sep-2018 19:22:11 UTC] PHP   3. createRandom() /home/ubuntu/workspace/cst336/practice/p3/reviews.php:15
[24-Sep-2018 19:22:11 UTC] PHP   4. displayRatings() /home/ubuntu/workspace/cst336/practice/p3/inc/charts.php:99
[24-Sep-2018 19:22:11 UTC] PHP   5. bar_graph() /home/ubuntu/workspace/cst336/practice/p3/inc/charts.php:30
[24-Sep-2018 19:22:11 UTC] PHP   6. imagepng() /home/ubuntu/workspace/cst336/practice/p3/inc/charts.php:71
[24-Sep-2018 19:22:11 UTC] PHP Warning:  imagepng(): Unable to open 'inc/charts/1537816931.5052.png' for writing: No such file or directory in /home/ubuntu/workspace/cst336/practice/p3/inc/charts.php on line 71
[24-Sep-2018 19:22:11 UTC] PHP Stack trace:
[24-Sep-2018 19:22:11 UTC] PHP   1. {main}() /home/ubuntu/workspace/cst336/practice/p3/reviews.php:0
[24-Sep-2018 19:22:11 UTC] PHP   2. movieReviews() /home/ubuntu/workspace/cst336/practice/p3/reviews.php:60
[24-Sep-2018 19:22:11 UTC] PHP   3. createRandom() /home/ubuntu/workspace/cst336/practice/p3/reviews.php:15
[24-Sep-2018 19:22:11 UTC] PHP   4. displayRatings() /home/ubuntu/workspace/cst336/practice/p3/inc/charts.php:99
[24-Sep-2018 19:22:11 UTC] PHP   5. bar_graph() /home/ubuntu/workspace/cst336/practice/p3/inc/charts.php:30
[24-Sep-2018 19:22:11 UTC] PHP   6. imagepng() /home/ubuntu/workspace/cst336/practice/p3/inc/charts.php:71
[24-Sep-2018 19:22:17 UTC] PHP Warning:  imagepng(): Unable to open 'inc/charts/1537816937.2736.png' for writing: No such file or directory in /home/ubuntu/workspace/cst336/practice/p3/inc/charts.php on line 71
[24-Sep-2018 19:22:17 UTC] PHP Stack trace:
[24-Sep-2018 19:22:17 UTC] PHP   1. {main}() /home/ubuntu/workspace/cst336/practice/p3/reviews.php:0
[24-Sep-2018 19:22:17 UTC] PHP   2. movieReviews() /home/ubuntu/workspace/cst336/practice/p3/reviews.php:60
[24-Sep-2018 19:22:17 UTC] PHP   3. createRandom() /home/ubuntu/workspace/cst336/practice/p3/reviews.php:15
[24-Sep-2018 19:22:17 UTC] PHP   4. displayRatings() /home/ubuntu/workspace/cst336/practice/p3/inc/charts.php:99
[24-Sep-2018 19:22:17 UTC] PHP   5. bar_graph() /home/ubuntu/workspace/cst336/practice/p3/inc/charts.php:30
[24-Sep-2018 19:22:17 UTC] PHP   6. imagepng() /home/ubuntu/workspace/cst336/practice/p3/inc/charts.php:71
[24-Sep-2018 19:22:17 UTC] PHP Warning:  imagepng(): Unable to open 'inc/charts/1537816937.2861.png' for writing: No such file or directory in /home/ubuntu/workspace/cst336/practice/p3/inc/charts.php on line 71
[24-Sep-2018 19:22:17 UTC] PHP Stack trace:
[24-Sep-2018 19:22:17 UTC] PHP   1. {main}() /home/ubuntu/workspace/cst336/practice/p3/reviews.php:0
[24-Sep-2018 19:22:17 UTC] PHP   2. movieReviews() /home/ubuntu/workspace/cst336/practice/p3/reviews.php:60
[24-Sep-2018 19:22:17 UTC] PHP   3. createRandom() /home/ubuntu/workspace/cst336/practice/p3/reviews.php:15
[24-Sep-2018 19:22:17 UTC] PHP   4. displayRatings() /home/ubuntu/workspace/cst336/practice/p3/inc/charts.php:99
[24-Sep-2018 19:22:17 UTC] PHP   5. bar_graph() /home/ubuntu/workspace/cst336/practice/p3/inc/charts.php:30
[24-Sep-2018 19:22:17 UTC] PHP   6. imagepng() /home/ubuntu/workspace/cst336/practice/p3/inc/charts.php:71
[24-Sep-2018 19:22:17 UTC] PHP Warning:  imagepng(): Unable to open 'inc/charts/1537816937.2866.png' for writing: No such file or directory in /home/ubuntu/workspace/cst336/practice/p3/inc/charts.php on line 71
[24-Sep-2018 19:22:17 UTC] PHP Stack trace:
[24-Sep-2018 19:22:17 UTC] PHP   1. {main}() /home/ubuntu/workspace/cst336/practice/p3/reviews.php:0
[24-Sep-2018 19:22:17 UTC] PHP   2. movieReviews() /home/ubuntu/workspace/cst336/practice/p3/reviews.php:60
[24-Sep-2018 19:22:17 UTC] PHP   3. createRandom() /home/ubuntu/workspace/cst336/practice/p3/reviews.php:15
[24-Sep-2018 19:22:17 UTC] PHP   4. displayRatings() /home/ubuntu/workspace/cst336/practice/p3/inc/charts.php:99
[24-Sep-2018 19:22:17 UTC] PHP   5. bar_graph() /home/ubuntu/workspace/cst336/practice/p3/inc/charts.php:30
[24-Sep-2018 19:22:17 UTC] PHP   6. imagepng() /home/ubuntu/workspace/cst336/practice/p3/inc/charts.php:71
[24-Sep-2018 19:22:17 UTC] PHP Warning:  imagepng(): Unable to open 'inc/charts/1537816937.2872.png' for writing: No such file or directory in /home/ubuntu/workspace/cst336/practice/p3/inc/charts.php on line 71
[24-Sep-2018 19:22:17 UTC] PHP Stack trace:
[24-Sep-2018 19:22:17 UTC] PHP   1. {main}() /home/ubuntu/workspace/cst336/practice/p3/reviews.php:0
[24-Sep-2018 19:22:17 UTC] PHP   2. movieReviews() /home/ubuntu/workspace/cst336/practice/p3/reviews.php:60
[24-Sep-2018 19:22:17 UTC] PHP   3. createRandom() /home/ubuntu/workspace/cst336/practice/p3/reviews.php:15
[24-Sep-2018 19:22:17 UTC] PHP   4. displayRatings() /home/ubuntu/workspace/cst336/practice/p3/inc/charts.php:99
[24-Sep-2018 19:22:17 UTC] PHP   5. bar_graph() /home/ubuntu/workspace/cst336/practice/p3/inc/charts.php:30
[24-Sep-2018 19:22:17 UTC] PHP   6. imagepng() /home/ubuntu/workspace/cst336/practice/p3/inc/charts.php:71
[24-Sep-2018 19:22:22 UTC] PHP Warning:  imagepng(): Unable to open 'inc/charts/1537816942.4164.png' for writing: No such file or directory in /home/ubuntu/workspace/cst336/practice/p3/inc/charts.php on line 71
[24-Sep-2018 19:22:22 UTC] PHP Stack trace:
[24-Sep-2018 19:22:22 UTC] PHP   1. {main}() /home/ubuntu/workspace/cst336/practice/p3/reviews.php:0
[24-Sep-2018 19:22:22 UTC] PHP   2. movieReviews() /home/ubuntu/workspace/cst336/practice/p3/reviews.php:60
[24-Sep-2018 19:22:22 UTC] PHP   3. createRandom() /home/ubuntu/workspace/cst336/practice/p3/reviews.php:15
[24-Sep-2018 19:22:22 UTC] PHP   4. displayRatings() /home/ubuntu/workspace/cst336/practice/p3/inc/charts.php:99
[24-Sep-2018 19:22:22 UTC] PHP   5. bar_graph() /home/ubuntu/workspace/cst336/practice/p3/inc/charts.php:30
[24-Sep-2018 19:22:22 UTC] PHP   6. imagepng() /home/ubuntu/workspace/cst336/practice/p3/inc/charts.php:71
[24-Sep-2018 19:22:22 UTC] PHP Warning:  imagepng(): Unable to open 'inc/charts/1537816942.417.png' for writing: No such file or directory in /home/ubuntu/workspace/cst336/practice/p3/inc/charts.php on line 71
[24-Sep-2018 19:22:22 UTC] PHP Stack trace:
[24-Sep-2018 19:22:22 UTC] PHP   1. {main}() /home/ubuntu/workspace/cst336/practice/p3/reviews.php:0
[24-Sep-2018 19:22:22 UTC] PHP   2. movieReviews() /home/ubuntu/workspace/cst336/practice/p3/reviews.php:60
[24-Sep-2018 19:22:22 UTC] PHP   3. createRandom() /home/ubuntu/workspace/cst336/practice/p3/reviews.php:15
[24-Sep-2018 19:22:22 UTC] PHP   4. displayRatings() /home/ubuntu/workspace/cst336/practice/p3/inc/charts.php:99
[24-Sep-2018 19:22:22 UTC] PHP   5. bar_graph() /home/ubuntu/workspace/cst336/practice/p3/inc/charts.php:30
[24-Sep-2018 19:22:22 UTC] PHP   6. imagepng() /home/ubuntu/workspace/cst336/practice/p3/inc/charts.php:71
[24-Sep-2018 19:22:22 UTC] PHP Warning:  imagepng(): Unable to open 'inc/charts/1537816942.4175.png' for writing: No such file or directory in /home/ubuntu/workspace/cst336/practice/p3/inc/charts.php on line 71
[24-Sep-2018 19:22:22 UTC] PHP Stack trace:
[24-Sep-2018 19:22:22 UTC] PHP   1. {main}() /home/ubuntu/workspace/cst336/practice/p3/reviews.php:0
[24-Sep-2018 19:22:22 UTC] PHP   2. movieReviews() /home/ubuntu/workspace/cst336/practice/p3/reviews.php:60
[24-Sep-2018 19:22:22 UTC] PHP   3. createRandom() /home/ubuntu/workspace/cst336/practice/p3/reviews.php:15
[24-Sep-2018 19:22:22 UTC] PHP   4. displayRatings() /home/ubuntu/workspace/cst336/practice/p3/inc/charts.php:99
[24-Sep-2018 19:22:22 UTC] PHP   5. bar_graph() /home/ubuntu/workspace/cst336/practice/p3/inc/charts.php:30
[24-Sep-2018 19:22:22 UTC] PHP   6. imagepng() /home/ubuntu/workspace/cst336/practice/p3/inc/charts.php:71
[24-Sep-2018 19:22:22 UTC] PHP Warning:  imagepng(): Unable to open 'inc/charts/1537816942.418.png' for writing: No such file or directory in /home/ubuntu/workspace/cst336/practice/p3/inc/charts.php on line 71
[24-Sep-2018 19:22:22 UTC] PHP Stack trace:
[24-Sep-2018 19:22:22 UTC] PHP   1. {main}() /home/ubuntu/workspace/cst336/practice/p3/reviews.php:0
[24-Sep-2018 19:22:22 UTC] PHP   2. movieReviews() /home/ubuntu/workspace/cst336/practice/p3/reviews.php:60
[24-Sep-2018 19:22:22 UTC] PHP   3. createRandom() /home/ubuntu/workspace/cst336/practice/p3/reviews.php:15
[24-Sep-2018 19:22:22 UTC] PHP   4. displayRatings() /home/ubuntu/workspace/cst336/practice/p3/inc/charts.php:99
[24-Sep-2018 19:22:22 UTC] PHP   5. bar_graph() /home/ubuntu/workspace/cst336/practice/p3/inc/charts.php:30
[24-Sep-2018 19:22:22 UTC] PHP   6. imagepng() /home/ubuntu/workspace/cst336/practice/p3/inc/charts.php:71
[24-Sep-2018 19:22:23 UTC] PHP Warning:  imagepng(): Unable to open 'inc/charts/1537816943.3995.png' for writing: No such file or directory in /home/ubuntu/workspace/cst336/practice/p3/inc/charts.php on line 71
[24-Sep-2018 19:22:23 UTC] PHP Stack trace:
[24-Sep-2018 19:22:23 UTC] PHP   1. {main}() /home/ubuntu/workspace/cst336/practice/p3/reviews.php:0
[24-Sep-2018 19:22:23 UTC] PHP   2. movieReviews() /home/ubuntu/workspace/cst336/practice/p3/reviews.php:60
[24-Sep-2018 19:22:23 UTC] PHP   3. createRandom() /home/ubuntu/workspace/cst336/practice/p3/reviews.php:15
[24-Sep-2018 19:22:23 UTC] PHP   4. displayRatings() /home/ubuntu/workspace/cst336/practice/p3/inc/charts.php:99
[24-Sep-2018 19:22:23 UTC] PHP   5. bar_graph() /home/ubuntu/workspace/cst336/practice/p3/inc/charts.php:30
[24-Sep-2018 19:22:23 UTC] PHP   6. imagepng() /home/ubuntu/workspace/cst336/practice/p3/inc/charts.php:71
[24-Sep-2018 19:22:23 UTC] PHP Warning:  imagepng(): Unable to open 'inc/charts/1537816943.4084.png' for writing: No such file or directory in /home/ubuntu/workspace/cst336/practice/p3/inc/charts.php on line 71
[24-Sep-2018 19:22:23 UTC] PHP Stack trace:
[24-Sep-2018 19:22:23 UTC] PHP   1. {main}() /home/ubuntu/workspace/cst336/practice/p3/reviews.php:0
[24-Sep-2018 19:22:23 UTC] PHP   2. movieReviews() /home/ubuntu/workspace/cst336/practice/p3/reviews.php:60
[24-Sep-2018 19:22:23 UTC] PHP   3. createRandom() /home/ubuntu/workspace/cst336/practice/p3/reviews.php:15
[24-Sep-2018 19:22:23 UTC] PHP   4. displayRatings() /home/ubuntu/workspace/cst336/practice/p3/inc/charts.php:99
[24-Sep-2018 19:22:23 UTC] PHP   5. bar_graph() /home/ubuntu/workspace/cst336/practice/p3/inc/charts.php:30
[24-Sep-2018 19:22:23 UTC] PHP   6. imagepng() /home/ubuntu/workspace/cst336/practice/p3/inc/charts.php:71
[24-Sep-2018 19:22:23 UTC] PHP Warning:  imagepng(): Unable to open 'inc/charts/1537816943.4088.png' for writing: No such file or directory in /home/ubuntu/workspace/cst336/practice/p3/inc/charts.php on line 71
[24-Sep-2018 19:22:23 UTC] PHP Stack trace:
[24-Sep-2018 19:22:23 UTC] PHP   1. {main}() /home/ubuntu/workspace/cst336/practice/p3/reviews.php:0
[24-Sep-2018 19:22:23 UTC] PHP   2. movieReviews() /home/ubuntu/workspace/cst336/practice/p3/reviews.php:60
[24-Sep-2018 19:22:23 UTC] PHP   3. createRandom() /home/ubuntu/workspace/cst336/practice/p3/reviews.php:15
[24-Sep-2018 19:22:23 UTC] PHP   4. displayRatings() /home/ubuntu/workspace/cst336/practice/p3/inc/charts.php:99
[24-Sep-2018 19:22:23 UTC] PHP   5. bar_graph() /home/ubuntu/workspace/cst336/practice/p3/inc/charts.php:30
[24-Sep-2018 19:22:23 UTC] PHP   6. imagepng() /home/ubuntu/workspace/cst336/practice/p3/inc/charts.php:71
[24-Sep-2018 19:22:23 UTC] PHP Warning:  imagepng(): Unable to open 'inc/charts/1537816943.4092.png' for writing: No such file or directory in /home/ubuntu/workspace/cst336/practice/p3/inc/charts.php on line 71
[24-Sep-2018 19:22:23 UTC] PHP Stack trace:
[24-Sep-2018 19:22:23 UTC] PHP   1. {main}() /home/ubuntu/workspace/cst336/practice/p3/reviews.php:0
[24-Sep-2018 19:22:23 UTC] PHP   2. movieReviews() /home/ubuntu/workspace/cst336/practice/p3/reviews.php:60
[24-Sep-2018 19:22:23 UTC] PHP   3. createRandom() /home/ubuntu/workspace/cst336/practice/p3/reviews.php:15
[24-Sep-2018 19:22:23 UTC] PHP   4. displayRatings() /home/ubuntu/workspace/cst336/practice/p3/inc/charts.php:99
[24-Sep-2018 19:22:23 UTC] PHP   5. bar_graph() /home/ubuntu/workspace/cst336/practice/p3/inc/charts.php:30
[24-Sep-2018 19:22:23 UTC] PHP   6. imagepng() /home/ubuntu/workspace/cst336/practice/p3/inc/charts.php:71
[24-Sep-2018 19:22:24 UTC] PHP Warning:  imagepng(): Unable to open 'inc/charts/1537816944.6052.png' for writing: No such file or directory in /home/ubuntu/workspace/cst336/practice/p3/inc/charts.php on line 71
[24-Sep-2018 19:22:24 UTC] PHP Stack trace:
[24-Sep-2018 19:22:24 UTC] PHP   1. {main}() /home/ubuntu/workspace/cst336/practice/p3/reviews.php:0
[24-Sep-2018 19:22:24 UTC] PHP   2. movieReviews() /home/ubuntu/workspace/cst336/practice/p3/reviews.php:60
[24-Sep-2018 19:22:24 UTC] PHP   3. createRandom() /home/ubuntu/workspace/cst336/practice/p3/reviews.php:15
[24-Sep-2018 19:22:24 UTC] PHP   4. displayRatings() /home/ubuntu/workspace/cst336/practice/p3/inc/charts.php:99
[24-Sep-2018 19:22:24 UTC] PHP   5. bar_graph() /home/ubuntu/workspace/cst336/practice/p3/inc/charts.php:30
[24-Sep-2018 19:22:24 UTC] PHP   6. imagepng() /home/ubuntu/workspace/cst336/practice/p3/inc/charts.php:71
[24-Sep-2018 19:22:24 UTC] PHP Warning:  imagepng(): Unable to open 'inc/charts/1537816944.6061.png' for writing: No such file or directory in /home/ubuntu/workspace/cst336/practice/p3/inc/charts.php on line 71
[24-Sep-2018 19:22:24 UTC] PHP Stack trace:
[24-Sep-2018 19:22:24 UTC] PHP   1. {main}() /home/ubuntu/workspace/cst336/practice/p3/reviews.php:0
[24-Sep-2018 19:22:24 UTC] PHP   2. movieReviews() /home/ubuntu/workspace/cst336/practice/p3/reviews.php:60
[24-Sep-2018 19:22:24 UTC] PHP   3. createRandom() /home/ubuntu/workspace/cst336/practice/p3/reviews.php:15
[24-Sep-2018 19:22:24 UTC] PHP   4. displayRatings() /home/ubuntu/workspace/cst336/practice/p3/inc/charts.php:99
[24-Sep-2018 19:22:24 UTC] PHP   5. bar_graph() /home/ubuntu/workspace/cst336/practice/p3/inc/charts.php:30
[24-Sep-2018 19:22:24 UTC] PHP   6. imagepng() /home/ubuntu/workspace/cst336/practice/p3/inc/charts.php:71
[24-Sep-2018 19:22:24 UTC] PHP Warning:  imagepng(): Unable to open 'inc/charts/1537816944.6067.png' for writing: No such file or directory in /home/ubuntu/workspace/cst336/practice/p3/inc/charts.php on line 71
[24-Sep-2018 19:22:24 UTC] PHP Stack trace:
[24-Sep-2018 19:22:24 UTC] PHP   1. {main}() /home/ubuntu/workspace/cst336/practice/p3/reviews.php:0
[24-Sep-2018 19:22:24 UTC] PHP   2. movieReviews() /home/ubuntu/workspace/cst336/practice/p3/reviews.php:60
[24-Sep-2018 19:22:24 UTC] PHP   3. createRandom() /home/ubuntu/workspace/cst336/practice/p3/reviews.php:15
[24-Sep-2018 19:22:24 UTC] PHP   4. displayRatings() /home/ubuntu/workspace/cst336/practice/p3/inc/charts.php:99
[24-Sep-2018 19:22:24 UTC] PHP   5. bar_graph() /home/ubuntu/workspace/cst336/practice/p3/inc/charts.php:30
[24-Sep-2018 19:22:24 UTC] PHP   6. imagepng() /home/ubuntu/workspace/cst336/practice/p3/inc/charts.php:71
[24-Sep-2018 19:22:24 UTC] PHP Warning:  imagepng(): Unable to open 'inc/charts/1537816944.6073.png' for writing: No such file or directory in /home/ubuntu/workspace/cst336/practice/p3/inc/charts.php on line 71
[24-Sep-2018 19:22:24 UTC] PHP Stack trace:
[24-Sep-2018 19:22:24 UTC] PHP   1. {main}() /home/ubuntu/workspace/cst336/practice/p3/reviews.php:0
[24-Sep-2018 19:22:24 UTC] PHP   2. movieReviews() /home/ubuntu/workspace/cst336/practice/p3/reviews.php:60
[24-Sep-2018 19:22:24 UTC] PHP   3. createRandom() /home/ubuntu/workspace/cst336/practice/p3/reviews.php:15
[24-Sep-2018 19:22:24 UTC] PHP   4. displayRatings() /home/ubuntu/workspace/cst336/practice/p3/inc/charts.php:99
[24-Sep-2018 19:22:24 UTC] PHP   5. bar_graph() /home/ubuntu/workspace/cst336/practice/p3/inc/charts.php:30
[24-Sep-2018 19:22:24 UTC] PHP   6. imagepng() /home/ubuntu/workspace/cst336/practice/p3/inc/charts.php:71
[24-Sep-2018 20:10:04 UTC] PHP Warning:  imagepng(): Unable to open 'inc/charts/1537819804.5706.png' for writing: No such file or directory in /home/ubuntu/workspace/cst336/practice/p3/inc/charts.php on line 71
[24-Sep-2018 20:10:04 UTC] PHP Stack trace:
[24-Sep-2018 20:10:04 UTC] PHP   1. {main}() /home/ubuntu/workspace/cst336/practice/p3/reviews.php:0
[24-Sep-2018 20:10:04 UTC] PHP   2. movieReviews() /home/ubuntu/workspace/cst336/practice/p3/reviews.php:60
[24-Sep-2018 20:10:04 UTC] PHP   3. createRandom() /home/ubuntu/workspace/cst336/practice/p3/reviews.php:15
[24-Sep-2018 20:10:04 UTC] PHP   4. displayRatings() /home/ubuntu/workspace/cst336/practice/p3/inc/charts.php:99
[24-Sep-2018 20:10:04 UTC] PHP   5. bar_graph() /home/ubuntu/workspace/cst336/practice/p3/inc/charts.php:30
[24-Sep-2018 20:10:04 UTC] PHP   6. imagepng() /home/ubuntu/workspace/cst336/practice/p3/inc/charts.php:71
[24-Sep-2018 20:10:04 UTC] PHP Warning:  imagepng(): Unable to open 'inc/charts/1537819804.5719.png' for writing: No such file or directory in /home/ubuntu/workspace/cst336/practice/p3/inc/charts.php on line 71
[24-Sep-2018 20:10:04 UTC] PHP Stack trace:
[24-Sep-2018 20:10:04 UTC] PHP   1. {main}() /home/ubuntu/workspace/cst336/practice/p3/reviews.php:0
[24-Sep-2018 20:10:04 UTC] PHP   2. movieReviews() /home/ubuntu/workspace/cst336/practice/p3/reviews.php:60
[24-Sep-2018 20:10:04 UTC] PHP   3. createRandom() /home/ubuntu/workspace/cst336/practice/p3/reviews.php:15
[24-Sep-2018 20:10:04 UTC] PHP   4. displayRatings() /home/ubuntu/workspace/cst336/practice/p3/inc/charts.php:99
[24-Sep-2018 20:10:04 UTC] PHP   5. bar_graph() /home/ubuntu/workspace/cst336/practice/p3/inc/charts.php:30
[24-Sep-2018 20:10:04 UTC] PHP   6. imagepng() /home/ubuntu/workspace/cst336/practice/p3/inc/charts.php:71
[24-Sep-2018 20:10:04 UTC] PHP Warning:  imagepng(): Unable to open 'inc/charts/1537819804.5724.png' for writing: No such file or directory in /home/ubuntu/workspace/cst336/practice/p3/inc/charts.php on line 71
[24-Sep-2018 20:10:04 UTC] PHP Stack trace:
[24-Sep-2018 20:10:04 UTC] PHP   1. {main}() /home/ubuntu/workspace/cst336/practice/p3/reviews.php:0
[24-Sep-2018 20:10:04 UTC] PHP   2. movieReviews() /home/ubuntu/workspace/cst336/practice/p3/reviews.php:60
[24-Sep-2018 20:10:04 UTC] PHP   3. createRandom() /home/ubuntu/workspace/cst336/practice/p3/reviews.php:15
[24-Sep-2018 20:10:04 UTC] PHP   4. displayRatings() /home/ubuntu/workspace/cst336/practice/p3/inc/charts.php:99
[24-Sep-2018 20:10:04 UTC] PHP   5. bar_graph() /home/ubuntu/workspace/cst336/practice/p3/inc/charts.php:30
[24-Sep-2018 20:10:04 UTC] PHP   6. imagepng() /home/ubuntu/workspace/cst336/practice/p3/inc/charts.php:71
[24-Sep-2018 20:10:04 UTC] PHP Warning:  imagepng(): Unable to open 'inc/charts/1537819804.5728.png' for writing: No such file or directory in /home/ubuntu/workspace/cst336/practice/p3/inc/charts.php on line 71
[24-Sep-2018 20:10:04 UTC] PHP Stack trace:
[24-Sep-2018 20:10:04 UTC] PHP   1. {main}() /home/ubuntu/workspace/cst336/practice/p3/reviews.php:0
[24-Sep-2018 20:10:04 UTC] PHP   2. movieReviews() /home/ubuntu/workspace/cst336/practice/p3/reviews.php:60
[24-Sep-2018 20:10:04 UTC] PHP   3. createRandom() /home/ubuntu/workspace/cst336/practice/p3/reviews.php:15
[24-Sep-2018 20:10:04 UTC] PHP   4. displayRatings() /home/ubuntu/workspace/cst336/practice/p3/inc/charts.php:99
[24-Sep-2018 20:10:04 UTC] PHP   5. bar_graph() /home/ubuntu/workspace/cst336/practice/p3/inc/charts.php:30
[24-Sep-2018 20:10:04 UTC] PHP   6. imagepng() /home/ubuntu/workspace/cst336/practice/p3/inc/charts.php:71
[08-Oct-2018 19:46:47 UTC] PHP Fatal error:  Call to undefined function charAt() in /home/ubuntu/workspace/cst336/practice/p5/index.php on line 17
[08-Oct-2018 19:46:47 UTC] PHP Stack trace:
[08-Oct-2018 19:46:47 UTC] PHP   1. {main}() /home/ubuntu/workspace/cst336/practice/p5/index.php:0
[08-Oct-2018 19:46:47 UTC] PHP   2. generatePassword() /home/ubuntu/workspace/cst336/practice/p5/index.php:56
[08-Oct-2018 19:47:39 UTC] PHP Fatal error:  Call to undefined function char_at() in /home/ubuntu/workspace/cst336/practice/p5/index.php on line 17
[08-Oct-2018 19:47:39 UTC] PHP Stack trace:
[08-Oct-2018 19:47:39 UTC] PHP   1. {main}() /home/ubuntu/workspace/cst336/practice/p5/index.php:0
[08-Oct-2018 19:47:39 UTC] PHP   2. generatePassword() /home/ubuntu/workspace/cst336/practice/p5/index.php:56
[08-Oct-2018 19:47:43 UTC] PHP Fatal error:  Call to undefined function char_at() in /home/ubuntu/workspace/cst336/practice/p5/index.php on line 17
[08-Oct-2018 19:47:43 UTC] PHP Stack trace:
[08-Oct-2018 19:47:43 UTC] PHP   1. {main}() /home/ubuntu/workspace/cst336/practice/p5/index.php:0
[08-Oct-2018 19:47:43 UTC] PHP   2. generatePassword() /home/ubuntu/workspace/cst336/practice/p5/index.php:56
[08-Oct-2018 19:47:53 UTC] PHP Fatal error:  Call to undefined function char_at() in /home/ubuntu/workspace/cst336/practice/p5/index.php on line 17
[08-Oct-2018 19:47:53 UTC] PHP Stack trace:
[08-Oct-2018 19:47:53 UTC] PHP   1. {main}() /home/ubuntu/workspace/cst336/practice/p5/index.php:0
[08-Oct-2018 19:47:53 UTC] PHP   2. generatePassword() /home/ubuntu/workspace/cst336/practice/p5/index.php:56
[08-Oct-2018 19:57:05 UTC] PHP Parse error:  syntax error, unexpected ')' in /home/ubuntu/workspace/cst336/practice/p5/index.php on line 14
[08-Oct-2018 20:03:41 UTC] PHP Parse error:  syntax error, unexpected end of file in /home/ubuntu/workspace/cst336/practice/p5/index.php on line 64
[08-Oct-2018 21:57:07 UTC] PHP Fatal error:  Function name must be a string in /home/ubuntu/workspace/cst336/practice/practice/index.php on line 8
[08-Oct-2018 21:57:07 UTC] PHP Stack trace:
[08-Oct-2018 21:57:07 UTC] PHP   1. {main}() /home/ubuntu/workspace/cst336/practice/practice/index.php:0
[08-Oct-2018 21:57:07 UTC] PHP   2. printYears() /home/ubuntu/workspace/cst336/practice/practice/index.php:40
[08-Oct-2018 21:57:09 UTC] PHP Fatal error:  Function name must be a string in /home/ubuntu/workspace/cst336/practice/practice/index.php on line 8
[08-Oct-2018 21:57:09 UTC] PHP Stack trace:
[08-Oct-2018 21:57:09 UTC] PHP   1. {main}() /home/ubuntu/workspace/cst336/practice/practice/index.php:0
[08-Oct-2018 21:57:09 UTC] PHP   2. printYears() /home/ubuntu/workspace/cst336/practice/practice/index.php:40
[08-Oct-2018 21:57:29 UTC] PHP Fatal error:  Function name must be a string in /home/ubuntu/workspace/cst336/practice/practice/index.php on line 8
[08-Oct-2018 21:57:29 UTC] PHP Stack trace:
[08-Oct-2018 21:57:29 UTC] PHP   1. {main}() /home/ubuntu/workspace/cst336/practice/practice/index.php:0
[08-Oct-2018 21:57:29 UTC] PHP   2. printYears() /home/ubuntu/workspace/cst336/practice/practice/index.php:40
[08-Oct-2018 21:57:36 UTC] PHP Fatal error:  Function name must be a string in /home/ubuntu/workspace/cst336/practice/practice/index.php on line 8
[08-Oct-2018 21:57:36 UTC] PHP Stack trace:
[08-Oct-2018 21:57:36 UTC] PHP   1. {main}() /home/ubuntu/workspace/cst336/practice/practice/index.php:0
[08-Oct-2018 21:57:36 UTC] PHP   2. printYears() /home/ubuntu/workspace/cst336/practice/practice/index.php:40
[08-Oct-2018 21:57:37 UTC] PHP Fatal error:  Function name must be a string in /home/ubuntu/workspace/cst336/practice/practice/index.php on line 8
[08-Oct-2018 21:57:37 UTC] PHP Stack trace:
[08-Oct-2018 21:57:37 UTC] PHP   1. {main}() /home/ubuntu/workspace/cst336/practice/practice/index.php:0
[08-Oct-2018 21:57:37 UTC] PHP   2. printYears() /home/ubuntu/workspace/cst336/practice/practice/index.php:40
[08-Oct-2018 21:57:37 UTC] PHP Fatal error:  Function name must be a string in /home/ubuntu/workspace/cst336/practice/practice/index.php on line 8
[08-Oct-2018 21:57:37 UTC] PHP Stack trace:
[08-Oct-2018 21:57:37 UTC] PHP   1. {main}() /home/ubuntu/workspace/cst336/practice/practice/index.php:0
[08-Oct-2018 21:57:37 UTC] PHP   2. printYears() /home/ubuntu/workspace/cst336/practice/practice/index.php:40
[08-Oct-2018 21:57:52 UTC] PHP Fatal error:  Function name must be a string in /home/ubuntu/workspace/cst336/practice/practice/index.php on line 8
[08-Oct-2018 21:57:52 UTC] PHP Stack trace:
[08-Oct-2018 21:57:52 UTC] PHP   1. {main}() /home/ubuntu/workspace/cst336/practice/practice/index.php:0
[08-Oct-2018 21:57:52 UTC] PHP   2. printYears() /home/ubuntu/workspace/cst336/practice/practice/index.php:40
[08-Oct-2018 21:57:53 UTC] PHP Fatal error:  Function name must be a string in /home/ubuntu/workspace/cst336/practice/practice/index.php on line 8
[08-Oct-2018 21:57:53 UTC] PHP Stack trace:
[08-Oct-2018 21:57:53 UTC] PHP   1. {main}() /home/ubuntu/workspace/cst336/practice/practice/index.php:0
[08-Oct-2018 21:57:53 UTC] PHP   2. printYears() /home/ubuntu/workspace/cst336/practice/practice/index.php:40
[08-Oct-2018 21:58:09 UTC] PHP Fatal error:  Function name must be a string in /home/ubuntu/workspace/cst336/practice/practice/index.php on line 8
[08-Oct-2018 21:58:09 UTC] PHP Stack trace:
[08-Oct-2018 21:58:09 UTC] PHP   1. {main}() /home/ubuntu/workspace/cst336/practice/practice/index.php:0
[08-Oct-2018 21:58:09 UTC] PHP   2. printYears() /home/ubuntu/workspace/cst336/practice/practice/index.php:40
[08-Oct-2018 21:58:09 UTC] PHP Fatal error:  Function name must be a string in /home/ubuntu/workspace/cst336/practice/practice/index.php on line 8
[08-Oct-2018 21:58:09 UTC] PHP Stack trace:
[08-Oct-2018 21:58:09 UTC] PHP   1. {main}() /home/ubuntu/workspace/cst336/practice/practice/index.php:0
[08-Oct-2018 21:58:09 UTC] PHP   2. printYears() /home/ubuntu/workspace/cst336/practice/practice/index.php:40
[08-Oct-2018 21:58:10 UTC] PHP Fatal error:  Function name must be a string in /home/ubuntu/workspace/cst336/practice/practice/index.php on line 8
[08-Oct-2018 21:58:10 UTC] PHP Stack trace:
[08-Oct-2018 21:58:10 UTC] PHP   1. {main}() /home/ubuntu/workspace/cst336/practice/practice/index.php:0
[08-Oct-2018 21:58:10 UTC] PHP   2. printYears() /home/ubuntu/workspace/cst336/practice/practice/index.php:40
[08-Oct-2018 21:58:29 UTC] PHP Fatal error:  Function name must be a string in /home/ubuntu/workspace/cst336/practice/practice/index.php on line 8
[08-Oct-2018 21:58:29 UTC] PHP Stack trace:
[08-Oct-2018 21:58:29 UTC] PHP   1. {main}() /home/ubuntu/workspace/cst336/practice/practice/index.php:0
[08-Oct-2018 21:58:29 UTC] PHP   2. printYears() /home/ubuntu/workspace/cst336/practice/practice/index.php:40
[08-Oct-2018 21:58:29 UTC] PHP Fatal error:  Function name must be a string in /home/ubuntu/workspace/cst336/practice/practice/index.php on line 8
[08-Oct-2018 21:58:29 UTC] PHP Stack trace:
[08-Oct-2018 21:58:29 UTC] PHP   1. {main}() /home/ubuntu/workspace/cst336/practice/practice/index.php:0
[08-Oct-2018 21:58:29 UTC] PHP   2. printYears() /home/ubuntu/workspace/cst336/practice/practice/index.php:40
[08-Oct-2018 21:58:30 UTC] PHP Fatal error:  Function name must be a string in /home/ubuntu/workspace/cst336/practice/practice/index.php on line 8
[08-Oct-2018 21:58:30 UTC] PHP Stack trace:
[08-Oct-2018 21:58:30 UTC] PHP   1. {main}() /home/ubuntu/workspace/cst336/practice/practice/index.php:0
[08-Oct-2018 21:58:30 UTC] PHP   2. printYears() /home/ubuntu/workspace/cst336/practice/practice/index.php:40
[08-Oct-2018 21:58:30 UTC] PHP Fatal error:  Function name must be a string in /home/ubuntu/workspace/cst336/practice/practice/index.php on line 8
[08-Oct-2018 21:58:30 UTC] PHP Stack trace:
[08-Oct-2018 21:58:30 UTC] PHP   1. {main}() /home/ubuntu/workspace/cst336/practice/practice/index.php:0
[08-Oct-2018 21:58:30 UTC] PHP   2. printYears() /home/ubuntu/workspace/cst336/practice/practice/index.php:40
[08-Oct-2018 21:58:31 UTC] PHP Fatal error:  Function name must be a string in /home/ubuntu/workspace/cst336/practice/practice/index.php on line 8
[08-Oct-2018 21:58:31 UTC] PHP Stack trace:
[08-Oct-2018 21:58:31 UTC] PHP   1. {main}() /home/ubuntu/workspace/cst336/practice/practice/index.php:0
[08-Oct-2018 21:58:31 UTC] PHP   2. printYears() /home/ubuntu/workspace/cst336/practice/practice/index.php:40
[08-Oct-2018 21:59:27 UTC] PHP Fatal error:  Function name must be a string in /home/ubuntu/workspace/cst336/practice/practice/index.php on line 8
[08-Oct-2018 21:59:27 UTC] PHP Stack trace:
[08-Oct-2018 21:59:27 UTC] PHP   1. {main}() /home/ubuntu/workspace/cst336/practice/practice/index.php:0
[08-Oct-2018 21:59:27 UTC] PHP   2. printYears() /home/ubuntu/workspace/cst336/practice/practice/index.php:40
[08-Oct-2018 21:59:27 UTC] PHP Fatal error:  Function name must be a string in /home/ubuntu/workspace/cst336/practice/practice/index.php on line 8
[08-Oct-2018 21:59:27 UTC] PHP Stack trace:
[08-Oct-2018 21:59:27 UTC] PHP   1. {main}() /home/ubuntu/workspace/cst336/practice/practice/index.php:0
[08-Oct-2018 21:59:27 UTC] PHP   2. printYears() /home/ubuntu/workspace/cst336/practice/practice/index.php:40
[08-Oct-2018 21:59:28 UTC] PHP Fatal error:  Function name must be a string in /home/ubuntu/workspace/cst336/practice/practice/index.php on line 8
[08-Oct-2018 21:59:28 UTC] PHP Stack trace:
[08-Oct-2018 21:59:28 UTC] PHP   1. {main}() /home/ubuntu/workspace/cst336/practice/practice/index.php:0
[08-Oct-2018 21:59:28 UTC] PHP   2. printYears() /home/ubuntu/workspace/cst336/practice/practice/index.php:40
[08-Oct-2018 21:59:29 UTC] PHP Fatal error:  Function name must be a string in /home/ubuntu/workspace/cst336/practice/practice/index.php on line 8
[08-Oct-2018 21:59:29 UTC] PHP Stack trace:
[08-Oct-2018 21:59:29 UTC] PHP   1. {main}() /home/ubuntu/workspace/cst336/practice/practice/index.php:0
[08-Oct-2018 21:59:29 UTC] PHP   2. printYears() /home/ubuntu/workspace/cst336/practice/practice/index.php:40
[08-Oct-2018 21:59:30 UTC] PHP Fatal error:  Function name must be a string in /home/ubuntu/workspace/cst336/practice/practice/index.php on line 8
[08-Oct-2018 21:59:30 UTC] PHP Stack trace:
[08-Oct-2018 21:59:30 UTC] PHP   1. {main}() /home/ubuntu/workspace/cst336/practice/practice/index.php:0
[08-Oct-2018 21:59:30 UTC] PHP   2. printYears() /home/ubuntu/workspace/cst336/practice/practice/index.php:40
[08-Oct-2018 21:59:30 UTC] PHP Fatal error:  Function name must be a string in /home/ubuntu/workspace/cst336/practice/practice/index.php on line 8
[08-Oct-2018 21:59:30 UTC] PHP Stack trace:
[08-Oct-2018 21:59:30 UTC] PHP   1. {main}() /home/ubuntu/workspace/cst336/practice/practice/index.php:0
[08-Oct-2018 21:59:30 UTC] PHP   2. printYears() /home/ubuntu/workspace/cst336/practice/practice/index.php:40
[08-Oct-2018 21:59:31 UTC] PHP Fatal error:  Function name must be a string in /home/ubuntu/workspace/cst336/practice/practice/index.php on line 8
[08-Oct-2018 21:59:31 UTC] PHP Stack trace:
[08-Oct-2018 21:59:31 UTC] PHP   1. {main}() /home/ubuntu/workspace/cst336/practice/practice/index.php:0
[08-Oct-2018 21:59:31 UTC] PHP   2. printYears() /home/ubuntu/workspace/cst336/practice/practice/index.php:40
[08-Oct-2018 22:00:56 UTC] PHP Fatal error:  Function name must be a string in /home/ubuntu/workspace/cst336/practice/practice/index.php on line 8
[08-Oct-2018 22:00:56 UTC] PHP Stack trace:
[08-Oct-2018 22:00:56 UTC] PHP   1. {main}() /home/ubuntu/workspace/cst336/practice/practice/index.php:0
[08-Oct-2018 22:00:56 UTC] PHP   2. printYears() /home/ubuntu/workspace/cst336/practice/practice/index.php:41
[08-Oct-2018 22:00:57 UTC] PHP Fatal error:  Function name must be a string in /home/ubuntu/workspace/cst336/practice/practice/index.php on line 8
[08-Oct-2018 22:00:57 UTC] PHP Stack trace:
[08-Oct-2018 22:00:57 UTC] PHP   1. {main}() /home/ubuntu/workspace/cst336/practice/practice/index.php:0
[08-Oct-2018 22:00:57 UTC] PHP   2. printYears() /home/ubuntu/workspace/cst336/practice/practice/index.php:41
[08-Oct-2018 22:15:47 UTC] PHP Fatal error:  Cannot use isset() on the result of an expression (you can use "null !== expression" instead) in /home/ubuntu/workspace/cst336/practice/practice/index.php on line 45
[22-Oct-2018 19:31:51 UTC] PHP Fatal error:  Call to undefined function displayCities() in /home/ubuntu/workspace/cst336/practice/reports/index.php on line 28
[22-Oct-2018 19:31:51 UTC] PHP Stack trace:
[22-Oct-2018 19:31:51 UTC] PHP   1. {main}() /home/ubuntu/workspace/cst336/practice/reports/index.php:0
[22-Oct-2018 19:38:30 UTC] PHP Fatal error:  Cannot redeclare displayCities() (previously declared in /home/ubuntu/workspace/cst336/practice/reports/index.php:5) in /home/ubuntu/workspace/cst336/practice/reports/index.php on line 32
[22-Oct-2018 19:40:26 UTC] PHP Fatal error:  Uncaught exception 'PDOException' with message 'SQLSTATE[42000]: Syntax error or access violation: 1064 You have an error in your SQL syntax; check the manual that corresponds to your MySQL server version for the right syntax to use near 'DSC' at line 1' in /home/ubuntu/workspace/cst336/practice/reports/index.php:25
Stack trace:
#0 /home/ubuntu/workspace/cst336/practice/reports/index.php(25): PDOStatement->execute()
#1 /home/ubuntu/workspace/cst336/practice/reports/index.php(48): displayPopulations()
#2 {main}
  thrown in /home/ubuntu/workspace/cst336/practice/reports/index.php on line 25
[23-Oct-2018 04:23:15 UTC] PHP Warning:  sizeof() expects at least 1 parameter, 0 given in /home/ubuntu/workspace/cst336/practice/midterm_practice1/functions.php on line 27
[23-Oct-2018 04:23:15 UTC] PHP Stack trace:
[23-Oct-2018 04:23:15 UTC] PHP   1. {main}() /home/ubuntu/workspace/cst336/practice/midterm_practice1/midterm_practice1.php:0
[23-Oct-2018 04:23:15 UTC] PHP   2. getData() /home/ubuntu/workspace/cst336/practice/midterm_practice1/midterm_practice1.php:41
[23-Oct-2018 04:23:15 UTC] PHP   3. createCalendar() /home/ubuntu/workspace/cst336/practice/midterm_practice1/functions.php:11
[23-Oct-2018 04:23:15 UTC] PHP   4. sizeof() /home/ubuntu/workspace/cst336/practice/midterm_practice1/functions.php:27
[23-Oct-2018 04:23:25 UTC] PHP Warning:  sizeof() expects at least 1 parameter, 0 given in /home/ubuntu/workspace/cst336/practice/midterm_practice1/functions.php on line 27
[23-Oct-2018 04:23:25 UTC] PHP Stack trace:
[23-Oct-2018 04:23:25 UTC] PHP   1. {main}() /home/ubuntu/workspace/cst336/practice/midterm_practice1/midterm_practice1.php:0
[23-Oct-2018 04:23:25 UTC] PHP   2. getData() /home/ubuntu/workspace/cst336/practice/midterm_practice1/midterm_practice1.php:41
[23-Oct-2018 04:23:25 UTC] PHP   3. createCalendar() /home/ubuntu/workspace/cst336/practice/midterm_practice1/functions.php:11
[23-Oct-2018 04:23:25 UTC] PHP   4. sizeof() /home/ubuntu/workspace/cst336/practice/midterm_practice1/functions.php:27
[23-Oct-2018 04:23:29 UTC] PHP Warning:  sizeof() expects at least 1 parameter, 0 given in /home/ubuntu/workspace/cst336/practice/midterm_practice1/functions.php on line 27
[23-Oct-2018 04:23:29 UTC] PHP Stack trace:
[23-Oct-2018 04:23:29 UTC] PHP   1. {main}() /home/ubuntu/workspace/cst336/practice/midterm_practice1/midterm_practice1.php:0
[23-Oct-2018 04:23:29 UTC] PHP   2. getData() /home/ubuntu/workspace/cst336/practice/midterm_practice1/midterm_practice1.php:41
[23-Oct-2018 04:23:29 UTC] PHP   3. createCalendar() /home/ubuntu/workspace/cst336/practice/midterm_practice1/functions.php:11
[23-Oct-2018 04:23:29 UTC] PHP   4. sizeof() /home/ubuntu/workspace/cst336/practice/midterm_practice1/functions.php:27
[23-Oct-2018 04:30:03 UTC] PHP Parse error:  syntax error, unexpected end of file in /home/ubuntu/workspace/cst336/practice/midterm_practice1/functions.php on line 81
[23-Oct-2018 04:30:03 UTC] PHP Stack trace:
[23-Oct-2018 04:30:03 UTC] PHP   1. {main}() /home/ubuntu/workspace/cst336/practice/midterm_practice1/midterm_practice1.php:0
[23-Oct-2018 04:30:05 UTC] PHP Parse error:  syntax error, unexpected end of file in /home/ubuntu/workspace/cst336/practice/midterm_practice1/functions.php on line 81
[23-Oct-2018 04:30:05 UTC] PHP Stack trace:
[23-Oct-2018 04:30:05 UTC] PHP   1. {main}() /home/ubuntu/workspace/cst336/practice/midterm_practice1/midterm_practice1.php:0
[23-Oct-2018 22:23:06 UTC] PHP Warning:  Missing argument 3 for createTable(), called in /home/ubuntu/workspace/cst336/practice/midterm_practice1/functions.php on line 13 and defined in /home/ubuntu/workspace/cst336/practice/midterm_practice1/functions.php on line 85
[23-Oct-2018 22:23:06 UTC] PHP Stack trace:
[23-Oct-2018 22:23:06 UTC] PHP   1. {main}() /home/ubuntu/workspace/cst336/practice/midterm_practice1/midterm_practice1.php:0
[23-Oct-2018 22:23:06 UTC] PHP   2. getData() /home/ubuntu/workspace/cst336/practice/midterm_practice1/midterm_practice1.php:42
[23-Oct-2018 22:23:06 UTC] PHP   3. createTable() /home/ubuntu/workspace/cst336/practice/midterm_practice1/functions.php:13
[23-Oct-2018 22:23:07 UTC] PHP Warning:  Missing argument 3 for createTable(), called in /home/ubuntu/workspace/cst336/practice/midterm_practice1/functions.php on line 13 and defined in /home/ubuntu/workspace/cst336/practice/midterm_practice1/functions.php on line 85
[23-Oct-2018 22:23:07 UTC] PHP Stack trace:
[23-Oct-2018 22:23:07 UTC] PHP   1. {main}() /home/ubuntu/workspace/cst336/practice/midterm_practice1/midterm_practice1.php:0
[23-Oct-2018 22:23:07 UTC] PHP   2. getData() /home/ubuntu/workspace/cst336/practice/midterm_practice1/midterm_practice1.php:42
[23-Oct-2018 22:23:07 UTC] PHP   3. createTable() /home/ubuntu/workspace/cst336/practice/midterm_practice1/functions.php:13
[23-Oct-2018 22:23:08 UTC] PHP Warning:  Missing argument 3 for createTable(), called in /home/ubuntu/workspace/cst336/practice/midterm_practice1/functions.php on line 13 and defined in /home/ubuntu/workspace/cst336/practice/midterm_practice1/functions.php on line 85
[23-Oct-2018 22:23:08 UTC] PHP Stack trace:
[23-Oct-2018 22:23:08 UTC] PHP   1. {main}() /home/ubuntu/workspace/cst336/practice/midterm_practice1/midterm_practice1.php:0
[23-Oct-2018 22:23:08 UTC] PHP   2. getData() /home/ubuntu/workspace/cst336/practice/midterm_practice1/midterm_practice1.php:42
[23-Oct-2018 22:23:08 UTC] PHP   3. createTable() /home/ubuntu/workspace/cst336/practice/midterm_practice1/functions.php:13
[23-Oct-2018 22:23:09 UTC] PHP Warning:  Missing argument 3 for createTable(), called in /home/ubuntu/workspace/cst336/practice/midterm_practice1/functions.php on line 13 and defined in /home/ubuntu/workspace/cst336/practice/midterm_practice1/functions.php on line 85
[23-Oct-2018 22:23:09 UTC] PHP Stack trace:
[23-Oct-2018 22:23:09 UTC] PHP   1. {main}() /home/ubuntu/workspace/cst336/practice/midterm_practice1/midterm_practice1.php:0
[23-Oct-2018 22:23:09 UTC] PHP   2. getData() /home/ubuntu/workspace/cst336/practice/midterm_practice1/midterm_practice1.php:42
[23-Oct-2018 22:23:09 UTC] PHP   3. createTable() /home/ubuntu/workspace/cst336/practice/midterm_practice1/functions.php:13
[23-Oct-2018 22:24:50 UTC] PHP Warning:  Missing argument 4 for createTable(), called in /home/ubuntu/workspace/cst336/practice/midterm_practice1/functions.php on line 13 and defined in /home/ubuntu/workspace/cst336/practice/midterm_practice1/functions.php on line 85
[23-Oct-2018 22:24:50 UTC] PHP Stack trace:
[23-Oct-2018 22:24:50 UTC] PHP   1. {main}() /home/ubuntu/workspace/cst336/practice/midterm_practice1/midterm_practice1.php:0
[23-Oct-2018 22:24:50 UTC] PHP   2. getData() /home/ubuntu/workspace/cst336/practice/midterm_practice1/midterm_practice1.php:42
[23-Oct-2018 22:24:50 UTC] PHP   3. createTable() /home/ubuntu/workspace/cst336/practice/midterm_practice1/functions.php:13
[23-Oct-2018 22:25:03 UTC] PHP Parse error:  syntax error, unexpected ',' in /home/ubuntu/workspace/cst336/practice/midterm_practice1/functions.php on line 13
[23-Oct-2018 22:25:03 UTC] PHP Stack trace:
[23-Oct-2018 22:25:03 UTC] PHP   1. {main}() /home/ubuntu/workspace/cst336/practice/midterm_practice1/midterm_practice1.php:0
[23-Oct-2018 22:25:04 UTC] PHP Parse error:  syntax error, unexpected ',' in /home/ubuntu/workspace/cst336/practice/midterm_practice1/functions.php on line 13
[23-Oct-2018 22:25:04 UTC] PHP Stack trace:
[23-Oct-2018 22:25:04 UTC] PHP   1. {main}() /home/ubuntu/workspace/cst336/practice/midterm_practice1/midterm_practice1.php:0
[23-Oct-2018 22:26:45 UTC] PHP Parse error:  syntax error, unexpected 'echo' (T_ECHO), expecting ',' or ';' in /home/ubuntu/workspace/cst336/practice/midterm_practice1/functions.php on line 108
[23-Oct-2018 22:26:45 UTC] PHP Stack trace:
[23-Oct-2018 22:26:45 UTC] PHP   1. {main}() /home/ubuntu/workspace/cst336/practice/midterm_practice1/midterm_practice1.php:0
[23-Oct-2018 22:26:46 UTC] PHP Parse error:  syntax error, unexpected 'echo' (T_ECHO), expecting ',' or ';' in /home/ubuntu/workspace/cst336/practice/midterm_practice1/functions.php on line 108
[23-Oct-2018 22:26:46 UTC] PHP Stack trace:
[23-Oct-2018 22:26:46 UTC] PHP   1. {main}() /home/ubuntu/workspace/cst336/practice/midterm_practice1/midterm_practice1.php:0
[23-Oct-2018 22:32:21 UTC] PHP Parse error:  syntax error, unexpected '}', expecting ',' or ';' in /home/ubuntu/workspace/cst336/practice/midterm_practice1/functions.php on line 117
[23-Oct-2018 22:32:21 UTC] PHP Stack trace:
[23-Oct-2018 22:32:21 UTC] PHP   1. {main}() /home/ubuntu/workspace/cst336/practice/midterm_practice1/midterm_practice1.php:0
[23-Oct-2018 22:32:22 UTC] PHP Parse error:  syntax error, unexpected '}', expecting ',' or ';' in /home/ubuntu/workspace/cst336/practice/midterm_practice1/functions.php on line 117
[23-Oct-2018 22:32:22 UTC] PHP Stack trace:
[23-Oct-2018 22:32:22 UTC] PHP   1. {main}() /home/ubuntu/workspace/cst336/practice/midterm_practice1/midterm_practice1.php:0
[24-Oct-2018 17:34:23 UTC] PHP Warning:  Invalid argument supplied for foreach() in /home/ubuntu/workspace/cst336/practice/midterm_practice1/functions.php on line 135
[24-Oct-2018 17:34:23 UTC] PHP Stack trace:
[24-Oct-2018 17:34:23 UTC] PHP   1. {main}() /home/ubuntu/workspace/cst336/practice/midterm_practice1/midterm_practice1.php:0
[24-Oct-2018 17:34:23 UTC] PHP   2. getData() /home/ubuntu/workspace/cst336/practice/midterm_practice1/midterm_practice1.php:61
[24-Oct-2018 17:34:23 UTC] PHP   3. printSession() /home/ubuntu/workspace/cst336/practice/midterm_practice1/functions.php:26
[24-Oct-2018 17:59:52 UTC] PHP Warning:  in_array() expects parameter 2 to be array, string given in /home/ubuntu/workspace/cst336/practice/midterm_practice1/functions.php on line 15
[24-Oct-2018 17:59:52 UTC] PHP Stack trace:
[24-Oct-2018 17:59:52 UTC] PHP   1. {main}() /home/ubuntu/workspace/cst336/practice/midterm_practice1/midterm_practice1.php:0
[24-Oct-2018 17:59:52 UTC] PHP   2. getData() /home/ubuntu/workspace/cst336/practice/midterm_practice1/midterm_practice1.php:61
[24-Oct-2018 17:59:52 UTC] PHP   3. in_array() /home/ubuntu/workspace/cst336/practice/midterm_practice1/functions.php:15
[24-Oct-2018 17:59:53 UTC] PHP Warning:  in_array() expects parameter 2 to be array, string given in /home/ubuntu/workspace/cst336/practice/midterm_practice1/functions.php on line 15
[24-Oct-2018 17:59:53 UTC] PHP Stack trace:
[24-Oct-2018 17:59:53 UTC] PHP   1. {main}() /home/ubuntu/workspace/cst336/practice/midterm_practice1/midterm_practice1.php:0
[24-Oct-2018 17:59:53 UTC] PHP   2. getData() /home/ubuntu/workspace/cst336/practice/midterm_practice1/midterm_practice1.php:61
[24-Oct-2018 17:59:53 UTC] PHP   3. in_array() /home/ubuntu/workspace/cst336/practice/midterm_practice1/functions.php:15
[24-Oct-2018 17:59:53 UTC] PHP Warning:  in_array() expects parameter 2 to be array, string given in /home/ubuntu/workspace/cst336/practice/midterm_practice1/functions.php on line 15
[24-Oct-2018 17:59:53 UTC] PHP Stack trace:
[24-Oct-2018 17:59:53 UTC] PHP   1. {main}() /home/ubuntu/workspace/cst336/practice/midterm_practice1/midterm_practice1.php:0
[24-Oct-2018 17:59:53 UTC] PHP   2. getData() /home/ubuntu/workspace/cst336/practice/midterm_practice1/midterm_practice1.php:61
[24-Oct-2018 17:59:53 UTC] PHP   3. in_array() /home/ubuntu/workspace/cst336/practice/midterm_practice1/functions.php:15
[24-Oct-2018 17:59:54 UTC] PHP Warning:  in_array() expects parameter 2 to be array, string given in /home/ubuntu/workspace/cst336/practice/midterm_practice1/functions.php on line 15
[24-Oct-2018 17:59:54 UTC] PHP Stack trace:
[24-Oct-2018 17:59:54 UTC] PHP   1. {main}() /home/ubuntu/workspace/cst336/practice/midterm_practice1/midterm_practice1.php:0
[24-Oct-2018 17:59:54 UTC] PHP   2. getData() /home/ubuntu/workspace/cst336/practice/midterm_practice1/midterm_practice1.php:61
[24-Oct-2018 17:59:54 UTC] PHP   3. in_array() /home/ubuntu/workspace/cst336/practice/midterm_practice1/functions.php:15
[24-Oct-2018 17:59:55 UTC] PHP Warning:  in_array() expects parameter 2 to be array, string given in /home/ubuntu/workspace/cst336/practice/midterm_practice1/functions.php on line 15
[24-Oct-2018 17:59:55 UTC] PHP Stack trace:
[24-Oct-2018 17:59:55 UTC] PHP   1. {main}() /home/ubuntu/workspace/cst336/practice/midterm_practice1/midterm_practice1.php:0
[24-Oct-2018 17:59:55 UTC] PHP   2. getData() /home/ubuntu/workspace/cst336/practice/midterm_practice1/midterm_practice1.php:61
[24-Oct-2018 17:59:55 UTC] PHP   3. in_array() /home/ubuntu/workspace/cst336/practice/midterm_practice1/functions.php:15
[24-Oct-2018 17:59:57 UTC] PHP Warning:  in_array() expects parameter 2 to be array, string given in /home/ubuntu/workspace/cst336/practice/midterm_practice1/functions.php on line 15
[24-Oct-2018 17:59:57 UTC] PHP Stack trace:
[24-Oct-2018 17:59:57 UTC] PHP   1. {main}() /home/ubuntu/workspace/cst336/practice/midterm_practice1/midterm_practice1.php:0
[24-Oct-2018 17:59:57 UTC] PHP   2. getData() /home/ubuntu/workspace/cst336/practice/midterm_practice1/midterm_practice1.php:61
[24-Oct-2018 17:59:57 UTC] PHP   3. in_array() /home/ubuntu/workspace/cst336/practice/midterm_practice1/functions.php:15
[24-Oct-2018 18:00:49 UTC] PHP Warning:  in_array() expects parameter 2 to be array, string given in /home/ubuntu/workspace/cst336/practice/midterm_practice1/functions.php on line 15
[24-Oct-2018 18:00:49 UTC] PHP Stack trace:
[24-Oct-2018 18:00:49 UTC] PHP   1. {main}() /home/ubuntu/workspace/cst336/practice/midterm_practice1/midterm_practice1.php:0
[24-Oct-2018 18:00:49 UTC] PHP   2. getData() /home/ubuntu/workspace/cst336/practice/midterm_practice1/midterm_practice1.php:61
[24-Oct-2018 18:00:49 UTC] PHP   3. in_array() /home/ubuntu/workspace/cst336/practice/midterm_practice1/functions.php:15
[24-Oct-2018 18:00:49 UTC] PHP Warning:  in_array() expects parameter 2 to be array, string given in /home/ubuntu/workspace/cst336/practice/midterm_practice1/functions.php on line 15
[24-Oct-2018 18:00:49 UTC] PHP Stack trace:
[24-Oct-2018 18:00:49 UTC] PHP   1. {main}() /home/ubuntu/workspace/cst336/practice/midterm_practice1/midterm_practice1.php:0
[24-Oct-2018 18:00:49 UTC] PHP   2. getData() /home/ubuntu/workspace/cst336/practice/midterm_practice1/midterm_practice1.php:61
[24-Oct-2018 18:00:49 UTC] PHP   3. in_array() /home/ubuntu/workspace/cst336/practice/midterm_practice1/functions.php:15
[24-Oct-2018 18:00:50 UTC] PHP Warning:  in_array() expects parameter 2 to be array, string given in /home/ubuntu/workspace/cst336/practice/midterm_practice1/functions.php on line 15
[24-Oct-2018 18:00:50 UTC] PHP Stack trace:
[24-Oct-2018 18:00:50 UTC] PHP   1. {main}() /home/ubuntu/workspace/cst336/practice/midterm_practice1/midterm_practice1.php:0
[24-Oct-2018 18:00:50 UTC] PHP   2. getData() /home/ubuntu/workspace/cst336/practice/midterm_practice1/midterm_practice1.php:61
[24-Oct-2018 18:00:50 UTC] PHP   3. in_array() /home/ubuntu/workspace/cst336/practice/midterm_practice1/functions.php:15
[24-Oct-2018 18:00:51 UTC] PHP Warning:  in_array() expects parameter 2 to be array, string given in /home/ubuntu/workspace/cst336/practice/midterm_practice1/functions.php on line 15
[24-Oct-2018 18:00:51 UTC] PHP Stack trace:
[24-Oct-2018 18:00:51 UTC] PHP   1. {main}() /home/ubuntu/workspace/cst336/practice/midterm_practice1/midterm_practice1.php:0
[24-Oct-2018 18:00:51 UTC] PHP   2. getData() /home/ubuntu/workspace/cst336/practice/midterm_practice1/midterm_practice1.php:61
[24-Oct-2018 18:00:51 UTC] PHP   3. in_array() /home/ubuntu/workspace/cst336/practice/midterm_practice1/functions.php:15
[24-Oct-2018 18:00:52 UTC] PHP Warning:  in_array() expects parameter 2 to be array, string given in /home/ubuntu/workspace/cst336/practice/midterm_practice1/functions.php on line 15
[24-Oct-2018 18:00:52 UTC] PHP Stack trace:
[24-Oct-2018 18:00:52 UTC] PHP   1. {main}() /home/ubuntu/workspace/cst336/practice/midterm_practice1/midterm_practice1.php:0
[24-Oct-2018 18:00:52 UTC] PHP   2. getData() /home/ubuntu/workspace/cst336/practice/midterm_practice1/midterm_practice1.php:61
[24-Oct-2018 18:00:52 UTC] PHP   3. in_array() /home/ubuntu/workspace/cst336/practice/midterm_practice1/functions.php:15
[24-Oct-2018 18:00:54 UTC] PHP Warning:  in_array() expects parameter 2 to be array, string given in /home/ubuntu/workspace/cst336/practice/midterm_practice1/functions.php on line 15
[24-Oct-2018 18:00:54 UTC] PHP Stack trace:
[24-Oct-2018 18:00:54 UTC] PHP   1. {main}() /home/ubuntu/workspace/cst336/practice/midterm_practice1/midterm_practice1.php:0
[24-Oct-2018 18:00:54 UTC] PHP   2. getData() /home/ubuntu/workspace/cst336/practice/midterm_practice1/midterm_practice1.php:61
[24-Oct-2018 18:00:54 UTC] PHP   3. in_array() /home/ubuntu/workspace/cst336/practice/midterm_practice1/functions.php:15
[24-Oct-2018 18:05:54 UTC] PHP Warning:  Invalid argument supplied for foreach() in /home/ubuntu/workspace/cst336/practice/midterm_practice1/functions.php on line 153
[24-Oct-2018 18:05:54 UTC] PHP Stack trace:
[24-Oct-2018 18:05:54 UTC] PHP   1. {main}() /home/ubuntu/workspace/cst336/practice/midterm_practice1/midterm_practice1.php:0
[24-Oct-2018 18:05:54 UTC] PHP   2. getData() /home/ubuntu/workspace/cst336/practice/midterm_practice1/midterm_practice1.php:61
[24-Oct-2018 18:05:54 UTC] PHP   3. printSession() /home/ubuntu/workspace/cst336/practice/midterm_practice1/functions.php:44
[24-Oct-2018 18:06:04 UTC] PHP Warning:  Invalid argument supplied for foreach() in /home/ubuntu/workspace/cst336/practice/midterm_practice1/functions.php on line 153
[24-Oct-2018 18:06:04 UTC] PHP Stack trace:
[24-Oct-2018 18:06:04 UTC] PHP   1. {main}() /home/ubuntu/workspace/cst336/practice/midterm_practice1/midterm_practice1.php:0
[24-Oct-2018 18:06:04 UTC] PHP   2. getData() /home/ubuntu/workspace/cst336/practice/midterm_practice1/midterm_practice1.php:61
[24-Oct-2018 18:06:04 UTC] PHP   3. printSession() /home/ubuntu/workspace/cst336/practice/midterm_practice1/functions.php:44
[24-Oct-2018 18:13:56 UTC] PHP Warning:  Illegal string offset 'data' in /home/ubuntu/workspace/cst336/practice/midterm_practice1/functions.php on line 50
[24-Oct-2018 18:13:56 UTC] PHP Stack trace:
[24-Oct-2018 18:13:56 UTC] PHP   1. {main}() /home/ubuntu/workspace/cst336/practice/midterm_practice1/midterm_practice1.php:0
[24-Oct-2018 18:13:56 UTC] PHP   2. getData() /home/ubuntu/workspace/cst336/practice/midterm_practice1/midterm_practice1.php:61
[24-Oct-2018 18:13:56 UTC] PHP Warning:  Illegal string offset 'data' in /home/ubuntu/workspace/cst336/practice/midterm_practice1/functions.php on line 50
[24-Oct-2018 18:13:56 UTC] PHP Stack trace:
[24-Oct-2018 18:13:56 UTC] PHP   1. {main}() /home/ubuntu/workspace/cst336/practice/midterm_practice1/midterm_practice1.php:0
[24-Oct-2018 18:13:56 UTC] PHP   2. getData() /home/ubuntu/workspace/cst336/practice/midterm_practice1/midterm_practice1.php:61
[24-Oct-2018 18:13:57 UTC] PHP Warning:  Illegal string offset 'data' in /home/ubuntu/workspace/cst336/practice/midterm_practice1/functions.php on line 50
[24-Oct-2018 18:13:57 UTC] PHP Stack trace:
[24-Oct-2018 18:13:57 UTC] PHP   1. {main}() /home/ubuntu/workspace/cst336/practice/midterm_practice1/midterm_practice1.php:0
[24-Oct-2018 18:13:57 UTC] PHP   2. getData() /home/ubuntu/workspace/cst336/practice/midterm_practice1/midterm_practice1.php:61
[24-Oct-2018 18:13:57 UTC] PHP Warning:  Illegal string offset 'data' in /home/ubuntu/workspace/cst336/practice/midterm_practice1/functions.php on line 50
[24-Oct-2018 18:13:57 UTC] PHP Stack trace:
[24-Oct-2018 18:13:57 UTC] PHP   1. {main}() /home/ubuntu/workspace/cst336/practice/midterm_practice1/midterm_practice1.php:0
[24-Oct-2018 18:13:57 UTC] PHP   2. getData() /home/ubuntu/workspace/cst336/practice/midterm_practice1/midterm_practice1.php:61
[24-Oct-2018 18:15:26 UTC] PHP Warning:  Illegal string offset 'month' in /home/ubuntu/workspace/cst336/practice/midterm_practice1/functions.php on line 135
[24-Oct-2018 18:15:26 UTC] PHP Stack trace:
[24-Oct-2018 18:15:26 UTC] PHP   1. {main}() /home/ubuntu/workspace/cst336/practice/midterm_practice1/midterm_practice1.php:0
[24-Oct-2018 18:15:26 UTC] PHP   2. getData() /home/ubuntu/workspace/cst336/practice/midterm_practice1/midterm_practice1.php:61
[24-Oct-2018 18:15:26 UTC] PHP   3. printSession() /home/ubuntu/workspace/cst336/practice/midterm_practice1/functions.php:25
[24-Oct-2018 18:15:26 UTC] PHP Warning:  Illegal string offset 'amount' in /home/ubuntu/workspace/cst336/practice/midterm_practice1/functions.php on line 135
[24-Oct-2018 18:15:26 UTC] PHP Stack trace:
[24-Oct-2018 18:15:26 UTC] PHP   1. {main}() /home/ubuntu/workspace/cst336/practice/midterm_practice1/midterm_practice1.php:0
[24-Oct-2018 18:15:26 UTC] PHP   2. getData() /home/ubuntu/workspace/cst336/practice/midterm_practice1/midterm_practice1.php:61
[24-Oct-2018 18:15:26 UTC] PHP   3. printSession() /home/ubuntu/workspace/cst336/practice/midterm_practice1/functions.php:25
[24-Oct-2018 18:15:26 UTC] PHP Warning:  Illegal string offset 'country' in /home/ubuntu/workspace/cst336/practice/midterm_practice1/functions.php on line 135
[24-Oct-2018 18:15:26 UTC] PHP Stack trace:
[24-Oct-2018 18:15:26 UTC] PHP   1. {main}() /home/ubuntu/workspace/cst336/practice/midterm_practice1/midterm_practice1.php:0
[24-Oct-2018 18:15:26 UTC] PHP   2. getData() /home/ubuntu/workspace/cst336/practice/midterm_practice1/midterm_practice1.php:61
[24-Oct-2018 18:15:26 UTC] PHP   3. printSession() /home/ubuntu/workspace/cst336/practice/midterm_practice1/functions.php:25
[24-Oct-2018 18:15:26 UTC] PHP Warning:  Illegal string offset 'month' in /home/ubuntu/workspace/cst336/practice/midterm_practice1/functions.php on line 135
[24-Oct-2018 18:15:26 UTC] PHP Stack trace:
[24-Oct-2018 18:15:26 UTC] PHP   1. {main}() /home/ubuntu/workspace/cst336/practice/midterm_practice1/midterm_practice1.php:0
[24-Oct-2018 18:15:26 UTC] PHP   2. getData() /home/ubuntu/workspace/cst336/practice/midterm_practice1/midterm_practice1.php:61
[24-Oct-2018 18:15:26 UTC] PHP   3. printSession() /home/ubuntu/workspace/cst336/practice/midterm_practice1/functions.php:25
[24-Oct-2018 18:15:26 UTC] PHP Warning:  Illegal string offset 'amount' in /home/ubuntu/workspace/cst336/practice/midterm_practice1/functions.php on line 135
[24-Oct-2018 18:15:26 UTC] PHP Stack trace:
[24-Oct-2018 18:15:26 UTC] PHP   1. {main}() /home/ubuntu/workspace/cst336/practice/midterm_practice1/midterm_practice1.php:0
[24-Oct-2018 18:15:26 UTC] PHP   2. getData() /home/ubuntu/workspace/cst336/practice/midterm_practice1/midterm_practice1.php:61
[24-Oct-2018 18:15:26 UTC] PHP   3. printSession() /home/ubuntu/workspace/cst336/practice/midterm_practice1/functions.php:25
[24-Oct-2018 18:15:26 UTC] PHP Warning:  Illegal string offset 'country' in /home/ubuntu/workspace/cst336/practice/midterm_practice1/functions.php on line 135
[24-Oct-2018 18:15:26 UTC] PHP Stack trace:
[24-Oct-2018 18:15:26 UTC] PHP   1. {main}() /home/ubuntu/workspace/cst336/practice/midterm_practice1/midterm_practice1.php:0
[24-Oct-2018 18:15:26 UTC] PHP   2. getData() /home/ubuntu/workspace/cst336/practice/midterm_practice1/midterm_practice1.php:61
[24-Oct-2018 18:15:26 UTC] PHP   3. printSession() /home/ubuntu/workspace/cst336/practice/midterm_practice1/functions.php:25
[24-Oct-2018 18:15:27 UTC] PHP Warning:  Illegal string offset 'month' in /home/ubuntu/workspace/cst336/practice/midterm_practice1/functions.php on line 135
[24-Oct-2018 18:15:27 UTC] PHP Stack trace:
[24-Oct-2018 18:15:27 UTC] PHP   1. {main}() /home/ubuntu/workspace/cst336/practice/midterm_practice1/midterm_practice1.php:0
[24-Oct-2018 18:15:27 UTC] PHP   2. getData() /home/ubuntu/workspace/cst336/practice/midterm_practice1/midterm_practice1.php:61
[24-Oct-2018 18:15:27 UTC] PHP   3. printSession() /home/ubuntu/workspace/cst336/practice/midterm_practice1/functions.php:25
[24-Oct-2018 18:15:27 UTC] PHP Warning:  Illegal string offset 'amount' in /home/ubuntu/workspace/cst336/practice/midterm_practice1/functions.php on line 135
[24-Oct-2018 18:15:27 UTC] PHP Stack trace:
[24-Oct-2018 18:15:27 UTC] PHP   1. {main}() /home/ubuntu/workspace/cst336/practice/midterm_practice1/midterm_practice1.php:0
[24-Oct-2018 18:15:27 UTC] PHP   2. getData() /home/ubuntu/workspace/cst336/practice/midterm_practice1/midterm_practice1.php:61
[24-Oct-2018 18:15:27 UTC] PHP   3. printSession() /home/ubuntu/workspace/cst336/practice/midterm_practice1/functions.php:25
[24-Oct-2018 18:15:27 UTC] PHP Warning:  Illegal string offset 'country' in /home/ubuntu/workspace/cst336/practice/midterm_practice1/functions.php on line 135
[24-Oct-2018 18:15:27 UTC] PHP Stack trace:
[24-Oct-2018 18:15:27 UTC] PHP   1. {main}() /home/ubuntu/workspace/cst336/practice/midterm_practice1/midterm_practice1.php:0
[24-Oct-2018 18:15:27 UTC] PHP   2. getData() /home/ubuntu/workspace/cst336/practice/midterm_practice1/midterm_practice1.php:61
[24-Oct-2018 18:15:27 UTC] PHP   3. printSession() /home/ubuntu/workspace/cst336/practice/midterm_practice1/functions.php:25
[24-Oct-2018 18:15:27 UTC] PHP Warning:  Illegal string offset 'month' in /home/ubuntu/workspace/cst336/practice/midterm_practice1/functions.php on line 135
[24-Oct-2018 18:15:27 UTC] PHP Stack trace:
[24-Oct-2018 18:15:27 UTC] PHP   1. {main}() /home/ubuntu/workspace/cst336/practice/midterm_practice1/midterm_practice1.php:0
[24-Oct-2018 18:15:27 UTC] PHP   2. getData() /home/ubuntu/workspace/cst336/practice/midterm_practice1/midterm_practice1.php:61
[24-Oct-2018 18:15:27 UTC] PHP   3. printSession() /home/ubuntu/workspace/cst336/practice/midterm_practice1/functions.php:25
[24-Oct-2018 18:15:27 UTC] PHP Warning:  Illegal string offset 'amount' in /home/ubuntu/workspace/cst336/practice/midterm_practice1/functions.php on line 135
[24-Oct-2018 18:15:27 UTC] PHP Stack trace:
[24-Oct-2018 18:15:27 UTC] PHP   1. {main}() /home/ubuntu/workspace/cst336/practice/midterm_practice1/midterm_practice1.php:0
[24-Oct-2018 18:15:27 UTC] PHP   2. getData() /home/ubuntu/workspace/cst336/practice/midterm_practice1/midterm_practice1.php:61
[24-Oct-2018 18:15:27 UTC] PHP   3. printSession() /home/ubuntu/workspace/cst336/practice/midterm_practice1/functions.php:25
[24-Oct-2018 18:15:27 UTC] PHP Warning:  Illegal string offset 'country' in /home/ubuntu/workspace/cst336/practice/midterm_practice1/functions.php on line 135
[24-Oct-2018 18:15:27 UTC] PHP Stack trace:
[24-Oct-2018 18:15:27 UTC] PHP   1. {main}() /home/ubuntu/workspace/cst336/practice/midterm_practice1/midterm_practice1.php:0
[24-Oct-2018 18:15:27 UTC] PHP   2. getData() /home/ubuntu/workspace/cst336/practice/midterm_practice1/midterm_practice1.php:61
[24-Oct-2018 18:15:27 UTC] PHP   3. printSession() /home/ubuntu/workspace/cst336/practice/midterm_practice1/functions.php:25
[24-Oct-2018 18:15:33 UTC] PHP Warning:  Illegal string offset 'month' in /home/ubuntu/workspace/cst336/practice/midterm_practice1/functions.php on line 135
[24-Oct-2018 18:15:33 UTC] PHP Stack trace:
[24-Oct-2018 18:15:33 UTC] PHP   1. {main}() /home/ubuntu/workspace/cst336/practice/midterm_practice1/midterm_practice1.php:0
[24-Oct-2018 18:15:33 UTC] PHP   2. getData() /home/ubuntu/workspace/cst336/practice/midterm_practice1/midterm_practice1.php:61
[24-Oct-2018 18:15:33 UTC] PHP   3. printSession() /home/ubuntu/workspace/cst336/practice/midterm_practice1/functions.php:25
[24-Oct-2018 18:15:33 UTC] PHP Warning:  Illegal string offset 'amount' in /home/ubuntu/workspace/cst336/practice/midterm_practice1/functions.php on line 135
[24-Oct-2018 18:15:33 UTC] PHP Stack trace:
[24-Oct-2018 18:15:33 UTC] PHP   1. {main}() /home/ubuntu/workspace/cst336/practice/midterm_practice1/midterm_practice1.php:0
[24-Oct-2018 18:15:33 UTC] PHP   2. getData() /home/ubuntu/workspace/cst336/practice/midterm_practice1/midterm_practice1.php:61
[24-Oct-2018 18:15:33 UTC] PHP   3. printSession() /home/ubuntu/workspace/cst336/practice/midterm_practice1/functions.php:25
[24-Oct-2018 18:15:33 UTC] PHP Warning:  Illegal string offset 'country' in /home/ubuntu/workspace/cst336/practice/midterm_practice1/functions.php on line 135
[24-Oct-2018 18:15:33 UTC] PHP Stack trace:
[24-Oct-2018 18:15:33 UTC] PHP   1. {main}() /home/ubuntu/workspace/cst336/practice/midterm_practice1/midterm_practice1.php:0
[24-Oct-2018 18:15:33 UTC] PHP   2. getData() /home/ubuntu/workspace/cst336/practice/midterm_practice1/midterm_practice1.php:61
[24-Oct-2018 18:15:33 UTC] PHP   3. printSession() /home/ubuntu/workspace/cst336/practice/midterm_practice1/functions.php:25
[24-Oct-2018 18:15:33 UTC] PHP Warning:  Illegal string offset 'month' in /home/ubuntu/workspace/cst336/practice/midterm_practice1/functions.php on line 135
[24-Oct-2018 18:15:33 UTC] PHP Stack trace:
[24-Oct-2018 18:15:33 UTC] PHP   1. {main}() /home/ubuntu/workspace/cst336/practice/midterm_practice1/midterm_practice1.php:0
[24-Oct-2018 18:15:33 UTC] PHP   2. getData() /home/ubuntu/workspace/cst336/practice/midterm_practice1/midterm_practice1.php:61
[24-Oct-2018 18:15:33 UTC] PHP   3. printSession() /home/ubuntu/workspace/cst336/practice/midterm_practice1/functions.php:25
[24-Oct-2018 18:15:33 UTC] PHP Warning:  Illegal string offset 'amount' in /home/ubuntu/workspace/cst336/practice/midterm_practice1/functions.php on line 135
[24-Oct-2018 18:15:33 UTC] PHP Stack trace:
[24-Oct-2018 18:15:33 UTC] PHP   1. {main}() /home/ubuntu/workspace/cst336/practice/midterm_practice1/midterm_practice1.php:0
[24-Oct-2018 18:15:33 UTC] PHP   2. getData() /home/ubuntu/workspace/cst336/practice/midterm_practice1/midterm_practice1.php:61
[24-Oct-2018 18:15:33 UTC] PHP   3. printSession() /home/ubuntu/workspace/cst336/practice/midterm_practice1/functions.php:25
[24-Oct-2018 18:15:33 UTC] PHP Warning:  Illegal string offset 'country' in /home/ubuntu/workspace/cst336/practice/midterm_practice1/functions.php on line 135
[24-Oct-2018 18:15:33 UTC] PHP Stack trace:
[24-Oct-2018 18:15:33 UTC] PHP   1. {main}() /home/ubuntu/workspace/cst336/practice/midterm_practice1/midterm_practice1.php:0
[24-Oct-2018 18:15:33 UTC] PHP   2. getData() /home/ubuntu/workspace/cst336/practice/midterm_practice1/midterm_practice1.php:61
[24-Oct-2018 18:15:33 UTC] PHP   3. printSession() /home/ubuntu/workspace/cst336/practice/midterm_practice1/functions.php:25
