[10-Sep-2018 21:50:08 UTC] PHP Parse error:  syntax error, unexpected '$symbol' (T_VARIABLE), expecting ',' or ';' in /home/ubuntu/workspace/cst336/labs/lab2/index.php on line 11
[10-Sep-2018 21:50:09 UTC] PHP Parse error:  syntax error, unexpected '$symbol' (T_VARIABLE), expecting ',' or ';' in /home/ubuntu/workspace/cst336/labs/lab2/index.php on line 11
[10-Sep-2018 21:50:10 UTC] PHP Parse error:  syntax error, unexpected '$symbol' (T_VARIABLE), expecting ',' or ';' in /home/ubuntu/workspace/cst336/labs/lab2/index.php on line 11
[17-Sep-2018 21:48:10 UTC] PHP Parse error:  syntax error, unexpected 'echo' (T_ECHO), expecting ',' or ';' in /home/ubuntu/workspace/cst336/labs/lab3/arrays.php on line 31
[17-Sep-2018 21:48:11 UTC] PHP Parse error:  syntax error, unexpected 'echo' (T_ECHO), expecting ',' or ';' in /home/ubuntu/workspace/cst336/labs/lab3/arrays.php on line 31
[01-Oct-2018 21:09:36 UTC] PHP Parse error:  syntax error, unexpected ',', expecting ']' in /home/ubuntu/workspace/cst336/labs/lab4/index.php on line 12
[01-Oct-2018 21:09:55 UTC] PHP Parse error:  syntax error, unexpected ',', expecting ']' in /home/ubuntu/workspace/cst336/labs/lab4/index.php on line 12
[01-Oct-2018 21:09:56 UTC] PHP Parse error:  syntax error, unexpected ',', expecting ']' in /home/ubuntu/workspace/cst336/labs/lab4/index.php on line 12
[01-Oct-2018 21:09:58 UTC] PHP Parse error:  syntax error, unexpected ',', expecting ']' in /home/ubuntu/workspace/cst336/labs/lab4/index.php on line 12
[06-Oct-2018 20:38:01 UTC] PHP Fatal error:  Maximum execution time of 300 seconds exceeded in /home/ubuntu/workspace/cst336/labs/lab4/index.php on line 71
[06-Oct-2018 20:38:01 UTC] PHP Stack trace:
[06-Oct-2018 20:38:01 UTC] PHP   1. {main}() /home/ubuntu/workspace/cst336/labs/lab4/index.php:0
[06-Oct-2018 20:59:06 UTC] PHP Fatal error:  Maximum execution time of 300 seconds exceeded in /home/ubuntu/workspace/cst336/labs/lab4/index.php on line 71
[06-Oct-2018 20:59:06 UTC] PHP Stack trace:
[06-Oct-2018 20:59:06 UTC] PHP   1. {main}() /home/ubuntu/workspace/cst336/labs/lab4/index.php:0
[06-Oct-2018 20:59:10 UTC] PHP Fatal error:  Maximum execution time of 300 seconds exceeded in /home/ubuntu/workspace/cst336/labs/lab4/index.php on line 71
[06-Oct-2018 20:59:11 UTC] PHP Stack trace:
[06-Oct-2018 20:59:11 UTC] PHP   1. {main}() /home/ubuntu/workspace/cst336/labs/lab4/index.php:0
[06-Oct-2018 21:29:43 UTC] PHP Fatal error:  Maximum execution time of 300 seconds exceeded in /home/ubuntu/workspace/cst336/labs/lab4/test.php on line 55
[06-Oct-2018 21:29:43 UTC] PHP Stack trace:
[06-Oct-2018 21:29:43 UTC] PHP   1. {main}() /home/ubuntu/workspace/cst336/labs/lab4/test.php:0
[06-Oct-2018 21:29:47 UTC] PHP Fatal error:  Maximum execution time of 300 seconds exceeded in /home/ubuntu/workspace/cst336/labs/lab4/test.php on line 55
[06-Oct-2018 21:29:47 UTC] PHP Stack trace:
[06-Oct-2018 21:29:47 UTC] PHP   1. {main}() /home/ubuntu/workspace/cst336/labs/lab4/test.php:0
[06-Oct-2018 22:21:09 UTC] PHP Fatal error:  Array callback has to contain indices 0 and 1 in /home/ubuntu/workspace/cst336/labs/lab4/test.php on line 9
[06-Oct-2018 22:21:09 UTC] PHP Stack trace:
[06-Oct-2018 22:21:09 UTC] PHP   1. {main}() /home/ubuntu/workspace/cst336/labs/lab4/test.php:0
[06-Oct-2018 22:21:50 UTC] PHP Fatal error:  Array callback has to contain indices 0 and 1 in /home/ubuntu/workspace/cst336/labs/lab4/test.php on line 9
[06-Oct-2018 22:21:50 UTC] PHP Stack trace:
[06-Oct-2018 22:21:50 UTC] PHP   1. {main}() /home/ubuntu/workspace/cst336/labs/lab4/test.php:0
[10-Oct-2018 21:22:33 UTC] PHP Fatal error:  Uncaught exception 'PDOException' with message 'SQLSTATE[HY000] [1049] Unknown database 'ottermart'' in /home/ubuntu/workspace/cst336/labs/lab6/index.php:8
Stack trace:
#0 /home/ubuntu/workspace/cst336/labs/lab6/index.php(8): PDO->__construct('mysql:host=loca...', 'root', '')
#1 {main}
  thrown in /home/ubuntu/workspace/cst336/labs/lab6/index.php on line 8
[10-Oct-2018 21:57:59 UTC] PHP Fatal error:  Call to undefined method PDO::FETCH_ASSOC() in /home/ubuntu/workspace/cst336/labs/lab6/index.php on line 14
[10-Oct-2018 21:57:59 UTC] PHP Stack trace:
[10-Oct-2018 21:57:59 UTC] PHP   1. {main}() /home/ubuntu/workspace/cst336/labs/lab6/index.php:0
[10-Oct-2018 21:58:01 UTC] PHP Fatal error:  Call to undefined method PDO::FETCH_ASSOC() in /home/ubuntu/workspace/cst336/labs/lab6/index.php on line 14
[10-Oct-2018 21:58:01 UTC] PHP Stack trace:
[10-Oct-2018 21:58:01 UTC] PHP   1. {main}() /home/ubuntu/workspace/cst336/labs/lab6/index.php:0
[10-Oct-2018 21:58:26 UTC] PHP Parse error:  syntax error, unexpected 's' (T_STRING) in /home/ubuntu/workspace/cst336/labs/lab6/index.php on line 14
[10-Oct-2018 22:05:05 UTC] PHP Fatal error:  Call to a member function prepare() on a non-object in /home/ubuntu/workspace/cst336/labs/lab6/index.php on line 14
[10-Oct-2018 22:05:05 UTC] PHP Stack trace:
[10-Oct-2018 22:05:05 UTC] PHP   1. {main}() /home/ubuntu/workspace/cst336/labs/lab6/index.php:0
[10-Oct-2018 22:05:05 UTC] PHP   2. displayCategories() /home/ubuntu/workspace/cst336/labs/lab6/index.php:37
[10-Oct-2018 22:10:31 UTC] PHP Warning:  include(../inc/dbConnection.php): failed to open stream: No such file or directory in /home/ubuntu/workspace/cst336/labs/lab6/index.php on line 3
[10-Oct-2018 22:10:31 UTC] PHP Stack trace:
[10-Oct-2018 22:10:31 UTC] PHP   1. {main}() /home/ubuntu/workspace/cst336/labs/lab6/index.php:0
[10-Oct-2018 22:10:31 UTC] PHP Warning:  include(): Failed opening '../inc/dbConnection.php' for inclusion (include_path='.:/usr/share/php:/usr/share/pear') in /home/ubuntu/workspace/cst336/labs/lab6/index.php on line 3
[10-Oct-2018 22:10:31 UTC] PHP Stack trace:
[10-Oct-2018 22:10:31 UTC] PHP   1. {main}() /home/ubuntu/workspace/cst336/labs/lab6/index.php:0
[10-Oct-2018 22:10:31 UTC] PHP Fatal error:  Call to undefined function startConnection() in /home/ubuntu/workspace/cst336/labs/lab6/index.php on line 4
[10-Oct-2018 22:10:31 UTC] PHP Stack trace:
[10-Oct-2018 22:10:31 UTC] PHP   1. {main}() /home/ubuntu/workspace/cst336/labs/lab6/index.php:0
[10-Oct-2018 22:10:32 UTC] PHP Warning:  include(../inc/dbConnection.php): failed to open stream: No such file or directory in /home/ubuntu/workspace/cst336/labs/lab6/index.php on line 3
[10-Oct-2018 22:10:32 UTC] PHP Stack trace:
[10-Oct-2018 22:10:32 UTC] PHP   1. {main}() /home/ubuntu/workspace/cst336/labs/lab6/index.php:0
[10-Oct-2018 22:10:32 UTC] PHP Warning:  include(): Failed opening '../inc/dbConnection.php' for inclusion (include_path='.:/usr/share/php:/usr/share/pear') in /home/ubuntu/workspace/cst336/labs/lab6/index.php on line 3
[10-Oct-2018 22:10:32 UTC] PHP Stack trace:
[10-Oct-2018 22:10:32 UTC] PHP   1. {main}() /home/ubuntu/workspace/cst336/labs/lab6/index.php:0
[10-Oct-2018 22:10:32 UTC] PHP Fatal error:  Call to undefined function startConnection() in /home/ubuntu/workspace/cst336/labs/lab6/index.php on line 4
[10-Oct-2018 22:10:32 UTC] PHP Stack trace:
[10-Oct-2018 22:10:32 UTC] PHP   1. {main}() /home/ubuntu/workspace/cst336/labs/lab6/index.php:0
[10-Oct-2018 22:10:48 UTC] PHP Fatal error:  Call to a member function prepare() on a non-object in /home/ubuntu/workspace/cst336/labs/lab6/index.php on line 10
[10-Oct-2018 22:10:48 UTC] PHP Stack trace:
[10-Oct-2018 22:10:48 UTC] PHP   1. {main}() /home/ubuntu/workspace/cst336/labs/lab6/index.php:0
[10-Oct-2018 22:10:48 UTC] PHP   2. displayCategories() /home/ubuntu/workspace/cst336/labs/lab6/index.php:33
[10-Oct-2018 22:10:50 UTC] PHP Fatal error:  Call to a member function prepare() on a non-object in /home/ubuntu/workspace/cst336/labs/lab6/index.php on line 10
[10-Oct-2018 22:10:50 UTC] PHP Stack trace:
[10-Oct-2018 22:10:50 UTC] PHP   1. {main}() /home/ubuntu/workspace/cst336/labs/lab6/index.php:0
[10-Oct-2018 22:10:50 UTC] PHP   2. displayCategories() /home/ubuntu/workspace/cst336/labs/lab6/index.php:33
[21-Oct-2018 00:24:14 UTC] PHP Fatal error:  Call to undefined function dispayCart() in /home/ubuntu/workspace/cst336/labs/lab5/scart.php on line 54
[21-Oct-2018 00:24:14 UTC] PHP Stack trace:
[21-Oct-2018 00:24:14 UTC] PHP   1. {main}() /home/ubuntu/workspace/cst336/labs/lab5/scart.php:0
[21-Oct-2018 00:24:48 UTC] PHP Fatal error:  Call to undefined function dispayCart() in /home/ubuntu/workspace/cst336/labs/lab5/scart.php on line 54
[21-Oct-2018 00:24:48 UTC] PHP Stack trace:
[21-Oct-2018 00:24:48 UTC] PHP   1. {main}() /home/ubuntu/workspace/cst336/labs/lab5/scart.php:0
[21-Oct-2018 00:24:50 UTC] PHP Fatal error:  Call to undefined function dispayCart() in /home/ubuntu/workspace/cst336/labs/lab5/scart.php on line 54
[21-Oct-2018 00:24:50 UTC] PHP Stack trace:
[21-Oct-2018 00:24:50 UTC] PHP   1. {main}() /home/ubuntu/workspace/cst336/labs/lab5/scart.php:0
[21-Oct-2018 00:24:59 UTC] PHP Fatal error:  Call to undefined function dispayCart() in /home/ubuntu/workspace/cst336/labs/lab5/scart.php on line 54
[21-Oct-2018 00:24:59 UTC] PHP Stack trace:
[21-Oct-2018 00:24:59 UTC] PHP   1. {main}() /home/ubuntu/workspace/cst336/labs/lab5/scart.php:0
[21-Oct-2018 00:25:02 UTC] PHP Fatal error:  Call to undefined function dispayCart() in /home/ubuntu/workspace/cst336/labs/lab5/scart.php on line 54
[21-Oct-2018 00:25:02 UTC] PHP Stack trace:
[21-Oct-2018 00:25:02 UTC] PHP   1. {main}() /home/ubuntu/workspace/cst336/labs/lab5/scart.php:0
[28-Oct-2018 01:35:37 UTC] PHP Warning:  include(../../dbConnection.php): failed to open stream: No such file or directory in /home/ubuntu/workspace/cst336/labs/lab6/index.php on line 2
[28-Oct-2018 01:35:37 UTC] PHP Stack trace:
[28-Oct-2018 01:35:37 UTC] PHP   1. {main}() /home/ubuntu/workspace/cst336/labs/lab6/index.php:0
[28-Oct-2018 01:35:37 UTC] PHP Warning:  include(): Failed opening '../../dbConnection.php' for inclusion (include_path='.:/usr/share/php:/usr/share/pear') in /home/ubuntu/workspace/cst336/labs/lab6/index.php on line 2
[28-Oct-2018 01:35:37 UTC] PHP Stack trace:
[28-Oct-2018 01:35:37 UTC] PHP   1. {main}() /home/ubuntu/workspace/cst336/labs/lab6/index.php:0
[28-Oct-2018 01:35:37 UTC] PHP Fatal error:  Call to undefined function startConnection() in /home/ubuntu/workspace/cst336/labs/lab6/index.php on line 3
[28-Oct-2018 01:35:37 UTC] PHP Stack trace:
[28-Oct-2018 01:35:37 UTC] PHP   1. {main}() /home/ubuntu/workspace/cst336/labs/lab6/index.php:0
[28-Oct-2018 01:36:00 UTC] PHP Warning:  include(../dbConnection.php): failed to open stream: No such file or directory in /home/ubuntu/workspace/cst336/labs/lab6/index.php on line 2
[28-Oct-2018 01:36:00 UTC] PHP Stack trace:
[28-Oct-2018 01:36:00 UTC] PHP   1. {main}() /home/ubuntu/workspace/cst336/labs/lab6/index.php:0
[28-Oct-2018 01:36:00 UTC] PHP Warning:  include(): Failed opening '../dbConnection.php' for inclusion (include_path='.:/usr/share/php:/usr/share/pear') in /home/ubuntu/workspace/cst336/labs/lab6/index.php on line 2
[28-Oct-2018 01:36:00 UTC] PHP Stack trace:
[28-Oct-2018 01:36:00 UTC] PHP   1. {main}() /home/ubuntu/workspace/cst336/labs/lab6/index.php:0
[28-Oct-2018 01:36:00 UTC] PHP Fatal error:  Call to undefined function startConnection() in /home/ubuntu/workspace/cst336/labs/lab6/index.php on line 3
[28-Oct-2018 01:36:00 UTC] PHP Stack trace:
[28-Oct-2018 01:36:00 UTC] PHP   1. {main}() /home/ubuntu/workspace/cst336/labs/lab6/index.php:0
[28-Oct-2018 01:36:01 UTC] PHP Warning:  include(../dbConnection.php): failed to open stream: No such file or directory in /home/ubuntu/workspace/cst336/labs/lab6/index.php on line 2
[28-Oct-2018 01:36:01 UTC] PHP Stack trace:
[28-Oct-2018 01:36:01 UTC] PHP   1. {main}() /home/ubuntu/workspace/cst336/labs/lab6/index.php:0
[28-Oct-2018 01:36:01 UTC] PHP Warning:  include(): Failed opening '../dbConnection.php' for inclusion (include_path='.:/usr/share/php:/usr/share/pear') in /home/ubuntu/workspace/cst336/labs/lab6/index.php on line 2
[28-Oct-2018 01:36:01 UTC] PHP Stack trace:
[28-Oct-2018 01:36:01 UTC] PHP   1. {main}() /home/ubuntu/workspace/cst336/labs/lab6/index.php:0
[28-Oct-2018 01:36:01 UTC] PHP Fatal error:  Call to undefined function startConnection() in /home/ubuntu/workspace/cst336/labs/lab6/index.php on line 3
[28-Oct-2018 01:36:01 UTC] PHP Stack trace:
[28-Oct-2018 01:36:01 UTC] PHP   1. {main}() /home/ubuntu/workspace/cst336/labs/lab6/index.php:0
[28-Oct-2018 01:37:00 UTC] PHP Fatal error:  Uncaught exception 'PDOException' with message 'SQLSTATE[42000]: Syntax error or access violation: 1064 You have an error in your SQL syntax; check the manual that corresponds to your MySQL server version for the right syntax to use near ''om_category' ORDER BY catName' at line 1' in /home/ubuntu/workspace/cst336/labs/lab6/index.php:11
Stack trace:
#0 /home/ubuntu/workspace/cst336/labs/lab6/index.php(11): PDOStatement->execute()
#1 /home/ubuntu/workspace/cst336/labs/lab6/index.php(38): displayCategories()
#2 {main}
  thrown in /home/ubuntu/workspace/cst336/labs/lab6/index.php on line 11
[28-Oct-2018 01:37:20 UTC] PHP Fatal error:  Uncaught exception 'PDOException' with message 'SQLSTATE[42000]: Syntax error or access violation: 1064 You have an error in your SQL syntax; check the manual that corresponds to your MySQL server version for the right syntax to use near ''om_category' ORDER BY catName' at line 1' in /home/ubuntu/workspace/cst336/labs/lab6/index.php:11
Stack trace:
#0 /home/ubuntu/workspace/cst336/labs/lab6/index.php(11): PDOStatement->execute()
#1 /home/ubuntu/workspace/cst336/labs/lab6/index.php(38): displayCategories()
#2 {main}
  thrown in /home/ubuntu/workspace/cst336/labs/lab6/index.php on line 11
[28-Oct-2018 01:39:05 UTC] PHP Fatal error:  Call to a member function prepare() on a non-object in /home/ubuntu/workspace/cst336/labs/lab6/index.php on line 9
[28-Oct-2018 01:39:05 UTC] PHP Stack trace:
[28-Oct-2018 01:39:05 UTC] PHP   1. {main}() /home/ubuntu/workspace/cst336/labs/lab6/index.php:0
[28-Oct-2018 01:39:05 UTC] PHP   2. displayCategories() /home/ubuntu/workspace/cst336/labs/lab6/index.php:35
[28-Oct-2018 01:39:21 UTC] PHP Fatal error:  Call to a member function prepare() on a non-object in /home/ubuntu/workspace/cst336/labs/lab6/index.php on line 9
[28-Oct-2018 01:39:21 UTC] PHP Stack trace:
[28-Oct-2018 01:39:21 UTC] PHP   1. {main}() /home/ubuntu/workspace/cst336/labs/lab6/index.php:0
[28-Oct-2018 01:39:21 UTC] PHP   2. displayCategories() /home/ubuntu/workspace/cst336/labs/lab6/index.php:35
[28-Oct-2018 01:53:50 UTC] PHP Fatal error:  Call to a member function prepare() on a non-object in /home/ubuntu/workspace/cst336/labs/lab6/index.php on line 31
[28-Oct-2018 01:53:50 UTC] PHP Stack trace:
[28-Oct-2018 01:53:50 UTC] PHP   1. {main}() /home/ubuntu/workspace/cst336/labs/lab6/index.php:0
[28-Oct-2018 01:53:50 UTC] PHP   2. displaySearchResults() /home/ubuntu/workspace/cst336/labs/lab6/index.php:80
[28-Oct-2018 01:55:19 UTC] PHP Fatal error:  Call to a member function prepare() on a non-object in /home/ubuntu/workspace/cst336/labs/lab6/index.php on line 32
[28-Oct-2018 01:55:19 UTC] PHP Stack trace:
[28-Oct-2018 01:55:19 UTC] PHP   1. {main}() /home/ubuntu/workspace/cst336/labs/lab6/index.php:0
[28-Oct-2018 01:55:19 UTC] PHP   2. displaySearchResults() /home/ubuntu/workspace/cst336/labs/lab6/index.php:81
[28-Oct-2018 01:55:24 UTC] PHP Fatal error:  Call to a member function prepare() on a non-object in /home/ubuntu/workspace/cst336/labs/lab6/index.php on line 32
[28-Oct-2018 01:55:24 UTC] PHP Stack trace:
[28-Oct-2018 01:55:24 UTC] PHP   1. {main}() /home/ubuntu/workspace/cst336/labs/lab6/index.php:0
[28-Oct-2018 01:55:24 UTC] PHP   2. displaySearchResults() /home/ubuntu/workspace/cst336/labs/lab6/index.php:81
[11-Nov-2018 04:58:05 UTC] PHP Warning:  include(inc/functions.php): failed to open stream: No such file or directory in /home/ubuntu/workspace/cst336/labs/lab7/admin.php on line 9
[11-Nov-2018 04:58:05 UTC] PHP Stack trace:
[11-Nov-2018 04:58:05 UTC] PHP   1. {main}() /home/ubuntu/workspace/cst336/labs/lab7/admin.php:0
[11-Nov-2018 04:58:05 UTC] PHP Warning:  include(): Failed opening 'inc/functions.php' for inclusion (include_path='.:/usr/share/php:/usr/share/pear') in /home/ubuntu/workspace/cst336/labs/lab7/admin.php on line 9
[11-Nov-2018 04:58:05 UTC] PHP Stack trace:
[11-Nov-2018 04:58:05 UTC] PHP   1. {main}() /home/ubuntu/workspace/cst336/labs/lab7/admin.php:0
[11-Nov-2018 04:58:05 UTC] PHP Fatal error:  Call to undefined function validateSession() in /home/ubuntu/workspace/cst336/labs/lab7/admin.php on line 10
[11-Nov-2018 04:58:05 UTC] PHP Stack trace:
[11-Nov-2018 04:58:05 UTC] PHP   1. {main}() /home/ubuntu/workspace/cst336/labs/lab7/admin.php:0
