[10-Dec-2018 05:29:20 UTC] PHP Fatal error:  Uncaught exception 'PDOException' with message 'SQLSTATE[42S02]: Base table or view not found: 1146 Table 'ottercars.om_admin' doesn't exist' in /home/ubuntu/workspace/cst336/final_project/inc/loginProcess.php:23
Stack trace:
#0 /home/ubuntu/workspace/cst336/final_project/inc/loginProcess.php(23): PDOStatement->execute(Array)
#1 {main}
  thrown in /home/ubuntu/workspace/cst336/final_project/inc/loginProcess.php on line 23
[10-Dec-2018 05:41:00 UTC] PHP Fatal error:  Uncaught exception 'PDOException' with message 'SQLSTATE[42S02]: Base table or view not found: 1146 Table 'ottercars.om_product' doesn't exist' in /home/ubuntu/workspace/cst336/final_project/inc/functions.php:16
Stack trace:
#0 /home/ubuntu/workspace/cst336/final_project/inc/functions.php(16): PDOStatement->execute()
#1 /home/ubuntu/workspace/cst336/final_project/inc/admin.php(59): displayAllProducts()
#2 {main}
  thrown in /home/ubuntu/workspace/cst336/final_project/inc/functions.php on line 16
[10-Dec-2018 05:41:01 UTC] PHP Fatal error:  Uncaught exception 'PDOException' with message 'SQLSTATE[42S02]: Base table or view not found: 1146 Table 'ottercars.om_product' doesn't exist' in /home/ubuntu/workspace/cst336/final_project/inc/functions.php:16
Stack trace:
#0 /home/ubuntu/workspace/cst336/final_project/inc/functions.php(16): PDOStatement->execute()
#1 /home/ubuntu/workspace/cst336/final_project/inc/admin.php(59): displayAllProducts()
#2 {main}
  thrown in /home/ubuntu/workspace/cst336/final_project/inc/functions.php on line 16
[10-Dec-2018 05:41:04 UTC] PHP Fatal error:  Uncaught exception 'PDOException' with message 'SQLSTATE[42S02]: Base table or view not found: 1146 Table 'ottercars.om_product' doesn't exist' in /home/ubuntu/workspace/cst336/final_project/inc/functions.php:16
Stack trace:
#0 /home/ubuntu/workspace/cst336/final_project/inc/functions.php(16): PDOStatement->execute()
#1 /home/ubuntu/workspace/cst336/final_project/inc/admin.php(59): displayAllProducts()
#2 {main}
  thrown in /home/ubuntu/workspace/cst336/final_project/inc/functions.php on line 16
[10-Dec-2018 05:41:24 UTC] PHP Fatal error:  Uncaught exception 'PDOException' with message 'SQLSTATE[42S02]: Base table or view not found: 1146 Table 'ottercars.om_product' doesn't exist' in /home/ubuntu/workspace/cst336/final_project/inc/functions.php:16
Stack trace:
#0 /home/ubuntu/workspace/cst336/final_project/inc/functions.php(16): PDOStatement->execute()
#1 /home/ubuntu/workspace/cst336/final_project/inc/admin.php(59): displayAllProducts()
#2 {main}
  thrown in /home/ubuntu/workspace/cst336/final_project/inc/functions.php on line 16
[10-Dec-2018 21:30:00 UTC] PHP Fatal error:  Uncaught exception 'PDOException' with message 'SQLSTATE[42S02]: Base table or view not found: 1146 Table 'ottercars.om_product' doesn't exist' in /home/ubuntu/workspace/cst336/final_project/inc/functions.php:16
Stack trace:
#0 /home/ubuntu/workspace/cst336/final_project/inc/functions.php(16): PDOStatement->execute()
#1 /home/ubuntu/workspace/cst336/final_project/inc/admin.php(59): displayAllProducts()
#2 {main}
  thrown in /home/ubuntu/workspace/cst336/final_project/inc/functions.php on line 16
[10-Dec-2018 21:44:37 UTC] PHP Fatal error:  Uncaught exception 'PDOException' with message 'SQLSTATE[42S02]: Base table or view not found: 1146 Table 'ottercars.om_product' doesn't exist' in /home/ubuntu/workspace/cst336/final_project/inc/functions.php:16
Stack trace:
#0 /home/ubuntu/workspace/cst336/final_project/inc/functions.php(16): PDOStatement->execute()
#1 /home/ubuntu/workspace/cst336/final_project/inc/admin.php(59): displayAllProducts()
#2 {main}
  thrown in /home/ubuntu/workspace/cst336/final_project/inc/functions.php on line 16
[10-Dec-2018 21:45:10 UTC] PHP Fatal error:  Uncaught exception 'PDOException' with message 'SQLSTATE[42S02]: Base table or view not found: 1146 Table 'ottercars.om_product' doesn't exist' in /home/ubuntu/workspace/cst336/final_project/inc/functions.php:16
Stack trace:
#0 /home/ubuntu/workspace/cst336/final_project/inc/functions.php(16): PDOStatement->execute()
#1 /home/ubuntu/workspace/cst336/final_project/inc/admin.php(59): displayAllProducts()
#2 {main}
  thrown in /home/ubuntu/workspace/cst336/final_project/inc/functions.php on line 16
[11-Dec-2018 18:18:48 UTC] PHP Fatal error:  Uncaught exception 'PDOException' with message 'SQLSTATE[42S02]: Base table or view not found: 1146 Table 'ottercars.om_product' doesn't exist' in /home/ubuntu/workspace/cst336/final_project/inc/functions.php:16
Stack trace:
#0 /home/ubuntu/workspace/cst336/final_project/inc/functions.php(16): PDOStatement->execute()
#1 /home/ubuntu/workspace/cst336/final_project/inc/admin.php(59): displayAllProducts()
#2 {main}
  thrown in /home/ubuntu/workspace/cst336/final_project/inc/functions.php on line 16
[11-Dec-2018 18:23:39 UTC] PHP Warning:  include(inc/functions.php): failed to open stream: No such file or directory in /home/ubuntu/workspace/cst336/final_project/inc/deleteProduct.php on line 6
[11-Dec-2018 18:23:39 UTC] PHP Stack trace:
[11-Dec-2018 18:23:39 UTC] PHP   1. {main}() /home/ubuntu/workspace/cst336/final_project/inc/deleteProduct.php:0
[11-Dec-2018 18:23:39 UTC] PHP Warning:  include(): Failed opening 'inc/functions.php' for inclusion (include_path='.:/usr/share/php:/usr/share/pear') in /home/ubuntu/workspace/cst336/final_project/inc/deleteProduct.php on line 6
[11-Dec-2018 18:23:39 UTC] PHP Stack trace:
[11-Dec-2018 18:23:39 UTC] PHP   1. {main}() /home/ubuntu/workspace/cst336/final_project/inc/deleteProduct.php:0
[11-Dec-2018 18:23:39 UTC] PHP Fatal error:  Call to undefined function validateSession() in /home/ubuntu/workspace/cst336/final_project/inc/deleteProduct.php on line 7
[11-Dec-2018 18:23:39 UTC] PHP Stack trace:
[11-Dec-2018 18:23:39 UTC] PHP   1. {main}() /home/ubuntu/workspace/cst336/final_project/inc/deleteProduct.php:0
[11-Dec-2018 18:24:48 UTC] PHP Fatal error:  Uncaught exception 'PDOException' with message 'SQLSTATE[42S02]: Base table or view not found: 1146 Table 'ottercars.oc_product' doesn't exist' in /home/ubuntu/workspace/cst336/final_project/inc/deleteProduct.php:11
Stack trace:
#0 /home/ubuntu/workspace/cst336/final_project/inc/deleteProduct.php(11): PDOStatement->execute()
#1 {main}
  thrown in /home/ubuntu/workspace/cst336/final_project/inc/deleteProduct.php on line 11
[11-Dec-2018 18:24:49 UTC] PHP Fatal error:  Uncaught exception 'PDOException' with message 'SQLSTATE[42S02]: Base table or view not found: 1146 Table 'ottercars.oc_product' doesn't exist' in /home/ubuntu/workspace/cst336/final_project/inc/deleteProduct.php:11
Stack trace:
#0 /home/ubuntu/workspace/cst336/final_project/inc/deleteProduct.php(11): PDOStatement->execute()
#1 {main}
  thrown in /home/ubuntu/workspace/cst336/final_project/inc/deleteProduct.php on line 11
[11-Dec-2018 18:25:18 UTC] PHP Fatal error:  Uncaught exception 'PDOException' with message 'SQLSTATE[42S02]: Base table or view not found: 1146 Table 'ottercars.oc_product' doesn't exist' in /home/ubuntu/workspace/cst336/final_project/inc/deleteProduct.php:11
Stack trace:
#0 /home/ubuntu/workspace/cst336/final_project/inc/deleteProduct.php(11): PDOStatement->execute()
#1 {main}
  thrown in /home/ubuntu/workspace/cst336/final_project/inc/deleteProduct.php on line 11
[11-Dec-2018 18:25:19 UTC] PHP Fatal error:  Uncaught exception 'PDOException' with message 'SQLSTATE[42S02]: Base table or view not found: 1146 Table 'ottercars.oc_product' doesn't exist' in /home/ubuntu/workspace/cst336/final_project/inc/deleteProduct.php:11
Stack trace:
#0 /home/ubuntu/workspace/cst336/final_project/inc/deleteProduct.php(11): PDOStatement->execute()
#1 {main}
  thrown in /home/ubuntu/workspace/cst336/final_project/inc/deleteProduct.php on line 11
[11-Dec-2018 18:25:20 UTC] PHP Fatal error:  Uncaught exception 'PDOException' with message 'SQLSTATE[42S02]: Base table or view not found: 1146 Table 'ottercars.oc_product' doesn't exist' in /home/ubuntu/workspace/cst336/final_project/inc/deleteProduct.php:11
Stack trace:
#0 /home/ubuntu/workspace/cst336/final_project/inc/deleteProduct.php(11): PDOStatement->execute()
#1 {main}
  thrown in /home/ubuntu/workspace/cst336/final_project/inc/deleteProduct.php on line 11
[11-Dec-2018 18:25:21 UTC] PHP Fatal error:  Uncaught exception 'PDOException' with message 'SQLSTATE[42S02]: Base table or view not found: 1146 Table 'ottercars.oc_product' doesn't exist' in /home/ubuntu/workspace/cst336/final_project/inc/deleteProduct.php:11
Stack trace:
#0 /home/ubuntu/workspace/cst336/final_project/inc/deleteProduct.php(11): PDOStatement->execute()
#1 {main}
  thrown in /home/ubuntu/workspace/cst336/final_project/inc/deleteProduct.php on line 11
[11-Dec-2018 18:25:24 UTC] PHP Fatal error:  Uncaught exception 'PDOException' with message 'SQLSTATE[42S02]: Base table or view not found: 1146 Table 'ottercars.oc_product' doesn't exist' in /home/ubuntu/workspace/cst336/final_project/inc/deleteProduct.php:11
Stack trace:
#0 /home/ubuntu/workspace/cst336/final_project/inc/deleteProduct.php(11): PDOStatement->execute()
#1 {main}
  thrown in /home/ubuntu/workspace/cst336/final_project/inc/deleteProduct.php on line 11
[11-Dec-2018 18:26:11 UTC] PHP Fatal error:  Uncaught exception 'PDOException' with message 'SQLSTATE[42S02]: Base table or view not found: 1146 Table 'ottercars.oc_product' doesn't exist' in /home/ubuntu/workspace/cst336/final_project/inc/deleteProduct.php:11
Stack trace:
#0 /home/ubuntu/workspace/cst336/final_project/inc/deleteProduct.php(11): PDOStatement->execute()
#1 {main}
  thrown in /home/ubuntu/workspace/cst336/final_project/inc/deleteProduct.php on line 11
[11-Dec-2018 18:26:12 UTC] PHP Fatal error:  Uncaught exception 'PDOException' with message 'SQLSTATE[42S02]: Base table or view not found: 1146 Table 'ottercars.oc_product' doesn't exist' in /home/ubuntu/workspace/cst336/final_project/inc/deleteProduct.php:11
Stack trace:
#0 /home/ubuntu/workspace/cst336/final_project/inc/deleteProduct.php(11): PDOStatement->execute()
#1 {main}
  thrown in /home/ubuntu/workspace/cst336/final_project/inc/deleteProduct.php on line 11
[11-Dec-2018 18:26:13 UTC] PHP Fatal error:  Uncaught exception 'PDOException' with message 'SQLSTATE[42S02]: Base table or view not found: 1146 Table 'ottercars.oc_product' doesn't exist' in /home/ubuntu/workspace/cst336/final_project/inc/deleteProduct.php:11
Stack trace:
#0 /home/ubuntu/workspace/cst336/final_project/inc/deleteProduct.php(11): PDOStatement->execute()
#1 {main}
  thrown in /home/ubuntu/workspace/cst336/final_project/inc/deleteProduct.php on line 11
[11-Dec-2018 18:27:27 UTC] PHP Fatal error:  Uncaught exception 'PDOException' with message 'SQLSTATE[42S02]: Base table or view not found: 1146 Table 'ottercars.om_category' doesn't exist' in /home/ubuntu/workspace/cst336/final_project/inc/functions.php:41
Stack trace:
#0 /home/ubuntu/workspace/cst336/final_project/inc/functions.php(41): PDOStatement->execute()
#1 /home/ubuntu/workspace/cst336/final_project/inc/updateProduct.php(60): getCategories()
#2 {main}
  thrown in /home/ubuntu/workspace/cst336/final_project/inc/functions.php on line 41
[11-Dec-2018 18:29:03 UTC] PHP Fatal error:  Uncaught exception 'PDOException' with message 'SQLSTATE[42S02]: Base table or view not found: 1146 Table 'ottercars.om_category' doesn't exist' in /home/ubuntu/workspace/cst336/final_project/inc/functions.php:41
Stack trace:
#0 /home/ubuntu/workspace/cst336/final_project/inc/functions.php(41): PDOStatement->execute()
#1 /home/ubuntu/workspace/cst336/final_project/inc/updateProduct.php(60): getCategories()
#2 {main}
  thrown in /home/ubuntu/workspace/cst336/final_project/inc/functions.php on line 41
[11-Dec-2018 18:29:06 UTC] PHP Warning:  include(inc/functions.php): failed to open stream: No such file or directory in /home/ubuntu/workspace/cst336/final_project/inc/productInfo.php on line 6
[11-Dec-2018 18:29:06 UTC] PHP Stack trace:
[11-Dec-2018 18:29:06 UTC] PHP   1. {main}() /home/ubuntu/workspace/cst336/final_project/inc/productInfo.php:0
[11-Dec-2018 18:29:06 UTC] PHP Warning:  include(): Failed opening 'inc/functions.php' for inclusion (include_path='.:/usr/share/php:/usr/share/pear') in /home/ubuntu/workspace/cst336/final_project/inc/productInfo.php on line 6
[11-Dec-2018 18:29:06 UTC] PHP Stack trace:
[11-Dec-2018 18:29:06 UTC] PHP   1. {main}() /home/ubuntu/workspace/cst336/final_project/inc/productInfo.php:0
[11-Dec-2018 18:29:06 UTC] PHP Fatal error:  Call to undefined function validateSession() in /home/ubuntu/workspace/cst336/final_project/inc/productInfo.php on line 7
[11-Dec-2018 18:29:06 UTC] PHP Stack trace:
[11-Dec-2018 18:29:06 UTC] PHP   1. {main}() /home/ubuntu/workspace/cst336/final_project/inc/productInfo.php:0
[11-Dec-2018 18:34:52 UTC] PHP Fatal error:  Uncaught exception 'PDOException' with message 'SQLSTATE[42S02]: Base table or view not found: 1146 Table 'ottercars.om_category' doesn't exist' in /home/ubuntu/workspace/cst336/final_project/inc/functions.php:41
Stack trace:
#0 /home/ubuntu/workspace/cst336/final_project/inc/functions.php(41): PDOStatement->execute()
#1 /home/ubuntu/workspace/cst336/final_project/inc/updateProduct.php(64): getCategories()
#2 {main}
  thrown in /home/ubuntu/workspace/cst336/final_project/inc/functions.php on line 41
[11-Dec-2018 18:35:55 UTC] PHP Fatal error:  Uncaught exception 'PDOException' with message 'SQLSTATE[42S02]: Base table or view not found: 1146 Table 'ottercars.oc_category' doesn't exist' in /home/ubuntu/workspace/cst336/final_project/inc/functions.php:41
Stack trace:
#0 /home/ubuntu/workspace/cst336/final_project/inc/functions.php(41): PDOStatement->execute()
#1 /home/ubuntu/workspace/cst336/final_project/inc/updateProduct.php(64): getCategories()
#2 {main}
  thrown in /home/ubuntu/workspace/cst336/final_project/inc/functions.php on line 41
[11-Dec-2018 18:36:03 UTC] PHP Fatal error:  Uncaught exception 'PDOException' with message 'SQLSTATE[42S02]: Base table or view not found: 1146 Table 'ottercars.oc_category' doesn't exist' in /home/ubuntu/workspace/cst336/final_project/inc/functions.php:41
Stack trace:
#0 /home/ubuntu/workspace/cst336/final_project/inc/functions.php(41): PDOStatement->execute()
#1 /home/ubuntu/workspace/cst336/final_project/inc/updateProduct.php(64): getCategories()
#2 {main}
  thrown in /home/ubuntu/workspace/cst336/final_project/inc/functions.php on line 41
[11-Dec-2018 18:36:12 UTC] PHP Fatal error:  Uncaught exception 'PDOException' with message 'SQLSTATE[42S02]: Base table or view not found: 1146 Table 'ottercars.oc_category' doesn't exist' in /home/ubuntu/workspace/cst336/final_project/inc/functions.php:41
Stack trace:
#0 /home/ubuntu/workspace/cst336/final_project/inc/functions.php(41): PDOStatement->execute()
#1 /home/ubuntu/workspace/cst336/final_project/inc/updateProduct.php(64): getCategories()
#2 {main}
  thrown in /home/ubuntu/workspace/cst336/final_project/inc/functions.php on line 41
[11-Dec-2018 18:36:14 UTC] PHP Fatal error:  Uncaught exception 'PDOException' with message 'SQLSTATE[42S02]: Base table or view not found: 1146 Table 'ottercars.oc_category' doesn't exist' in /home/ubuntu/workspace/cst336/final_project/inc/functions.php:41
Stack trace:
#0 /home/ubuntu/workspace/cst336/final_project/inc/functions.php(41): PDOStatement->execute()
#1 /home/ubuntu/workspace/cst336/final_project/inc/updateProduct.php(64): getCategories()
#2 {main}
  thrown in /home/ubuntu/workspace/cst336/final_project/inc/functions.php on line 41
[11-Dec-2018 18:36:14 UTC] PHP Fatal error:  Uncaught exception 'PDOException' with message 'SQLSTATE[42S02]: Base table or view not found: 1146 Table 'ottercars.oc_category' doesn't exist' in /home/ubuntu/workspace/cst336/final_project/inc/functions.php:41
Stack trace:
#0 /home/ubuntu/workspace/cst336/final_project/inc/functions.php(41): PDOStatement->execute()
#1 /home/ubuntu/workspace/cst336/final_project/inc/updateProduct.php(64): getCategories()
#2 {main}
  thrown in /home/ubuntu/workspace/cst336/final_project/inc/functions.php on line 41
[11-Dec-2018 18:36:16 UTC] PHP Fatal error:  Uncaught exception 'PDOException' with message 'SQLSTATE[42S02]: Base table or view not found: 1146 Table 'ottercars.oc_category' doesn't exist' in /home/ubuntu/workspace/cst336/final_project/inc/functions.php:41
Stack trace:
#0 /home/ubuntu/workspace/cst336/final_project/inc/functions.php(41): PDOStatement->execute()
#1 /home/ubuntu/workspace/cst336/final_project/inc/updateProduct.php(64): getCategories()
#2 {main}
  thrown in /home/ubuntu/workspace/cst336/final_project/inc/functions.php on line 41
[11-Dec-2018 18:36:51 UTC] PHP Fatal error:  Uncaught exception 'PDOException' with message 'SQLSTATE[42S02]: Base table or view not found: 1146 Table 'ottercars.om_product' doesn't exist' in /home/ubuntu/workspace/cst336/final_project/inc/updateProduct.php:38
Stack trace:
#0 /home/ubuntu/workspace/cst336/final_project/inc/updateProduct.php(38): PDOStatement->execute(Array)
#1 {main}
  thrown in /home/ubuntu/workspace/cst336/final_project/inc/updateProduct.php on line 38
[11-Dec-2018 18:37:53 UTC] PHP Fatal error:  Uncaught exception 'PDOException' with message 'SQLSTATE[42S02]: Base table or view not found: 1146 Table 'ottercars.om_product' doesn't exist' in /home/ubuntu/workspace/cst336/final_project/inc/updateProduct.php:38
Stack trace:
#0 /home/ubuntu/workspace/cst336/final_project/inc/updateProduct.php(38): PDOStatement->execute(Array)
#1 {main}
  thrown in /home/ubuntu/workspace/cst336/final_project/inc/updateProduct.php on line 38
[11-Dec-2018 18:37:54 UTC] PHP Fatal error:  Uncaught exception 'PDOException' with message 'SQLSTATE[42S02]: Base table or view not found: 1146 Table 'ottercars.om_product' doesn't exist' in /home/ubuntu/workspace/cst336/final_project/inc/updateProduct.php:38
Stack trace:
#0 /home/ubuntu/workspace/cst336/final_project/inc/updateProduct.php(38): PDOStatement->execute(Array)
#1 {main}
  thrown in /home/ubuntu/workspace/cst336/final_project/inc/updateProduct.php on line 38
[11-Dec-2018 18:38:47 UTC] PHP Fatal error:  Uncaught exception 'PDOException' with message 'SQLSTATE[42S02]: Base table or view not found: 1146 Table 'ottercars.om_product' doesn't exist' in /home/ubuntu/workspace/cst336/final_project/inc/updateProduct.php:38
Stack trace:
#0 /home/ubuntu/workspace/cst336/final_project/inc/updateProduct.php(38): PDOStatement->execute(Array)
#1 {main}
  thrown in /home/ubuntu/workspace/cst336/final_project/inc/updateProduct.php on line 38
[11-Dec-2018 18:39:12 UTC] PHP Fatal error:  Uncaught exception 'PDOException' with message 'SQLSTATE[42S02]: Base table or view not found: 1146 Table 'ottercars.oc_product' doesn't exist' in /home/ubuntu/workspace/cst336/final_project/inc/updateProduct.php:38
Stack trace:
#0 /home/ubuntu/workspace/cst336/final_project/inc/updateProduct.php(38): PDOStatement->execute(Array)
#1 {main}
  thrown in /home/ubuntu/workspace/cst336/final_project/inc/updateProduct.php on line 38
[11-Dec-2018 18:39:21 UTC] PHP Fatal error:  Uncaught exception 'PDOException' with message 'SQLSTATE[42S22]: Column not found: 1054 Unknown column 'catId' in 'field list'' in /home/ubuntu/workspace/cst336/final_project/inc/updateProduct.php:38
Stack trace:
#0 /home/ubuntu/workspace/cst336/final_project/inc/updateProduct.php(38): PDOStatement->execute(Array)
#1 {main}
  thrown in /home/ubuntu/workspace/cst336/final_project/inc/updateProduct.php on line 38
[11-Dec-2018 18:39:41 UTC] PHP Fatal error:  Uncaught exception 'PDOException' with message 'SQLSTATE[HY093]: Invalid parameter number: parameter was not defined' in /home/ubuntu/workspace/cst336/final_project/inc/updateProduct.php:38
Stack trace:
#0 /home/ubuntu/workspace/cst336/final_project/inc/updateProduct.php(38): PDOStatement->execute(Array)
#1 {main}
  thrown in /home/ubuntu/workspace/cst336/final_project/inc/updateProduct.php on line 38
[11-Dec-2018 18:39:42 UTC] PHP Fatal error:  Uncaught exception 'PDOException' with message 'SQLSTATE[HY093]: Invalid parameter number: parameter was not defined' in /home/ubuntu/workspace/cst336/final_project/inc/updateProduct.php:38
Stack trace:
#0 /home/ubuntu/workspace/cst336/final_project/inc/updateProduct.php(38): PDOStatement->execute(Array)
#1 {main}
  thrown in /home/ubuntu/workspace/cst336/final_project/inc/updateProduct.php on line 38
[11-Dec-2018 18:39:59 UTC] PHP Fatal error:  Uncaught exception 'PDOException' with message 'SQLSTATE[HY093]: Invalid parameter number: parameter was not defined' in /home/ubuntu/workspace/cst336/final_project/inc/updateProduct.php:38
Stack trace:
#0 /home/ubuntu/workspace/cst336/final_project/inc/updateProduct.php(38): PDOStatement->execute(Array)
#1 {main}
  thrown in /home/ubuntu/workspace/cst336/final_project/inc/updateProduct.php on line 38
[11-Dec-2018 18:40:17 UTC] PHP Fatal error:  Uncaught exception 'PDOException' with message 'SQLSTATE[HY093]: Invalid parameter number: parameter was not defined' in /home/ubuntu/workspace/cst336/final_project/inc/updateProduct.php:38
Stack trace:
#0 /home/ubuntu/workspace/cst336/final_project/inc/updateProduct.php(38): PDOStatement->execute(Array)
#1 {main}
  thrown in /home/ubuntu/workspace/cst336/final_project/inc/updateProduct.php on line 38
[11-Dec-2018 18:40:18 UTC] PHP Fatal error:  Uncaught exception 'PDOException' with message 'SQLSTATE[HY093]: Invalid parameter number: parameter was not defined' in /home/ubuntu/workspace/cst336/final_project/inc/updateProduct.php:38
Stack trace:
#0 /home/ubuntu/workspace/cst336/final_project/inc/updateProduct.php(38): PDOStatement->execute(Array)
#1 {main}
  thrown in /home/ubuntu/workspace/cst336/final_project/inc/updateProduct.php on line 38
[11-Dec-2018 18:40:18 UTC] PHP Fatal error:  Uncaught exception 'PDOException' with message 'SQLSTATE[HY093]: Invalid parameter number: parameter was not defined' in /home/ubuntu/workspace/cst336/final_project/inc/updateProduct.php:38
Stack trace:
#0 /home/ubuntu/workspace/cst336/final_project/inc/updateProduct.php(38): PDOStatement->execute(Array)
#1 {main}
  thrown in /home/ubuntu/workspace/cst336/final_project/inc/updateProduct.php on line 38
[11-Dec-2018 18:40:19 UTC] PHP Fatal error:  Uncaught exception 'PDOException' with message 'SQLSTATE[HY093]: Invalid parameter number: parameter was not defined' in /home/ubuntu/workspace/cst336/final_project/inc/updateProduct.php:38
Stack trace:
#0 /home/ubuntu/workspace/cst336/final_project/inc/updateProduct.php(38): PDOStatement->execute(Array)
#1 {main}
  thrown in /home/ubuntu/workspace/cst336/final_project/inc/updateProduct.php on line 38
[11-Dec-2018 18:40:55 UTC] PHP Fatal error:  Uncaught exception 'PDOException' with message 'SQLSTATE[HY093]: Invalid parameter number: parameter was not defined' in /home/ubuntu/workspace/cst336/final_project/inc/updateProduct.php:35
Stack trace:
#0 /home/ubuntu/workspace/cst336/final_project/inc/updateProduct.php(35): PDOStatement->execute(Array)
#1 {main}
  thrown in /home/ubuntu/workspace/cst336/final_project/inc/updateProduct.php on line 35
[11-Dec-2018 18:40:56 UTC] PHP Fatal error:  Uncaught exception 'PDOException' with message 'SQLSTATE[HY093]: Invalid parameter number: parameter was not defined' in /home/ubuntu/workspace/cst336/final_project/inc/updateProduct.php:35
Stack trace:
#0 /home/ubuntu/workspace/cst336/final_project/inc/updateProduct.php(35): PDOStatement->execute(Array)
#1 {main}
  thrown in /home/ubuntu/workspace/cst336/final_project/inc/updateProduct.php on line 35
[11-Dec-2018 18:40:56 UTC] PHP Fatal error:  Uncaught exception 'PDOException' with message 'SQLSTATE[HY093]: Invalid parameter number: parameter was not defined' in /home/ubuntu/workspace/cst336/final_project/inc/updateProduct.php:35
Stack trace:
#0 /home/ubuntu/workspace/cst336/final_project/inc/updateProduct.php(35): PDOStatement->execute(Array)
#1 {main}
  thrown in /home/ubuntu/workspace/cst336/final_project/inc/updateProduct.php on line 35
[11-Dec-2018 18:41:06 UTC] PHP Fatal error:  Uncaught exception 'PDOException' with message 'SQLSTATE[HY093]: Invalid parameter number: parameter was not defined' in /home/ubuntu/workspace/cst336/final_project/inc/updateProduct.php:35
Stack trace:
#0 /home/ubuntu/workspace/cst336/final_project/inc/updateProduct.php(35): PDOStatement->execute(Array)
#1 {main}
  thrown in /home/ubuntu/workspace/cst336/final_project/inc/updateProduct.php on line 35
[11-Dec-2018 18:41:11 UTC] PHP Fatal error:  Uncaught exception 'PDOException' with message 'SQLSTATE[HY093]: Invalid parameter number: parameter was not defined' in /home/ubuntu/workspace/cst336/final_project/inc/updateProduct.php:35
Stack trace:
#0 /home/ubuntu/workspace/cst336/final_project/inc/updateProduct.php(35): PDOStatement->execute(Array)
#1 {main}
  thrown in /home/ubuntu/workspace/cst336/final_project/inc/updateProduct.php on line 35
[11-Dec-2018 18:41:50 UTC] PHP Fatal error:  Uncaught exception 'PDOException' with message 'SQLSTATE[42S22]: Column not found: 1054 Unknown column 'catId' in 'field list'' in /home/ubuntu/workspace/cst336/final_project/inc/updateProduct.php:38
Stack trace:
#0 /home/ubuntu/workspace/cst336/final_project/inc/updateProduct.php(38): PDOStatement->execute(Array)
#1 {main}
  thrown in /home/ubuntu/workspace/cst336/final_project/inc/updateProduct.php on line 38
[11-Dec-2018 18:42:22 UTC] PHP Fatal error:  Uncaught exception 'PDOException' with message 'SQLSTATE[HY093]: Invalid parameter number: parameter was not defined' in /home/ubuntu/workspace/cst336/final_project/inc/updateProduct.php:38
Stack trace:
#0 /home/ubuntu/workspace/cst336/final_project/inc/updateProduct.php(38): PDOStatement->execute(Array)
#1 {main}
  thrown in /home/ubuntu/workspace/cst336/final_project/inc/updateProduct.php on line 38
[11-Dec-2018 18:44:27 UTC] PHP Fatal error:  Uncaught exception 'PDOException' with message 'SQLSTATE[42S22]: Column not found: 1054 Unknown column 'catId' in 'field list'' in /home/ubuntu/workspace/cst336/final_project/inc/updateProduct.php:38
Stack trace:
#0 /home/ubuntu/workspace/cst336/final_project/inc/updateProduct.php(38): PDOStatement->execute(Array)
#1 {main}
  thrown in /home/ubuntu/workspace/cst336/final_project/inc/updateProduct.php on line 38
[11-Dec-2018 18:44:30 UTC] PHP Fatal error:  Uncaught exception 'PDOException' with message 'SQLSTATE[42S22]: Column not found: 1054 Unknown column 'catId' in 'field list'' in /home/ubuntu/workspace/cst336/final_project/inc/updateProduct.php:38
Stack trace:
#0 /home/ubuntu/workspace/cst336/final_project/inc/updateProduct.php(38): PDOStatement->execute(Array)
#1 {main}
  thrown in /home/ubuntu/workspace/cst336/final_project/inc/updateProduct.php on line 38
[11-Dec-2018 18:44:31 UTC] PHP Fatal error:  Uncaught exception 'PDOException' with message 'SQLSTATE[42S22]: Column not found: 1054 Unknown column 'catId' in 'field list'' in /home/ubuntu/workspace/cst336/final_project/inc/updateProduct.php:38
Stack trace:
#0 /home/ubuntu/workspace/cst336/final_project/inc/updateProduct.php(38): PDOStatement->execute(Array)
#1 {main}
  thrown in /home/ubuntu/workspace/cst336/final_project/inc/updateProduct.php on line 38
[11-Dec-2018 18:46:06 UTC] PHP Fatal error:  Uncaught exception 'PDOException' with message 'SQLSTATE[42000]: Syntax error or access violation: 1064 You have an error in your SQL syntax; check the manual that corresponds to your MySQL server version for the right syntax to use near 'WHERE productId = 9' at line 6' in /home/ubuntu/workspace/cst336/final_project/inc/updateProduct.php:35
Stack trace:
#0 /home/ubuntu/workspace/cst336/final_project/inc/updateProduct.php(35): PDOStatement->execute(Array)
#1 {main}
  thrown in /home/ubuntu/workspace/cst336/final_project/inc/updateProduct.php on line 35
[11-Dec-2018 18:53:56 UTC] PHP Fatal error:  Uncaught exception 'PDOException' with message 'SQLSTATE[42S02]: Base table or view not found: 1146 Table 'ottercars.om_product' doesn't exist' in /home/ubuntu/workspace/cst336/final_project/inc/addProduct.php:28
Stack trace:
#0 /home/ubuntu/workspace/cst336/final_project/inc/addProduct.php(28): PDOStatement->execute(Array)
#1 {main}
  thrown in /home/ubuntu/workspace/cst336/final_project/inc/addProduct.php on line 28
[11-Dec-2018 18:54:12 UTC] PHP Fatal error:  Uncaught exception 'PDOException' with message 'SQLSTATE[23000]: Integrity constraint violation: 1048 Column 'brandId' cannot be null' in /home/ubuntu/workspace/cst336/final_project/inc/addProduct.php:28
Stack trace:
#0 /home/ubuntu/workspace/cst336/final_project/inc/addProduct.php(28): PDOStatement->execute(Array)
#1 {main}
  thrown in /home/ubuntu/workspace/cst336/final_project/inc/addProduct.php on line 28
[11-Dec-2018 18:54:36 UTC] PHP Fatal error:  Uncaught exception 'PDOException' with message 'SQLSTATE[23000]: Integrity constraint violation: 1048 Column 'brandId' cannot be null' in /home/ubuntu/workspace/cst336/final_project/inc/addProduct.php:28
Stack trace:
#0 /home/ubuntu/workspace/cst336/final_project/inc/addProduct.php(28): PDOStatement->execute(Array)
#1 {main}
  thrown in /home/ubuntu/workspace/cst336/final_project/inc/addProduct.php on line 28
[11-Dec-2018 18:54:56 UTC] PHP Fatal error:  Uncaught exception 'PDOException' with message 'SQLSTATE[23000]: Integrity constraint violation: 1062 Duplicate entry '0' for key 'PRIMARY'' in /home/ubuntu/workspace/cst336/final_project/inc/addProduct.php:28
Stack trace:
#0 /home/ubuntu/workspace/cst336/final_project/inc/addProduct.php(28): PDOStatement->execute(Array)
#1 {main}
  thrown in /home/ubuntu/workspace/cst336/final_project/inc/addProduct.php on line 28
[12-Dec-2018 00:45:23 UTC] PHP Fatal error:  Uncaught exception 'PDOException' with message 'SQLSTATE[HY093]: Invalid parameter number: number of bound variables does not match number of tokens' in /home/ubuntu/workspace/cst336/final_project/inc/updateProduct.php:37
Stack trace:
#0 /home/ubuntu/workspace/cst336/final_project/inc/updateProduct.php(37): PDOStatement->execute(Array)
#1 {main}
  thrown in /home/ubuntu/workspace/cst336/final_project/inc/updateProduct.php on line 37
[12-Dec-2018 00:45:25 UTC] PHP Fatal error:  Uncaught exception 'PDOException' with message 'SQLSTATE[HY093]: Invalid parameter number: number of bound variables does not match number of tokens' in /home/ubuntu/workspace/cst336/final_project/inc/updateProduct.php:37
Stack trace:
#0 /home/ubuntu/workspace/cst336/final_project/inc/updateProduct.php(37): PDOStatement->execute(Array)
#1 {main}
  thrown in /home/ubuntu/workspace/cst336/final_project/inc/updateProduct.php on line 37
[12-Dec-2018 07:17:37 UTC] PHP Fatal error:  Call to a member function prepare() on a non-object in /home/ubuntu/workspace/cst336/final_project/inc/functions.php on line 175
[12-Dec-2018 07:17:37 UTC] PHP Stack trace:
[12-Dec-2018 07:17:37 UTC] PHP   1. {main}() /home/ubuntu/workspace/cst336/final_project/inc/generateReport.php:0
[12-Dec-2018 07:17:37 UTC] PHP   2. averagePrice() /home/ubuntu/workspace/cst336/final_project/inc/generateReport.php:13
[12-Dec-2018 07:19:21 UTC] PHP Fatal error:  Call to a member function prepare() on a non-object in /home/ubuntu/workspace/cst336/final_project/inc/functions.php on line 177
[12-Dec-2018 07:19:21 UTC] PHP Stack trace:
[12-Dec-2018 07:19:21 UTC] PHP   1. {main}() /home/ubuntu/workspace/cst336/final_project/inc/generateReport.php:0
[12-Dec-2018 07:19:21 UTC] PHP   2. averagePrice() /home/ubuntu/workspace/cst336/final_project/inc/generateReport.php:13
[12-Dec-2018 07:19:21 UTC] PHP Fatal error:  Call to a member function prepare() on a non-object in /home/ubuntu/workspace/cst336/final_project/inc/functions.php on line 177
[12-Dec-2018 07:19:21 UTC] PHP Stack trace:
[12-Dec-2018 07:19:21 UTC] PHP   1. {main}() /home/ubuntu/workspace/cst336/final_project/inc/generateReport.php:0
[12-Dec-2018 07:19:21 UTC] PHP   2. averagePrice() /home/ubuntu/workspace/cst336/final_project/inc/generateReport.php:13
[12-Dec-2018 07:19:22 UTC] PHP Fatal error:  Call to a member function prepare() on a non-object in /home/ubuntu/workspace/cst336/final_project/inc/functions.php on line 177
[12-Dec-2018 07:19:22 UTC] PHP Stack trace:
[12-Dec-2018 07:19:22 UTC] PHP   1. {main}() /home/ubuntu/workspace/cst336/final_project/inc/generateReport.php:0
[12-Dec-2018 07:19:22 UTC] PHP   2. averagePrice() /home/ubuntu/workspace/cst336/final_project/inc/generateReport.php:13
[12-Dec-2018 07:19:25 UTC] PHP Fatal error:  Call to a member function prepare() on a non-object in /home/ubuntu/workspace/cst336/final_project/inc/functions.php on line 177
[12-Dec-2018 07:19:25 UTC] PHP Stack trace:
[12-Dec-2018 07:19:25 UTC] PHP   1. {main}() /home/ubuntu/workspace/cst336/final_project/inc/generateReport.php:0
[12-Dec-2018 07:19:25 UTC] PHP   2. averagePrice() /home/ubuntu/workspace/cst336/final_project/inc/generateReport.php:13
[12-Dec-2018 07:19:27 UTC] PHP Fatal error:  Call to a member function prepare() on a non-object in /home/ubuntu/workspace/cst336/final_project/inc/functions.php on line 177
[12-Dec-2018 07:19:27 UTC] PHP Stack trace:
[12-Dec-2018 07:19:27 UTC] PHP   1. {main}() /home/ubuntu/workspace/cst336/final_project/inc/generateReport.php:0
[12-Dec-2018 07:19:27 UTC] PHP   2. averagePrice() /home/ubuntu/workspace/cst336/final_project/inc/generateReport.php:13
[12-Dec-2018 07:20:19 UTC] PHP Fatal error:  Call to a member function prepare() on a non-object in /home/ubuntu/workspace/cst336/final_project/inc/functions.php on line 177
[12-Dec-2018 07:20:19 UTC] PHP Stack trace:
[12-Dec-2018 07:20:19 UTC] PHP   1. {main}() /home/ubuntu/workspace/cst336/final_project/inc/generateReport.php:0
[12-Dec-2018 07:20:19 UTC] PHP   2. averagePrice() /home/ubuntu/workspace/cst336/final_project/inc/generateReport.php:13
[12-Dec-2018 07:20:20 UTC] PHP Fatal error:  Call to a member function prepare() on a non-object in /home/ubuntu/workspace/cst336/final_project/inc/functions.php on line 177
[12-Dec-2018 07:20:20 UTC] PHP Stack trace:
[12-Dec-2018 07:20:20 UTC] PHP   1. {main}() /home/ubuntu/workspace/cst336/final_project/inc/generateReport.php:0
[12-Dec-2018 07:20:20 UTC] PHP   2. averagePrice() /home/ubuntu/workspace/cst336/final_project/inc/generateReport.php:13
[12-Dec-2018 07:20:31 UTC] PHP Fatal error:  Call to a member function prepare() on a non-object in /home/ubuntu/workspace/cst336/final_project/inc/functions.php on line 177
[12-Dec-2018 07:20:31 UTC] PHP Stack trace:
[12-Dec-2018 07:20:31 UTC] PHP   1. {main}() /home/ubuntu/workspace/cst336/final_project/inc/generateReport.php:0
[12-Dec-2018 07:20:31 UTC] PHP   2. averagePrice() /home/ubuntu/workspace/cst336/final_project/inc/generateReport.php:13
[12-Dec-2018 07:20:32 UTC] PHP Fatal error:  Call to a member function prepare() on a non-object in /home/ubuntu/workspace/cst336/final_project/inc/functions.php on line 177
[12-Dec-2018 07:20:32 UTC] PHP Stack trace:
[12-Dec-2018 07:20:32 UTC] PHP   1. {main}() /home/ubuntu/workspace/cst336/final_project/inc/generateReport.php:0
[12-Dec-2018 07:20:32 UTC] PHP   2. averagePrice() /home/ubuntu/workspace/cst336/final_project/inc/generateReport.php:13
[12-Dec-2018 07:20:33 UTC] PHP Fatal error:  Call to a member function prepare() on a non-object in /home/ubuntu/workspace/cst336/final_project/inc/functions.php on line 177
[12-Dec-2018 07:20:33 UTC] PHP Stack trace:
[12-Dec-2018 07:20:33 UTC] PHP   1. {main}() /home/ubuntu/workspace/cst336/final_project/inc/generateReport.php:0
[12-Dec-2018 07:20:33 UTC] PHP   2. averagePrice() /home/ubuntu/workspace/cst336/final_project/inc/generateReport.php:13
[12-Dec-2018 07:20:33 UTC] PHP Fatal error:  Call to a member function prepare() on a non-object in /home/ubuntu/workspace/cst336/final_project/inc/functions.php on line 177
[12-Dec-2018 07:20:33 UTC] PHP Stack trace:
[12-Dec-2018 07:20:33 UTC] PHP   1. {main}() /home/ubuntu/workspace/cst336/final_project/inc/generateReport.php:0
[12-Dec-2018 07:20:33 UTC] PHP   2. averagePrice() /home/ubuntu/workspace/cst336/final_project/inc/generateReport.php:13
[12-Dec-2018 07:20:34 UTC] PHP Fatal error:  Call to a member function prepare() on a non-object in /home/ubuntu/workspace/cst336/final_project/inc/functions.php on line 177
[12-Dec-2018 07:20:34 UTC] PHP Stack trace:
[12-Dec-2018 07:20:34 UTC] PHP   1. {main}() /home/ubuntu/workspace/cst336/final_project/inc/generateReport.php:0
[12-Dec-2018 07:20:34 UTC] PHP   2. averagePrice() /home/ubuntu/workspace/cst336/final_project/inc/generateReport.php:13
[12-Dec-2018 07:20:34 UTC] PHP Fatal error:  Call to a member function prepare() on a non-object in /home/ubuntu/workspace/cst336/final_project/inc/functions.php on line 177
[12-Dec-2018 07:20:34 UTC] PHP Stack trace:
[12-Dec-2018 07:20:34 UTC] PHP   1. {main}() /home/ubuntu/workspace/cst336/final_project/inc/generateReport.php:0
[12-Dec-2018 07:20:34 UTC] PHP   2. averagePrice() /home/ubuntu/workspace/cst336/final_project/inc/generateReport.php:13
[12-Dec-2018 07:20:34 UTC] PHP Fatal error:  Call to a member function prepare() on a non-object in /home/ubuntu/workspace/cst336/final_project/inc/functions.php on line 177
[12-Dec-2018 07:20:34 UTC] PHP Stack trace:
[12-Dec-2018 07:20:34 UTC] PHP   1. {main}() /home/ubuntu/workspace/cst336/final_project/inc/generateReport.php:0
[12-Dec-2018 07:20:34 UTC] PHP   2. averagePrice() /home/ubuntu/workspace/cst336/final_project/inc/generateReport.php:13
[12-Dec-2018 07:20:34 UTC] PHP Fatal error:  Call to a member function prepare() on a non-object in /home/ubuntu/workspace/cst336/final_project/inc/functions.php on line 177
[12-Dec-2018 07:20:34 UTC] PHP Stack trace:
[12-Dec-2018 07:20:34 UTC] PHP   1. {main}() /home/ubuntu/workspace/cst336/final_project/inc/generateReport.php:0
[12-Dec-2018 07:20:34 UTC] PHP   2. averagePrice() /home/ubuntu/workspace/cst336/final_project/inc/generateReport.php:13
[12-Dec-2018 07:20:34 UTC] PHP Fatal error:  Call to a member function prepare() on a non-object in /home/ubuntu/workspace/cst336/final_project/inc/functions.php on line 177
[12-Dec-2018 07:20:34 UTC] PHP Stack trace:
[12-Dec-2018 07:20:34 UTC] PHP   1. {main}() /home/ubuntu/workspace/cst336/final_project/inc/generateReport.php:0
[12-Dec-2018 07:20:34 UTC] PHP   2. averagePrice() /home/ubuntu/workspace/cst336/final_project/inc/generateReport.php:13
[12-Dec-2018 07:24:13 UTC] PHP Fatal error:  Call to a member function prepare() on a non-object in /home/ubuntu/workspace/cst336/final_project/inc/functions.php on line 177
[12-Dec-2018 07:24:13 UTC] PHP Stack trace:
[12-Dec-2018 07:24:13 UTC] PHP   1. {main}() /home/ubuntu/workspace/cst336/final_project/inc/generateReport.php:0
[12-Dec-2018 07:24:13 UTC] PHP   2. averagePrice() /home/ubuntu/workspace/cst336/final_project/inc/generateReport.php:13
[12-Dec-2018 07:24:14 UTC] PHP Fatal error:  Call to a member function prepare() on a non-object in /home/ubuntu/workspace/cst336/final_project/inc/functions.php on line 177
[12-Dec-2018 07:24:14 UTC] PHP Stack trace:
[12-Dec-2018 07:24:14 UTC] PHP   1. {main}() /home/ubuntu/workspace/cst336/final_project/inc/generateReport.php:0
[12-Dec-2018 07:24:14 UTC] PHP   2. averagePrice() /home/ubuntu/workspace/cst336/final_project/inc/generateReport.php:13
[12-Dec-2018 07:24:15 UTC] PHP Fatal error:  Call to a member function prepare() on a non-object in /home/ubuntu/workspace/cst336/final_project/inc/functions.php on line 177
[12-Dec-2018 07:24:15 UTC] PHP Stack trace:
[12-Dec-2018 07:24:15 UTC] PHP   1. {main}() /home/ubuntu/workspace/cst336/final_project/inc/generateReport.php:0
[12-Dec-2018 07:24:15 UTC] PHP   2. averagePrice() /home/ubuntu/workspace/cst336/final_project/inc/generateReport.php:13
[12-Dec-2018 07:24:16 UTC] PHP Fatal error:  Call to a member function prepare() on a non-object in /home/ubuntu/workspace/cst336/final_project/inc/functions.php on line 177
[12-Dec-2018 07:24:16 UTC] PHP Stack trace:
[12-Dec-2018 07:24:16 UTC] PHP   1. {main}() /home/ubuntu/workspace/cst336/final_project/inc/generateReport.php:0
[12-Dec-2018 07:24:16 UTC] PHP   2. averagePrice() /home/ubuntu/workspace/cst336/final_project/inc/generateReport.php:13
[12-Dec-2018 07:24:17 UTC] PHP Fatal error:  Call to a member function prepare() on a non-object in /home/ubuntu/workspace/cst336/final_project/inc/functions.php on line 177
[12-Dec-2018 07:24:17 UTC] PHP Stack trace:
[12-Dec-2018 07:24:17 UTC] PHP   1. {main}() /home/ubuntu/workspace/cst336/final_project/inc/generateReport.php:0
[12-Dec-2018 07:24:17 UTC] PHP   2. averagePrice() /home/ubuntu/workspace/cst336/final_project/inc/generateReport.php:13
[12-Dec-2018 07:24:17 UTC] PHP Fatal error:  Call to a member function prepare() on a non-object in /home/ubuntu/workspace/cst336/final_project/inc/functions.php on line 177
[12-Dec-2018 07:24:17 UTC] PHP Stack trace:
[12-Dec-2018 07:24:17 UTC] PHP   1. {main}() /home/ubuntu/workspace/cst336/final_project/inc/generateReport.php:0
[12-Dec-2018 07:24:17 UTC] PHP   2. averagePrice() /home/ubuntu/workspace/cst336/final_project/inc/generateReport.php:13
[12-Dec-2018 07:24:18 UTC] PHP Fatal error:  Call to a member function prepare() on a non-object in /home/ubuntu/workspace/cst336/final_project/inc/functions.php on line 177
[12-Dec-2018 07:24:18 UTC] PHP Stack trace:
[12-Dec-2018 07:24:18 UTC] PHP   1. {main}() /home/ubuntu/workspace/cst336/final_project/inc/generateReport.php:0
[12-Dec-2018 07:24:18 UTC] PHP   2. averagePrice() /home/ubuntu/workspace/cst336/final_project/inc/generateReport.php:13
[12-Dec-2018 07:24:19 UTC] PHP Fatal error:  Call to a member function prepare() on a non-object in /home/ubuntu/workspace/cst336/final_project/inc/functions.php on line 177
[12-Dec-2018 07:24:19 UTC] PHP Stack trace:
[12-Dec-2018 07:24:19 UTC] PHP   1. {main}() /home/ubuntu/workspace/cst336/final_project/inc/generateReport.php:0
[12-Dec-2018 07:24:19 UTC] PHP   2. averagePrice() /home/ubuntu/workspace/cst336/final_project/inc/generateReport.php:13
[12-Dec-2018 07:24:19 UTC] PHP Fatal error:  Call to a member function prepare() on a non-object in /home/ubuntu/workspace/cst336/final_project/inc/functions.php on line 177
[12-Dec-2018 07:24:19 UTC] PHP Stack trace:
[12-Dec-2018 07:24:19 UTC] PHP   1. {main}() /home/ubuntu/workspace/cst336/final_project/inc/generateReport.php:0
[12-Dec-2018 07:24:19 UTC] PHP   2. averagePrice() /home/ubuntu/workspace/cst336/final_project/inc/generateReport.php:13
[12-Dec-2018 07:25:01 UTC] PHP Fatal error:  Call to a member function prepare() on a non-object in /home/ubuntu/workspace/cst336/final_project/inc/functions.php on line 177
[12-Dec-2018 07:25:01 UTC] PHP Stack trace:
[12-Dec-2018 07:25:01 UTC] PHP   1. {main}() /home/ubuntu/workspace/cst336/final_project/inc/generateReport.php:0
[12-Dec-2018 07:25:01 UTC] PHP   2. averagePrice() /home/ubuntu/workspace/cst336/final_project/inc/generateReport.php:13
[12-Dec-2018 07:25:02 UTC] PHP Fatal error:  Call to a member function prepare() on a non-object in /home/ubuntu/workspace/cst336/final_project/inc/functions.php on line 177
[12-Dec-2018 07:25:02 UTC] PHP Stack trace:
[12-Dec-2018 07:25:02 UTC] PHP   1. {main}() /home/ubuntu/workspace/cst336/final_project/inc/generateReport.php:0
[12-Dec-2018 07:25:02 UTC] PHP   2. averagePrice() /home/ubuntu/workspace/cst336/final_project/inc/generateReport.php:13
[12-Dec-2018 07:30:59 UTC] PHP Warning:  mysql_query(): Access denied for user ''@'localhost' (using password: NO) in /home/ubuntu/workspace/cst336/final_project/inc/functions.php on line 177
[12-Dec-2018 07:30:59 UTC] PHP Stack trace:
[12-Dec-2018 07:30:59 UTC] PHP   1. {main}() /home/ubuntu/workspace/cst336/final_project/inc/generateReport.php:0
[12-Dec-2018 07:30:59 UTC] PHP   2. averagePrice() /home/ubuntu/workspace/cst336/final_project/inc/generateReport.php:13
[12-Dec-2018 07:30:59 UTC] PHP   3. mysql_query() /home/ubuntu/workspace/cst336/final_project/inc/functions.php:177
[12-Dec-2018 07:30:59 UTC] PHP Warning:  mysql_query(): A link to the server could not be established in /home/ubuntu/workspace/cst336/final_project/inc/functions.php on line 177
[12-Dec-2018 07:30:59 UTC] PHP Stack trace:
[12-Dec-2018 07:30:59 UTC] PHP   1. {main}() /home/ubuntu/workspace/cst336/final_project/inc/generateReport.php:0
[12-Dec-2018 07:30:59 UTC] PHP   2. averagePrice() /home/ubuntu/workspace/cst336/final_project/inc/generateReport.php:13
[12-Dec-2018 07:30:59 UTC] PHP   3. mysql_query() /home/ubuntu/workspace/cst336/final_project/inc/functions.php:177
[12-Dec-2018 07:33:30 UTC] PHP Warning:  mysql_fetch_assoc() expects parameter 1 to be resource, string given in /home/ubuntu/workspace/cst336/final_project/inc/functions.php on line 177
[12-Dec-2018 07:33:30 UTC] PHP Stack trace:
[12-Dec-2018 07:33:30 UTC] PHP   1. {main}() /home/ubuntu/workspace/cst336/final_project/inc/generateReport.php:0
[12-Dec-2018 07:33:30 UTC] PHP   2. averagePrice() /home/ubuntu/workspace/cst336/final_project/inc/generateReport.php:13
[12-Dec-2018 07:33:30 UTC] PHP   3. mysql_fetch_assoc() /home/ubuntu/workspace/cst336/final_project/inc/functions.php:177
[12-Dec-2018 07:34:43 UTC] PHP Fatal error:  Call to a member function prepare() on a non-object in /home/ubuntu/workspace/cst336/final_project/inc/functions.php on line 177
[12-Dec-2018 07:34:43 UTC] PHP Stack trace:
[12-Dec-2018 07:34:43 UTC] PHP   1. {main}() /home/ubuntu/workspace/cst336/final_project/inc/generateReport.php:0
[12-Dec-2018 07:34:43 UTC] PHP   2. averagePrice() /home/ubuntu/workspace/cst336/final_project/inc/generateReport.php:13
[12-Dec-2018 07:34:44 UTC] PHP Fatal error:  Call to a member function prepare() on a non-object in /home/ubuntu/workspace/cst336/final_project/inc/functions.php on line 177
[12-Dec-2018 07:34:44 UTC] PHP Stack trace:
[12-Dec-2018 07:34:44 UTC] PHP   1. {main}() /home/ubuntu/workspace/cst336/final_project/inc/generateReport.php:0
[12-Dec-2018 07:34:44 UTC] PHP   2. averagePrice() /home/ubuntu/workspace/cst336/final_project/inc/generateReport.php:13
[12-Dec-2018 07:35:21 UTC] PHP Fatal error:  Call to a member function prepare() on a non-object in /home/ubuntu/workspace/cst336/final_project/inc/functions.php on line 177
[12-Dec-2018 07:35:21 UTC] PHP Stack trace:
[12-Dec-2018 07:35:21 UTC] PHP   1. {main}() /home/ubuntu/workspace/cst336/final_project/inc/generateReport.php:0
[12-Dec-2018 07:35:21 UTC] PHP   2. averagePrice() /home/ubuntu/workspace/cst336/final_project/inc/generateReport.php:13
[12-Dec-2018 07:35:22 UTC] PHP Fatal error:  Call to a member function prepare() on a non-object in /home/ubuntu/workspace/cst336/final_project/inc/functions.php on line 177
[12-Dec-2018 07:35:22 UTC] PHP Stack trace:
[12-Dec-2018 07:35:22 UTC] PHP   1. {main}() /home/ubuntu/workspace/cst336/final_project/inc/generateReport.php:0
[12-Dec-2018 07:35:22 UTC] PHP   2. averagePrice() /home/ubuntu/workspace/cst336/final_project/inc/generateReport.php:13
[12-Dec-2018 07:35:23 UTC] PHP Fatal error:  Call to a member function prepare() on a non-object in /home/ubuntu/workspace/cst336/final_project/inc/functions.php on line 177
[12-Dec-2018 07:35:23 UTC] PHP Stack trace:
[12-Dec-2018 07:35:23 UTC] PHP   1. {main}() /home/ubuntu/workspace/cst336/final_project/inc/generateReport.php:0
[12-Dec-2018 07:35:23 UTC] PHP   2. averagePrice() /home/ubuntu/workspace/cst336/final_project/inc/generateReport.php:13
[12-Dec-2018 07:35:23 UTC] PHP Fatal error:  Call to a member function prepare() on a non-object in /home/ubuntu/workspace/cst336/final_project/inc/functions.php on line 177
[12-Dec-2018 07:35:23 UTC] PHP Stack trace:
[12-Dec-2018 07:35:23 UTC] PHP   1. {main}() /home/ubuntu/workspace/cst336/final_project/inc/generateReport.php:0
[12-Dec-2018 07:35:23 UTC] PHP   2. averagePrice() /home/ubuntu/workspace/cst336/final_project/inc/generateReport.php:13
[12-Dec-2018 07:36:53 UTC] PHP Fatal error:  Call to a member function prepare() on a non-object in /home/ubuntu/workspace/cst336/final_project/inc/functions.php on line 177
[12-Dec-2018 07:36:53 UTC] PHP Stack trace:
[12-Dec-2018 07:36:53 UTC] PHP   1. {main}() /home/ubuntu/workspace/cst336/final_project/inc/generateReport.php:0
[12-Dec-2018 07:36:53 UTC] PHP   2. averagePrice() /home/ubuntu/workspace/cst336/final_project/inc/generateReport.php:13
[12-Dec-2018 07:43:41 UTC] PHP Fatal error:  Call to undefined function startConnection() in /home/ubuntu/workspace/cst336/final_project/inc/functions.php on line 2
[12-Dec-2018 07:43:41 UTC] PHP Stack trace:
[12-Dec-2018 07:43:41 UTC] PHP   1. {main}() /home/ubuntu/workspace/cst336/final_project/inc/generateReport.php:0
[12-Dec-2018 07:43:41 UTC] PHP   2. include() /home/ubuntu/workspace/cst336/final_project/inc/generateReport.php:2
[12-Dec-2018 07:43:42 UTC] PHP Fatal error:  Call to undefined function startConnection() in /home/ubuntu/workspace/cst336/final_project/inc/functions.php on line 2
[12-Dec-2018 07:43:42 UTC] PHP Stack trace:
[12-Dec-2018 07:43:42 UTC] PHP   1. {main}() /home/ubuntu/workspace/cst336/final_project/inc/generateReport.php:0
[12-Dec-2018 07:43:42 UTC] PHP   2. include() /home/ubuntu/workspace/cst336/final_project/inc/generateReport.php:2
[12-Dec-2018 07:43:57 UTC] PHP Warning:  include(inc/dbConnection.php): failed to open stream: No such file or directory in /home/ubuntu/workspace/cst336/final_project/inc/functions.php on line 2
[12-Dec-2018 07:43:57 UTC] PHP Stack trace:
[12-Dec-2018 07:43:57 UTC] PHP   1. {main}() /home/ubuntu/workspace/cst336/final_project/inc/generateReport.php:0
[12-Dec-2018 07:43:57 UTC] PHP   2. include() /home/ubuntu/workspace/cst336/final_project/inc/generateReport.php:2
[12-Dec-2018 07:43:57 UTC] PHP Warning:  include(): Failed opening 'inc/dbConnection.php' for inclusion (include_path='.:/usr/share/php:/usr/share/pear') in /home/ubuntu/workspace/cst336/final_project/inc/functions.php on line 2
[12-Dec-2018 07:43:57 UTC] PHP Stack trace:
[12-Dec-2018 07:43:57 UTC] PHP   1. {main}() /home/ubuntu/workspace/cst336/final_project/inc/generateReport.php:0
[12-Dec-2018 07:43:57 UTC] PHP   2. include() /home/ubuntu/workspace/cst336/final_project/inc/generateReport.php:2
[12-Dec-2018 07:43:57 UTC] PHP Fatal error:  Call to undefined function startConnection() in /home/ubuntu/workspace/cst336/final_project/inc/functions.php on line 3
[12-Dec-2018 07:43:57 UTC] PHP Stack trace:
[12-Dec-2018 07:43:57 UTC] PHP   1. {main}() /home/ubuntu/workspace/cst336/final_project/inc/generateReport.php:0
[12-Dec-2018 07:43:57 UTC] PHP   2. include() /home/ubuntu/workspace/cst336/final_project/inc/generateReport.php:2
[12-Dec-2018 07:54:07 UTC] PHP Fatal error:  Cannot redeclare startConnection() (previously declared in /home/ubuntu/workspace/cst336/final_project/inc/dbConnection.php:3) in /home/ubuntu/workspace/cst336/final_project/inc/dbConnection.php on line 3
[12-Dec-2018 07:54:07 UTC] PHP Stack trace:
[12-Dec-2018 07:54:07 UTC] PHP   1. {main}() /home/ubuntu/workspace/cst336/final_project/inc/admin.php:0
[12-Dec-2018 07:54:07 UTC] PHP   2. include() /home/ubuntu/workspace/cst336/final_project/inc/admin.php:9
[12-Dec-2018 07:55:33 UTC] PHP Fatal error:  Cannot redeclare startConnection() (previously declared in /home/ubuntu/workspace/cst336/final_project/inc/dbConnection.php:3) in /home/ubuntu/workspace/cst336/final_project/inc/dbConnection.php on line 3
[12-Dec-2018 07:55:33 UTC] PHP Stack trace:
[12-Dec-2018 07:55:33 UTC] PHP   1. {main}() /home/ubuntu/workspace/cst336/final_project/inc/admin.php:0
[12-Dec-2018 07:55:33 UTC] PHP   2. include() /home/ubuntu/workspace/cst336/final_project/inc/admin.php:9
[12-Dec-2018 07:55:34 UTC] PHP Fatal error:  Cannot redeclare startConnection() (previously declared in /home/ubuntu/workspace/cst336/final_project/inc/dbConnection.php:3) in /home/ubuntu/workspace/cst336/final_project/inc/dbConnection.php on line 3
[12-Dec-2018 07:55:34 UTC] PHP Stack trace:
[12-Dec-2018 07:55:34 UTC] PHP   1. {main}() /home/ubuntu/workspace/cst336/final_project/inc/admin.php:0
[12-Dec-2018 07:55:34 UTC] PHP   2. include() /home/ubuntu/workspace/cst336/final_project/inc/admin.php:9
[12-Dec-2018 07:55:36 UTC] PHP Fatal error:  Cannot redeclare startConnection() (previously declared in /home/ubuntu/workspace/cst336/final_project/inc/dbConnection.php:3) in /home/ubuntu/workspace/cst336/final_project/inc/dbConnection.php on line 3
[12-Dec-2018 07:55:36 UTC] PHP Stack trace:
[12-Dec-2018 07:55:36 UTC] PHP   1. {main}() /home/ubuntu/workspace/cst336/final_project/inc/admin.php:0
[12-Dec-2018 07:55:36 UTC] PHP   2. include() /home/ubuntu/workspace/cst336/final_project/inc/admin.php:9
[12-Dec-2018 07:55:40 UTC] PHP Fatal error:  Cannot redeclare startConnection() (previously declared in /home/ubuntu/workspace/cst336/final_project/inc/dbConnection.php:3) in /home/ubuntu/workspace/cst336/final_project/inc/dbConnection.php on line 3
[12-Dec-2018 07:55:40 UTC] PHP Stack trace:
[12-Dec-2018 07:55:40 UTC] PHP   1. {main}() /home/ubuntu/workspace/cst336/final_project/inc/admin.php:0
[12-Dec-2018 07:55:40 UTC] PHP   2. include() /home/ubuntu/workspace/cst336/final_project/inc/admin.php:9
[12-Dec-2018 07:55:42 UTC] PHP Fatal error:  Cannot redeclare startConnection() (previously declared in /home/ubuntu/workspace/cst336/final_project/inc/dbConnection.php:3) in /home/ubuntu/workspace/cst336/final_project/inc/dbConnection.php on line 3
[12-Dec-2018 07:55:42 UTC] PHP Stack trace:
[12-Dec-2018 07:55:42 UTC] PHP   1. {main}() /home/ubuntu/workspace/cst336/final_project/inc/admin.php:0
[12-Dec-2018 07:55:42 UTC] PHP   2. include() /home/ubuntu/workspace/cst336/final_project/inc/admin.php:9
[12-Dec-2018 07:55:45 UTC] PHP Fatal error:  Cannot redeclare startConnection() (previously declared in /home/ubuntu/workspace/cst336/final_project/inc/dbConnection.php:3) in /home/ubuntu/workspace/cst336/final_project/inc/dbConnection.php on line 3
[12-Dec-2018 07:55:45 UTC] PHP Stack trace:
[12-Dec-2018 07:55:45 UTC] PHP   1. {main}() /home/ubuntu/workspace/cst336/final_project/inc/admin.php:0
[12-Dec-2018 07:55:45 UTC] PHP   2. include() /home/ubuntu/workspace/cst336/final_project/inc/admin.php:9
[12-Dec-2018 07:56:23 UTC] PHP Fatal error:  Cannot redeclare startConnection() (previously declared in /home/ubuntu/workspace/cst336/final_project/inc/dbConnection.php:3) in /home/ubuntu/workspace/cst336/final_project/inc/dbConnection.php on line 3
[12-Dec-2018 07:56:23 UTC] PHP Stack trace:
[12-Dec-2018 07:56:23 UTC] PHP   1. {main}() /home/ubuntu/workspace/cst336/final_project/inc/admin.php:0
[12-Dec-2018 07:56:23 UTC] PHP   2. include() /home/ubuntu/workspace/cst336/final_project/inc/admin.php:9
[12-Dec-2018 07:56:23 UTC] PHP Fatal error:  Cannot redeclare startConnection() (previously declared in /home/ubuntu/workspace/cst336/final_project/inc/dbConnection.php:3) in /home/ubuntu/workspace/cst336/final_project/inc/dbConnection.php on line 3
[12-Dec-2018 07:56:23 UTC] PHP Stack trace:
[12-Dec-2018 07:56:23 UTC] PHP   1. {main}() /home/ubuntu/workspace/cst336/final_project/inc/admin.php:0
[12-Dec-2018 07:56:23 UTC] PHP   2. include() /home/ubuntu/workspace/cst336/final_project/inc/admin.php:9
[12-Dec-2018 07:56:24 UTC] PHP Fatal error:  Cannot redeclare startConnection() (previously declared in /home/ubuntu/workspace/cst336/final_project/inc/dbConnection.php:3) in /home/ubuntu/workspace/cst336/final_project/inc/dbConnection.php on line 3
[12-Dec-2018 07:56:24 UTC] PHP Stack trace:
[12-Dec-2018 07:56:24 UTC] PHP   1. {main}() /home/ubuntu/workspace/cst336/final_project/inc/admin.php:0
[12-Dec-2018 07:56:24 UTC] PHP   2. include() /home/ubuntu/workspace/cst336/final_project/inc/admin.php:9
[12-Dec-2018 07:56:24 UTC] PHP Fatal error:  Cannot redeclare startConnection() (previously declared in /home/ubuntu/workspace/cst336/final_project/inc/dbConnection.php:3) in /home/ubuntu/workspace/cst336/final_project/inc/dbConnection.php on line 3
[12-Dec-2018 07:56:24 UTC] PHP Stack trace:
[12-Dec-2018 07:56:24 UTC] PHP   1. {main}() /home/ubuntu/workspace/cst336/final_project/inc/admin.php:0
[12-Dec-2018 07:56:24 UTC] PHP   2. include() /home/ubuntu/workspace/cst336/final_project/inc/admin.php:9
[12-Dec-2018 07:56:24 UTC] PHP Fatal error:  Cannot redeclare startConnection() (previously declared in /home/ubuntu/workspace/cst336/final_project/inc/dbConnection.php:3) in /home/ubuntu/workspace/cst336/final_project/inc/dbConnection.php on line 3
[12-Dec-2018 07:56:24 UTC] PHP Stack trace:
[12-Dec-2018 07:56:24 UTC] PHP   1. {main}() /home/ubuntu/workspace/cst336/final_project/inc/admin.php:0
[12-Dec-2018 07:56:24 UTC] PHP   2. include() /home/ubuntu/workspace/cst336/final_project/inc/admin.php:9
[12-Dec-2018 07:56:25 UTC] PHP Fatal error:  Cannot redeclare startConnection() (previously declared in /home/ubuntu/workspace/cst336/final_project/inc/dbConnection.php:3) in /home/ubuntu/workspace/cst336/final_project/inc/dbConnection.php on line 3
[12-Dec-2018 07:56:25 UTC] PHP Stack trace:
[12-Dec-2018 07:56:25 UTC] PHP   1. {main}() /home/ubuntu/workspace/cst336/final_project/inc/admin.php:0
[12-Dec-2018 07:56:25 UTC] PHP   2. include() /home/ubuntu/workspace/cst336/final_project/inc/admin.php:9
[12-Dec-2018 07:56:25 UTC] PHP Fatal error:  Cannot redeclare startConnection() (previously declared in /home/ubuntu/workspace/cst336/final_project/inc/dbConnection.php:3) in /home/ubuntu/workspace/cst336/final_project/inc/dbConnection.php on line 3
[12-Dec-2018 07:56:25 UTC] PHP Stack trace:
[12-Dec-2018 07:56:25 UTC] PHP   1. {main}() /home/ubuntu/workspace/cst336/final_project/inc/admin.php:0
[12-Dec-2018 07:56:25 UTC] PHP   2. include() /home/ubuntu/workspace/cst336/final_project/inc/admin.php:9
[12-Dec-2018 07:56:25 UTC] PHP Fatal error:  Cannot redeclare startConnection() (previously declared in /home/ubuntu/workspace/cst336/final_project/inc/dbConnection.php:3) in /home/ubuntu/workspace/cst336/final_project/inc/dbConnection.php on line 3
[12-Dec-2018 07:56:25 UTC] PHP Stack trace:
[12-Dec-2018 07:56:25 UTC] PHP   1. {main}() /home/ubuntu/workspace/cst336/final_project/inc/admin.php:0
[12-Dec-2018 07:56:25 UTC] PHP   2. include() /home/ubuntu/workspace/cst336/final_project/inc/admin.php:9
[12-Dec-2018 07:56:26 UTC] PHP Fatal error:  Cannot redeclare startConnection() (previously declared in /home/ubuntu/workspace/cst336/final_project/inc/dbConnection.php:3) in /home/ubuntu/workspace/cst336/final_project/inc/dbConnection.php on line 3
[12-Dec-2018 07:56:26 UTC] PHP Stack trace:
[12-Dec-2018 07:56:26 UTC] PHP   1. {main}() /home/ubuntu/workspace/cst336/final_project/inc/admin.php:0
[12-Dec-2018 07:56:26 UTC] PHP   2. include() /home/ubuntu/workspace/cst336/final_project/inc/admin.php:9
[12-Dec-2018 07:56:34 UTC] PHP Fatal error:  Cannot redeclare startConnection() (previously declared in /home/ubuntu/workspace/cst336/final_project/inc/dbConnection.php:3) in /home/ubuntu/workspace/cst336/final_project/inc/dbConnection.php on line 3
[12-Dec-2018 07:56:34 UTC] PHP Stack trace:
[12-Dec-2018 07:56:34 UTC] PHP   1. {main}() /home/ubuntu/workspace/cst336/final_project/inc/admin.php:0
[12-Dec-2018 07:56:34 UTC] PHP   2. include() /home/ubuntu/workspace/cst336/final_project/inc/admin.php:9
[12-Dec-2018 07:56:34 UTC] PHP Fatal error:  Cannot redeclare startConnection() (previously declared in /home/ubuntu/workspace/cst336/final_project/inc/dbConnection.php:3) in /home/ubuntu/workspace/cst336/final_project/inc/dbConnection.php on line 3
[12-Dec-2018 07:56:34 UTC] PHP Stack trace:
[12-Dec-2018 07:56:34 UTC] PHP   1. {main}() /home/ubuntu/workspace/cst336/final_project/inc/admin.php:0
[12-Dec-2018 07:56:34 UTC] PHP   2. include() /home/ubuntu/workspace/cst336/final_project/inc/admin.php:9
[12-Dec-2018 07:57:21 UTC] PHP Fatal error:  Cannot redeclare startConnection() (previously declared in /home/ubuntu/workspace/cst336/final_project/inc/dbConnection.php:3) in /home/ubuntu/workspace/cst336/final_project/inc/dbConnection.php on line 3
[12-Dec-2018 07:57:21 UTC] PHP Stack trace:
[12-Dec-2018 07:57:21 UTC] PHP   1. {main}() /home/ubuntu/workspace/cst336/final_project/inc/admin.php:0
[12-Dec-2018 07:57:21 UTC] PHP   2. include() /home/ubuntu/workspace/cst336/final_project/inc/admin.php:7
[12-Dec-2018 07:57:21 UTC] PHP Fatal error:  Cannot redeclare startConnection() (previously declared in /home/ubuntu/workspace/cst336/final_project/inc/dbConnection.php:3) in /home/ubuntu/workspace/cst336/final_project/inc/dbConnection.php on line 3
[12-Dec-2018 07:57:21 UTC] PHP Stack trace:
[12-Dec-2018 07:57:21 UTC] PHP   1. {main}() /home/ubuntu/workspace/cst336/final_project/inc/admin.php:0
[12-Dec-2018 07:57:21 UTC] PHP   2. include() /home/ubuntu/workspace/cst336/final_project/inc/admin.php:7
[12-Dec-2018 10:08:00 UTC] PHP Fatal error:  Uncaught exception 'PDOException' with message 'SQLSTATE[23000]: Integrity constraint violation: 1048 Column 'brandId' cannot be null' in /home/ubuntu/workspace/cst336/final_project/inc/addProduct.php:28
Stack trace:
#0 /home/ubuntu/workspace/cst336/final_project/inc/addProduct.php(28): PDOStatement->execute(Array)
#1 {main}
  thrown in /home/ubuntu/workspace/cst336/final_project/inc/addProduct.php on line 28
[12-Dec-2018 10:12:05 UTC] PHP Fatal error:  Uncaught exception 'PDOException' with message 'SQLSTATE[HY093]: Invalid parameter number: parameter was not defined' in /home/ubuntu/workspace/cst336/final_project/inc/updateProduct.php:37
Stack trace:
#0 /home/ubuntu/workspace/cst336/final_project/inc/updateProduct.php(37): PDOStatement->execute(Array)
#1 {main}
  thrown in /home/ubuntu/workspace/cst336/final_project/inc/updateProduct.php on line 37
[12-Dec-2018 10:13:38 UTC] PHP Fatal error:  Uncaught exception 'PDOException' with message 'SQLSTATE[42S22]: Column not found: 1054 Unknown column 'catId' in 'field list'' in /home/ubuntu/workspace/cst336/final_project/inc/updateProduct.php:37
Stack trace:
#0 /home/ubuntu/workspace/cst336/final_project/inc/updateProduct.php(37): PDOStatement->execute(Array)
#1 {main}
  thrown in /home/ubuntu/workspace/cst336/final_project/inc/updateProduct.php on line 37
[12-Dec-2018 10:16:28 UTC] PHP Fatal error:  Call to a member function prepare() on a non-object in /home/ubuntu/workspace/cst336/final_project/inc/updateProduct.php on line 36
[12-Dec-2018 10:16:28 UTC] PHP Stack trace:
[12-Dec-2018 10:16:28 UTC] PHP   1. {main}() /home/ubuntu/workspace/cst336/final_project/inc/updateProduct.php:0
[12-Dec-2018 10:16:28 UTC] PHP   2. updateItems() /home/ubuntu/workspace/cst336/final_project/inc/updateProduct.php:52
[12-Dec-2018 10:16:30 UTC] PHP Fatal error:  Call to a member function prepare() on a non-object in /home/ubuntu/workspace/cst336/final_project/inc/updateProduct.php on line 36
[12-Dec-2018 10:16:30 UTC] PHP Stack trace:
[12-Dec-2018 10:16:30 UTC] PHP   1. {main}() /home/ubuntu/workspace/cst336/final_project/inc/updateProduct.php:0
[12-Dec-2018 10:16:30 UTC] PHP   2. updateItems() /home/ubuntu/workspace/cst336/final_project/inc/updateProduct.php:52
[12-Dec-2018 19:54:38 UTC] PHP Fatal error:  Call to undefined function averagePrice() in /home/ubuntu/workspace/cst336/final_project/inc/generateReport.php on line 25
[12-Dec-2018 19:54:38 UTC] PHP Stack trace:
[12-Dec-2018 19:54:38 UTC] PHP   1. {main}() /home/ubuntu/workspace/cst336/final_project/inc/generateReport.php:0
